<?xml version="1.0" encoding="UTF-8"?>
<coverage generated="1768004586937" clover="3.2.0">
  <project timestamp="1768004586937" name="All files">
    <metrics statements="952" coveredstatements="0" conditionals="716" coveredconditionals="0" methods="124" coveredmethods="0" elements="1792" coveredelements="0" complexity="0" loc="952" ncloc="952" packages="1" files="2" classes="2"/>
    <file name="admin.js" path="/home/runner/work/bus-site/bus-site/admin.js">
      <metrics statements="556" coveredstatements="0" conditionals="452" coveredconditionals="0" methods="75" coveredmethods="0"/>
      <line num="5" count="0" type="stmt"/>
      <line num="6" count="0" type="stmt"/>
      <line num="7" count="0" type="stmt"/>
      <line num="10" count="0" type="stmt"/>
      <line num="11" count="0" type="stmt"/>
      <line num="14" count="0" type="stmt"/>
      <line num="17" count="0" type="stmt"/>
      <line num="26" count="0" type="stmt"/>
      <line num="27" count="0" type="stmt"/>
      <line num="28" count="0" type="stmt"/>
      <line num="35" count="0" type="stmt"/>
      <line num="37" count="0" type="cond" truecount="0" falsecount="2"/>
      <line num="38" count="0" type="stmt"/>
      <line num="39" count="0" type="stmt"/>
      <line num="41" count="0" type="stmt"/>
      <line num="49" count="0" type="stmt"/>
      <line num="50" count="0" type="cond" truecount="0" falsecount="2"/>
      <line num="51" count="0" type="stmt"/>
      <line num="59" count="0" type="stmt"/>
      <line num="60" count="0" type="stmt"/>
      <line num="61" count="0" type="stmt"/>
      <line num="64" count="0" type="cond" truecount="0" falsecount="2"/>
      <line num="65" count="0" type="stmt"/>
      <line num="66" count="0" type="stmt"/>
      <line num="67" count="0" type="stmt"/>
      <line num="68" count="0" type="stmt"/>
      <line num="70" count="0" type="stmt"/>
      <line num="71" count="0" type="stmt"/>
      <line num="79" count="0" type="stmt"/>
      <line num="80" count="0" type="stmt"/>
      <line num="87" count="0" type="stmt"/>
      <line num="88" count="0" type="stmt"/>
      <line num="95" count="0" type="stmt"/>
      <line num="96" count="0" type="stmt"/>
      <line num="97" count="0" type="stmt"/>
      <line num="104" count="0" type="stmt"/>
      <line num="105" count="0" type="cond" truecount="0" falsecount="2"/>
      <line num="107" count="0" type="cond" truecount="0" falsecount="4"/>
      <line num="108" count="0" type="stmt"/>
      <line num="109" count="0" type="stmt"/>
      <line num="110" count="0" type="stmt"/>
      <line num="111" count="0" type="stmt"/>
      <line num="113" count="0" type="stmt"/>
      <line num="128" count="0" type="cond" truecount="0" falsecount="5"/>
      <line num="129" count="0" type="stmt"/>
      <line num="131" count="0" type="cond" truecount="0" falsecount="5"/>
      <line num="132" count="0" type="stmt"/>
      <line num="134" count="0" type="cond" truecount="0" falsecount="5"/>
      <line num="135" count="0" type="stmt"/>
      <line num="138" count="0" type="stmt"/>
      <line num="140" count="0" type="stmt"/>
      <line num="142" count="0" type="stmt"/>
      <line num="149" count="0" type="stmt"/>
      <line num="150" count="0" type="cond" truecount="0" falsecount="2"/>
      <line num="152" count="0" type="cond" truecount="0" falsecount="2"/>
      <line num="153" count="0" type="stmt"/>
      <line num="157" count="0" type="stmt"/>
      <line num="159" count="0" type="stmt"/>
      <line num="161" count="0" type="stmt"/>
      <line num="165" count="0" type="cond" truecount="0" falsecount="2"/>
      <line num="167" count="0" type="cond" truecount="0" falsecount="2"/>
      <line num="168" count="0" type="stmt"/>
      <line num="169" count="0" type="stmt"/>
      <line num="171" count="0" type="stmt"/>
      <line num="174" count="0" type="stmt"/>
      <line num="176" count="0" type="cond" truecount="0" falsecount="4"/>
      <line num="178" count="0" type="stmt"/>
      <line num="186" count="0" type="stmt"/>
      <line num="187" count="0" type="stmt"/>
      <line num="188" count="0" type="stmt"/>
      <line num="189" count="0" type="stmt"/>
      <line num="209" count="0" type="stmt"/>
      <line num="211" count="0" type="stmt"/>
      <line num="212" count="0" type="stmt"/>
      <line num="224" count="0" type="cond" truecount="0" falsecount="2"/>
      <line num="231" count="0" type="stmt"/>
      <line num="233" count="0" type="stmt"/>
      <line num="234" count="0" type="stmt"/>
      <line num="236" count="0" type="cond" truecount="0" falsecount="2"/>
      <line num="238" count="0" type="stmt"/>
      <line num="241" count="0" type="stmt"/>
      <line num="249" count="0" type="stmt"/>
      <line num="253" count="0" type="cond" truecount="0" falsecount="4"/>
      <line num="254" count="0" type="stmt"/>
      <line num="255" count="0" type="stmt"/>
      <line num="258" count="0" type="cond" truecount="0" falsecount="4"/>
      <line num="259" count="0" type="stmt"/>
      <line num="260" count="0" type="stmt"/>
      <line num="262" count="0" type="stmt"/>
      <line num="264" count="0" type="stmt"/>
      <line num="269" count="0" type="stmt"/>
      <line num="272" count="0" type="cond" truecount="0" falsecount="2"/>
      <line num="273" count="0" type="stmt"/>
      <line num="274" count="0" type="stmt"/>
      <line num="275" count="0" type="stmt"/>
      <line num="279" count="0" type="stmt"/>
      <line num="282" count="0" type="stmt"/>
      <line num="285" count="0" type="stmt"/>
      <line num="286" count="0" type="stmt"/>
      <line num="288" count="0" type="stmt"/>
      <line num="289" count="0" type="stmt"/>
      <line num="297" count="0" type="stmt"/>
      <line num="309" count="0" type="cond" truecount="0" falsecount="2"/>
      <line num="310" count="0" type="stmt"/>
      <line num="323" count="0" type="stmt"/>
      <line num="324" count="0" type="stmt"/>
      <line num="325" count="0" type="stmt"/>
      <line num="333" count="0" type="stmt"/>
      <line num="337" count="0" type="stmt"/>
      <line num="340" count="0" type="cond" truecount="0" falsecount="2"/>
      <line num="341" count="0" type="stmt"/>
      <line num="342" count="0" type="cond" truecount="0" falsecount="2"/>
      <line num="343" count="0" type="stmt"/>
      <line num="344" count="0" type="cond" truecount="0" falsecount="2"/>
      <line num="346" count="0" type="stmt"/>
      <line num="348" count="0" type="stmt"/>
      <line num="353" count="0" type="stmt"/>
      <line num="402" count="0" type="stmt"/>
      <line num="403" count="0" type="cond" truecount="0" falsecount="2"/>
      <line num="405" count="0" type="cond" truecount="0" falsecount="4"/>
      <line num="406" count="0" type="stmt"/>
      <line num="409" count="0" type="cond" truecount="0" falsecount="2"/>
      <line num="410" count="0" type="stmt"/>
      <line num="414" count="0" type="cond" truecount="0" falsecount="2"/>
      <line num="415" count="0" type="stmt"/>
      <line num="417" count="0" type="stmt"/>
      <line num="419" count="0" type="stmt"/>
      <line num="423" count="0" type="cond" truecount="0" falsecount="2"/>
      <line num="424" count="0" type="cond" truecount="0" falsecount="2"/>
      <line num="426" count="0" type="stmt"/>
      <line num="427" count="0" type="stmt"/>
      <line num="428" count="0" type="stmt"/>
      <line num="433" count="0" type="cond" truecount="0" falsecount="2"/>
      <line num="434" count="0" type="stmt"/>
      <line num="437" count="0" type="cond" truecount="0" falsecount="5"/>
      <line num="440" count="0" type="stmt"/>
      <line num="447" count="0" type="cond" truecount="0" falsecount="5"/>
      <line num="450" count="0" type="stmt"/>
      <line num="455" count="0" type="cond" truecount="0" falsecount="4"/>
      <line num="457" count="0" type="stmt"/>
      <line num="466" count="0" type="stmt"/>
      <line num="475" count="0" type="cond" truecount="0" falsecount="2"/>
      <line num="478" count="0" type="stmt"/>
      <line num="479" count="0" type="cond" truecount="0" falsecount="2"/>
      <line num="480" count="0" type="stmt"/>
      <line num="486" count="0" type="cond" truecount="0" falsecount="2"/>
      <line num="487" count="0" type="stmt"/>
      <line num="488" count="0" type="stmt"/>
      <line num="489" count="0" type="stmt"/>
      <line num="493" count="0" type="cond" truecount="0" falsecount="2"/>
      <line num="497" count="0" type="stmt"/>
      <line num="501" count="0" type="stmt"/>
      <line num="503" count="0" type="cond" truecount="0" falsecount="4"/>
      <line num="505" count="0" type="stmt"/>
      <line num="509" count="0" type="stmt"/>
      <line num="511" count="0" type="stmt"/>
      <line num="512" count="0" type="stmt"/>
      <line num="520" count="0" type="stmt"/>
      <line num="521" count="0" type="stmt"/>
      <line num="524" count="0" type="stmt"/>
      <line num="525" count="0" type="stmt"/>
      <line num="527" count="0" type="stmt"/>
      <line num="529" count="0" type="cond" truecount="0" falsecount="2"/>
      <line num="532" count="0" type="cond" truecount="0" falsecount="2"/>
      <line num="533" count="0" type="stmt"/>
      <line num="535" count="0" type="stmt"/>
      <line num="550" count="0" type="stmt"/>
      <line num="552" count="0" type="stmt"/>
      <line num="557" count="0" type="stmt"/>
      <line num="565" count="0" type="cond" truecount="0" falsecount="4"/>
      <line num="567" count="0" type="stmt"/>
      <line num="568" count="0" type="stmt"/>
      <line num="570" count="0" type="stmt"/>
      <line num="571" count="0" type="stmt"/>
      <line num="572" count="0" type="cond" truecount="0" falsecount="2"/>
      <line num="574" count="0" type="stmt"/>
      <line num="576" count="0" type="stmt"/>
      <line num="577" count="0" type="stmt"/>
      <line num="578" count="0" type="stmt"/>
      <line num="579" count="0" type="stmt"/>
      <line num="581" count="0" type="cond" truecount="0" falsecount="4"/>
      <line num="583" count="0" type="stmt"/>
      <line num="593" count="0" type="stmt"/>
      <line num="594" count="0" type="stmt"/>
      <line num="595" count="0" type="cond" truecount="0" falsecount="2"/>
      <line num="596" count="0" type="stmt"/>
      <line num="597" count="0" type="cond" truecount="0" falsecount="2"/>
      <line num="598" count="0" type="stmt"/>
      <line num="599" count="0" type="cond" truecount="0" falsecount="2"/>
      <line num="603" count="0" type="cond" truecount="0" falsecount="4"/>
      <line num="604" count="0" type="stmt"/>
      <line num="607" count="0" type="stmt"/>
      <line num="611" count="0" type="stmt"/>
      <line num="619" count="0" type="cond" truecount="0" falsecount="4"/>
      <line num="620" count="0" type="stmt"/>
      <line num="623" count="0" type="stmt"/>
      <line num="624" count="0" type="stmt"/>
      <line num="625" count="0" type="stmt"/>
      <line num="626" count="0" type="cond" truecount="0" falsecount="2"/>
      <line num="629" count="0" type="stmt"/>
      <line num="631" count="0" type="stmt"/>
      <line num="633" count="0" type="stmt"/>
      <line num="634" count="0" type="stmt"/>
      <line num="642" count="0" type="stmt"/>
      <line num="652" count="0" type="stmt"/>
      <line num="654" count="0" type="stmt"/>
      <line num="655" count="0" type="stmt"/>
      <line num="656" count="0" type="stmt"/>
      <line num="657" count="0" type="stmt"/>
      <line num="659" count="0" type="cond" truecount="0" falsecount="2"/>
      <line num="660" count="0" type="stmt"/>
      <line num="662" count="0" type="cond" truecount="0" falsecount="2"/>
      <line num="663" count="0" type="stmt"/>
      <line num="665" count="0" type="cond" truecount="0" falsecount="2"/>
      <line num="666" count="0" type="stmt"/>
      <line num="668" count="0" type="cond" truecount="0" falsecount="2"/>
      <line num="669" count="0" type="stmt"/>
      <line num="673" count="0" type="stmt"/>
      <line num="675" count="0" type="stmt"/>
      <line num="676" count="0" type="stmt"/>
      <line num="693" count="0" type="stmt"/>
      <line num="696" count="0" type="stmt"/>
      <line num="699" count="0" type="stmt"/>
      <line num="707" count="0" type="stmt"/>
      <line num="709" count="0" type="stmt"/>
      <line num="710" count="0" type="stmt"/>
      <line num="711" count="0" type="stmt"/>
      <line num="719" count="0" type="cond" truecount="0" falsecount="2"/>
      <line num="721" count="0" type="cond" truecount="0" falsecount="4"/>
      <line num="725" count="0" type="stmt"/>
      <line num="726" count="0" type="cond" truecount="0" falsecount="2"/>
      <line num="731" count="0" type="stmt"/>
      <line num="732" count="0" type="cond" truecount="0" falsecount="2"/>
      <line num="733" count="0" type="stmt"/>
      <line num="734" count="0" type="cond" truecount="0" falsecount="4"/>
      <line num="735" count="0" type="cond" truecount="0" falsecount="4"/>
      <line num="736" count="0" type="cond" truecount="0" falsecount="2"/>
      <line num="737" count="0" type="stmt"/>
      <line num="741" count="0" type="stmt"/>
      <line num="778" count="0" type="stmt"/>
      <line num="785" count="0" type="stmt"/>
      <line num="791" count="0" type="cond" truecount="0" falsecount="2"/>
      <line num="798" count="0" type="stmt"/>
      <line num="801" count="0" type="stmt"/>
      <line num="802" count="0" type="stmt"/>
      <line num="803" count="0" type="stmt"/>
      <line num="804" count="0" type="cond" truecount="0" falsecount="2"/>
      <line num="809" count="0" type="stmt"/>
      <line num="810" count="0" type="cond" truecount="0" falsecount="2"/>
      <line num="811" count="0" type="cond" truecount="0" falsecount="2"/>
      <line num="812" count="0" type="cond" truecount="0" falsecount="2"/>
      <line num="815" count="0" type="cond" truecount="0" falsecount="2"/>
      <line num="818" count="0" type="stmt"/>
      <line num="819" count="0" type="cond" truecount="0" falsecount="5"/>
      <line num="820" count="0" type="stmt"/>
      <line num="822" count="0" type="stmt"/>
      <line num="826" count="0" type="stmt"/>
      <line num="827" count="0" type="cond" truecount="0" falsecount="5"/>
      <line num="828" count="0" type="stmt"/>
      <line num="830" count="0" type="stmt"/>
      <line num="833" count="0" type="stmt"/>
      <line num="834" count="0" type="stmt"/>
      <line num="835" count="0" type="stmt"/>
      <line num="836" count="0" type="stmt"/>
      <line num="837" count="0" type="stmt"/>
      <line num="838" count="0" type="stmt"/>
      <line num="839" count="0" type="stmt"/>
      <line num="840" count="0" type="stmt"/>
      <line num="841" count="0" type="stmt"/>
      <line num="848" count="0" type="stmt"/>
      <line num="850" count="0" type="cond" truecount="0" falsecount="2"/>
      <line num="853" count="0" type="stmt"/>
      <line num="855" count="0" type="stmt"/>
      <line num="856" count="0" type="stmt"/>
      <line num="857" count="0" type="stmt"/>
      <line num="859" count="0" type="stmt"/>
      <line num="862" count="0" type="stmt"/>
      <line num="863" count="0" type="stmt"/>
      <line num="865" count="0" type="stmt"/>
      <line num="868" count="0" type="cond" truecount="0" falsecount="5"/>
      <line num="869" count="0" type="stmt"/>
      <line num="877" count="0" type="stmt"/>
      <line num="878" count="0" type="stmt"/>
      <line num="886" count="0" type="stmt"/>
      <line num="925" count="0" type="stmt"/>
      <line num="934" count="0" type="cond" truecount="0" falsecount="4"/>
      <line num="935" count="0" type="stmt"/>
      <line num="943" count="0" type="stmt"/>
      <line num="946" count="0" type="cond" truecount="0" falsecount="2"/>
      <line num="947" count="0" type="stmt"/>
      <line num="948" count="0" type="stmt"/>
      <line num="949" count="0" type="stmt"/>
      <line num="950" count="0" type="stmt"/>
      <line num="951" count="0" type="stmt"/>
      <line num="953" count="0" type="stmt"/>
      <line num="979" count="0" type="stmt"/>
      <line num="984" count="0" type="stmt"/>
      <line num="985" count="0" type="stmt"/>
      <line num="986" count="0" type="cond" truecount="0" falsecount="2"/>
      <line num="987" count="0" type="cond" truecount="0" falsecount="2"/>
      <line num="988" count="0" type="cond" truecount="0" falsecount="2"/>
      <line num="989" count="0" type="cond" truecount="0" falsecount="2"/>
      <line num="990" count="0" type="cond" truecount="0" falsecount="2"/>
      <line num="991" count="0" type="cond" truecount="0" falsecount="2"/>
      <line num="993" count="0" type="stmt"/>
      <line num="1021" count="0" type="stmt"/>
      <line num="1029" count="0" type="stmt"/>
      <line num="1032" count="0" type="stmt"/>
      <line num="1035" count="0" type="stmt"/>
      <line num="1037" count="0" type="stmt"/>
      <line num="1044" count="0" type="stmt"/>
      <line num="1047" count="0" type="cond" truecount="0" falsecount="2"/>
      <line num="1048" count="0" type="stmt"/>
      <line num="1052" count="0" type="cond" truecount="0" falsecount="2"/>
      <line num="1053" count="0" type="stmt"/>
      <line num="1057" count="0" type="cond" truecount="0" falsecount="4"/>
      <line num="1058" count="0" type="stmt"/>
      <line num="1062" count="0" type="cond" truecount="0" falsecount="4"/>
      <line num="1063" count="0" type="stmt"/>
      <line num="1067" count="0" type="stmt"/>
      <line num="1068" count="0" type="stmt"/>
      <line num="1069" count="0" type="cond" truecount="0" falsecount="2"/>
      <line num="1070" count="0" type="stmt"/>
      <line num="1073" count="0" type="cond" truecount="0" falsecount="2"/>
      <line num="1074" count="0" type="stmt"/>
      <line num="1077" count="0" type="stmt"/>
      <line num="1083" count="0" type="stmt"/>
      <line num="1084" count="0" type="stmt"/>
      <line num="1087" count="0" type="stmt"/>
      <line num="1092" count="0" type="stmt"/>
      <line num="1099" count="0" type="cond" truecount="0" falsecount="2"/>
      <line num="1100" count="0" type="cond" truecount="0" falsecount="2"/>
      <line num="1101" count="0" type="cond" truecount="0" falsecount="2"/>
      <line num="1104" count="0" type="stmt"/>
      <line num="1105" count="0" type="cond" truecount="0" falsecount="2"/>
      <line num="1107" count="0" type="stmt"/>
      <line num="1113" count="0" type="cond" truecount="0" falsecount="2"/>
      <line num="1114" count="0" type="stmt"/>
      <line num="1115" count="0" type="stmt"/>
      <line num="1121" count="0" type="cond" truecount="0" falsecount="2"/>
      <line num="1123" count="0" type="stmt"/>
      <line num="1151" count="0" type="cond" truecount="0" falsecount="2"/>
      <line num="1153" count="0" type="stmt"/>
      <line num="1185" count="0" type="cond" truecount="0" falsecount="2"/>
      <line num="1187" count="0" type="stmt"/>
      <line num="1239" count="0" type="stmt"/>
      <line num="1246" count="0" type="stmt"/>
      <line num="1250" count="0" type="stmt"/>
      <line num="1258" count="0" type="stmt"/>
      <line num="1261" count="0" type="stmt"/>
      <line num="1263" count="0" type="stmt"/>
      <line num="1264" count="0" type="stmt"/>
      <line num="1265" count="0" type="stmt"/>
      <line num="1266" count="0" type="stmt"/>
      <line num="1270" count="0" type="stmt"/>
      <line num="1277" count="0" type="cond" truecount="0" falsecount="2"/>
      <line num="1280" count="0" type="stmt"/>
      <line num="1281" count="0" type="stmt"/>
      <line num="1282" count="0" type="cond" truecount="0" falsecount="2"/>
      <line num="1285" count="0" type="stmt"/>
      <line num="1290" count="0" type="stmt"/>
      <line num="1291" count="0" type="stmt"/>
      <line num="1297" count="0" type="stmt"/>
      <line num="1302" count="0" type="stmt"/>
      <line num="1309" count="0" type="stmt"/>
      <line num="1310" count="0" type="cond" truecount="0" falsecount="2"/>
      <line num="1311" count="0" type="stmt"/>
      <line num="1313" count="0" type="stmt"/>
      <line num="1315" count="0" type="stmt"/>
      <line num="1325" count="0" type="stmt"/>
      <line num="1326" count="0" type="stmt"/>
      <line num="1327" count="0" type="stmt"/>
      <line num="1329" count="0" type="stmt"/>
      <line num="1330" count="0" type="stmt"/>
      <line num="1331" count="0" type="cond" truecount="0" falsecount="2"/>
      <line num="1332" count="0" type="stmt"/>
      <line num="1338" count="0" type="stmt"/>
      <line num="1339" count="0" type="stmt"/>
      <line num="1351" count="0" type="stmt"/>
      <line num="1363" count="0" type="stmt"/>
      <line num="1366" count="0" type="stmt"/>
      <line num="1369" count="0" type="cond" truecount="0" falsecount="2"/>
      <line num="1370" count="0" type="stmt"/>
      <line num="1371" count="0" type="stmt"/>
      <line num="1376" count="0" type="stmt"/>
      <line num="1377" count="0" type="stmt"/>
      <line num="1379" count="0" type="stmt"/>
      <line num="1380" count="0" type="stmt"/>
      <line num="1383" count="0" type="stmt"/>
      <line num="1385" count="0" type="cond" truecount="0" falsecount="2"/>
      <line num="1386" count="0" type="cond" truecount="0" falsecount="2"/>
      <line num="1389" count="0" type="stmt"/>
      <line num="1390" count="0" type="stmt"/>
      <line num="1397" count="0" type="cond" truecount="0" falsecount="4"/>
      <line num="1398" count="0" type="stmt"/>
      <line num="1399" count="0" type="stmt"/>
      <line num="1402" count="0" type="cond" truecount="0" falsecount="2"/>
      <line num="1403" count="0" type="stmt"/>
      <line num="1404" count="0" type="stmt"/>
      <line num="1407" count="0" type="stmt"/>
      <line num="1408" count="0" type="stmt"/>
      <line num="1412" count="0" type="stmt"/>
      <line num="1418" count="0" type="stmt"/>
      <line num="1427" count="0" type="stmt"/>
      <line num="1428" count="0" type="stmt"/>
      <line num="1431" count="0" type="stmt"/>
      <line num="1432" count="0" type="stmt"/>
      <line num="1441" count="0" type="stmt"/>
      <line num="1442" count="0" type="cond" truecount="0" falsecount="2"/>
      <line num="1443" count="0" type="stmt"/>
      <line num="1444" count="0" type="stmt"/>
      <line num="1445" count="0" type="stmt"/>
      <line num="1456" count="0" type="stmt"/>
      <line num="1460" count="0" type="stmt"/>
      <line num="1467" count="0" type="cond" truecount="0" falsecount="2"/>
      <line num="1468" count="0" type="stmt"/>
      <line num="1469" count="0" type="stmt"/>
      <line num="1470" count="0" type="stmt"/>
      <line num="1471" count="0" type="stmt"/>
      <line num="1472" count="0" type="stmt"/>
      <line num="1475" count="0" type="cond" truecount="0" falsecount="4"/>
      <line num="1476" count="0" type="stmt"/>
      <line num="1477" count="0" type="stmt"/>
      <line num="1485" count="0" type="stmt"/>
      <line num="1492" count="0" type="stmt"/>
      <line num="1494" count="0" type="cond" truecount="0" falsecount="2"/>
      <line num="1495" count="0" type="stmt"/>
      <line num="1496" count="0" type="stmt"/>
      <line num="1499" count="0" type="cond" truecount="0" falsecount="2"/>
      <line num="1500" count="0" type="cond" truecount="0" falsecount="2"/>
      <line num="1502" count="0" type="cond" truecount="0" falsecount="2"/>
      <line num="1503" count="0" type="stmt"/>
      <line num="1504" count="0" type="stmt"/>
      <line num="1507" count="0" type="stmt"/>
      <line num="1514" count="0" type="stmt"/>
      <line num="1516" count="0" type="cond" truecount="0" falsecount="2"/>
      <line num="1517" count="0" type="stmt"/>
      <line num="1518" count="0" type="stmt"/>
      <line num="1521" count="0" type="cond" truecount="0" falsecount="2"/>
      <line num="1522" count="0" type="cond" truecount="0" falsecount="2"/>
      <line num="1524" count="0" type="cond" truecount="0" falsecount="2"/>
      <line num="1525" count="0" type="stmt"/>
      <line num="1526" count="0" type="stmt"/>
      <line num="1529" count="0" type="stmt"/>
      <line num="1536" count="0" type="stmt"/>
      <line num="1538" count="0" type="cond" truecount="0" falsecount="2"/>
      <line num="1539" count="0" type="stmt"/>
      <line num="1540" count="0" type="stmt"/>
      <line num="1543" count="0" type="cond" truecount="0" falsecount="2"/>
      <line num="1544" count="0" type="cond" truecount="0" falsecount="2"/>
      <line num="1546" count="0" type="stmt"/>
      <line num="1557" count="0" type="stmt"/>
      <line num="1559" count="0" type="cond" truecount="0" falsecount="2"/>
      <line num="1560" count="0" type="stmt"/>
      <line num="1561" count="0" type="stmt"/>
      <line num="1564" count="0" type="cond" truecount="0" falsecount="2"/>
      <line num="1565" count="0" type="cond" truecount="0" falsecount="2"/>
      <line num="1566" count="0" type="cond" truecount="0" falsecount="2"/>
      <line num="1567" count="0" type="cond" truecount="0" falsecount="2"/>
      <line num="1568" count="0" type="cond" truecount="0" falsecount="2"/>
      <line num="1571" count="0" type="stmt"/>
      <line num="1572" count="0" type="stmt"/>
      <line num="1573" count="0" type="cond" truecount="0" falsecount="2"/>
      <line num="1574" count="0" type="cond" truecount="0" falsecount="2"/>
      <line num="1576" count="0" type="stmt"/>
      <line num="1584" count="0" type="cond" truecount="0" falsecount="2"/>
      <line num="1585" count="0" type="cond" truecount="0" falsecount="2"/>
      <line num="1586" count="0" type="cond" truecount="0" falsecount="2"/>
      <line num="1591" count="0" type="cond" truecount="0" falsecount="2"/>
      <line num="1592" count="0" type="stmt"/>
      <line num="1593" count="0" type="stmt"/>
      <line num="1612" count="0" type="cond" truecount="0" falsecount="2"/>
      <line num="1613" count="0" type="stmt"/>
      <line num="1614" count="0" type="stmt"/>
      <line num="1634" count="0" type="cond" truecount="0" falsecount="2"/>
      <line num="1635" count="0" type="stmt"/>
      <line num="1636" count="0" type="stmt"/>
      <line num="1647" count="0" type="cond" truecount="0" falsecount="4"/>
      <line num="1649" count="0" type="stmt"/>
      <line num="1650" count="0" type="stmt"/>
      <line num="1653" count="0" type="stmt"/>
      <line num="1656" count="0" type="cond" truecount="0" falsecount="4"/>
      <line num="1657" count="0" type="stmt"/>
      <line num="1658" count="0" type="stmt"/>
      <line num="1659" count="0" type="stmt"/>
      <line num="1662" count="0" type="cond" truecount="0" falsecount="4"/>
      <line num="1663" count="0" type="stmt"/>
      <line num="1664" count="0" type="stmt"/>
      <line num="1665" count="0" type="stmt"/>
      <line num="1668" count="0" type="stmt"/>
      <line num="1670" count="0" type="stmt"/>
      <line num="1672" count="0" type="stmt"/>
      <line num="1679" count="0" type="stmt"/>
      <line num="1697" count="0" type="stmt"/>
      <line num="1701" count="0" type="stmt"/>
      <line num="1702" count="0" type="stmt"/>
      <line num="1704" count="0" type="cond" truecount="0" falsecount="2"/>
      <line num="1705" count="0" type="stmt"/>
      <line num="1706" count="0" type="stmt"/>
      <line num="1707" count="0" type="stmt"/>
      <line num="1708" count="0" type="stmt"/>
      <line num="1710" count="0" type="stmt"/>
      <line num="1716" count="0" type="cond" truecount="0" falsecount="2"/>
      <line num="1717" count="0" type="stmt"/>
      <line num="1718" count="0" type="stmt"/>
      <line num="1719" count="0" type="stmt"/>
      <line num="1722" count="0" type="stmt"/>
      <line num="1726" count="0" type="stmt"/>
      <line num="1727" count="0" type="stmt"/>
      <line num="1728" count="0" type="stmt"/>
      <line num="1731" count="0" type="cond" truecount="0" falsecount="2"/>
      <line num="1733" count="0" type="stmt"/>
      <line num="1736" count="0" type="stmt"/>
      <line num="1739" count="0" type="stmt"/>
      <line num="1742" count="0" type="stmt"/>
      <line num="1743" count="0" type="cond" truecount="0" falsecount="2"/>
      <line num="1744" count="0" type="stmt"/>
      <line num="1745" count="0" type="cond" truecount="0" falsecount="2"/>
      <line num="1746" count="0" type="stmt"/>
      <line num="1748" count="0" type="stmt"/>
      <line num="1751" count="0" type="stmt"/>
      <line num="1754" count="0" type="stmt"/>
      <line num="1759" count="0" type="stmt"/>
      <line num="1762" count="0" type="stmt"/>
      <line num="1763" count="0" type="stmt"/>
      <line num="1764" count="0" type="stmt"/>
      <line num="1765" count="0" type="cond" truecount="0" falsecount="2"/>
      <line num="1767" count="0" type="stmt"/>
      <line num="1771" count="0" type="stmt"/>
      <line num="1774" count="0" type="stmt"/>
      <line num="1775" count="0" type="stmt"/>
      <line num="1776" count="0" type="stmt"/>
      <line num="1777" count="0" type="stmt"/>
      <line num="1778" count="0" type="stmt"/>
      <line num="1779" count="0" type="stmt"/>
      <line num="1780" count="0" type="stmt"/>
      <line num="1788" count="0" type="cond" truecount="0" falsecount="4"/>
      <line num="1789" count="0" type="stmt"/>
      <line num="1790" count="0" type="stmt"/>
      <line num="1793" count="0" type="cond" truecount="0" falsecount="2"/>
      <line num="1794" count="0" type="stmt"/>
      <line num="1797" count="0" type="stmt"/>
      <line num="1798" count="0" type="stmt"/>
      <line num="1802" count="0" type="stmt"/>
      <line num="1808" count="0" type="stmt"/>
      <line num="1817" count="0" type="stmt"/>
      <line num="1818" count="0" type="stmt"/>
      <line num="1821" count="0" type="stmt"/>
      <line num="1822" count="0" type="stmt"/>
      <line num="1827" count="0" type="stmt"/>
      <line num="1828" count="0" type="stmt"/>
      <line num="1829" count="0" type="cond" truecount="0" falsecount="2"/>
      <line num="1830" count="0" type="stmt"/>
      <line num="1835" count="0" type="stmt"/>
      <line num="1836" count="0" type="stmt"/>
      <line num="1837" count="0" type="stmt"/>
    </file>
    <file name="script.js" path="/home/runner/work/bus-site/bus-site/script.js">
      <metrics statements="396" coveredstatements="0" conditionals="264" coveredconditionals="0" methods="49" coveredmethods="0"/>
      <line num="2" count="0" type="stmt"/>
      <line num="4" count="0" type="stmt"/>
      <line num="5" count="0" type="stmt"/>
      <line num="6" count="0" type="stmt"/>
      <line num="10" count="0" type="stmt"/>
      <line num="11" count="0" type="stmt"/>
      <line num="14" count="0" type="stmt"/>
      <line num="17" count="0" type="stmt"/>
      <line num="31" count="0" type="stmt"/>
      <line num="32" count="0" type="stmt"/>
      <line num="33" count="0" type="stmt"/>
      <line num="34" count="0" type="stmt"/>
      <line num="35" count="0" type="stmt"/>
      <line num="38" count="0" type="stmt"/>
      <line num="39" count="0" type="stmt"/>
      <line num="40" count="0" type="stmt"/>
      <line num="41" count="0" type="stmt"/>
      <line num="44" count="0" type="stmt"/>
      <line num="52" count="0" type="stmt"/>
      <line num="53" count="0" type="stmt"/>
      <line num="61" count="0" type="cond" truecount="0" falsecount="4"/>
      <line num="62" count="0" type="stmt"/>
      <line num="63" count="0" type="stmt"/>
      <line num="67" count="0" type="stmt"/>
      <line num="68" count="0" type="stmt"/>
      <line num="69" count="0" type="stmt"/>
      <line num="70" count="0" type="stmt"/>
      <line num="71" count="0" type="stmt"/>
      <line num="72" count="0" type="stmt"/>
      <line num="73" count="0" type="stmt"/>
      <line num="75" count="0" type="stmt"/>
      <line num="82" count="0" type="stmt"/>
      <line num="84" count="0" type="stmt"/>
      <line num="85" count="0" type="stmt"/>
      <line num="93" count="0" type="cond" truecount="0" falsecount="4"/>
      <line num="95" count="0" type="stmt"/>
      <line num="96" count="0" type="stmt"/>
      <line num="102" count="0" type="stmt"/>
      <line num="103" count="0" type="stmt"/>
      <line num="104" count="0" type="cond" truecount="0" falsecount="2"/>
      <line num="105" count="0" type="stmt"/>
      <line num="113" count="0" type="stmt"/>
      <line num="122" count="0" type="stmt"/>
      <line num="123" count="0" type="cond" truecount="0" falsecount="2"/>
      <line num="124" count="0" type="stmt"/>
      <line num="128" count="0" type="stmt"/>
      <line num="129" count="0" type="cond" truecount="0" falsecount="2"/>
      <line num="130" count="0" type="stmt"/>
      <line num="131" count="0" type="stmt"/>
      <line num="133" count="0" type="cond" truecount="0" falsecount="2"/>
      <line num="134" count="0" type="stmt"/>
      <line num="135" count="0" type="stmt"/>
      <line num="136" count="0" type="stmt"/>
      <line num="141" count="0" type="stmt"/>
      <line num="142" count="0" type="cond" truecount="0" falsecount="2"/>
      <line num="143" count="0" type="stmt"/>
      <line num="151" count="0" type="stmt"/>
      <line num="152" count="0" type="stmt"/>
      <line num="153" count="0" type="stmt"/>
      <line num="156" count="0" type="stmt"/>
      <line num="158" count="0" type="stmt"/>
      <line num="215" count="0" type="stmt"/>
      <line num="218" count="0" type="cond" truecount="0" falsecount="2"/>
      <line num="219" count="0" type="stmt"/>
      <line num="220" count="0" type="stmt"/>
      <line num="221" count="0" type="cond" truecount="0" falsecount="2"/>
      <line num="222" count="0" type="cond" truecount="0" falsecount="2"/>
      <line num="230" count="0" type="stmt"/>
      <line num="231" count="0" type="cond" truecount="0" falsecount="2"/>
      <line num="232" count="0" type="stmt"/>
      <line num="234" count="0" type="stmt"/>
      <line num="242" count="0" type="stmt"/>
      <line num="243" count="0" type="cond" truecount="0" falsecount="2"/>
      <line num="245" count="0" type="stmt"/>
      <line num="247" count="0" type="stmt"/>
      <line num="262" count="0" type="stmt"/>
      <line num="265" count="0" type="cond" truecount="0" falsecount="2"/>
      <line num="266" count="0" type="stmt"/>
      <line num="267" count="0" type="cond" truecount="0" falsecount="2"/>
      <line num="275" count="0" type="stmt"/>
      <line num="276" count="0" type="cond" truecount="0" falsecount="2"/>
      <line num="278" count="0" type="stmt"/>
      <line num="279" count="0" type="cond" truecount="0" falsecount="2"/>
      <line num="280" count="0" type="stmt"/>
      <line num="291" count="0" type="stmt"/>
      <line num="292" count="0" type="stmt"/>
      <line num="294" count="0" type="stmt"/>
      <line num="295" count="0" type="stmt"/>
      <line num="297" count="0" type="stmt"/>
      <line num="300" count="0" type="cond" truecount="0" falsecount="4"/>
      <line num="301" count="0" type="stmt"/>
      <line num="304" count="0" type="stmt"/>
      <line num="305" count="0" type="stmt"/>
      <line num="307" count="0" type="stmt"/>
      <line num="314" count="0" type="cond" truecount="0" falsecount="5"/>
      <line num="315" count="0" type="stmt"/>
      <line num="318" count="0" type="stmt"/>
      <line num="319" count="0" type="stmt"/>
      <line num="320" count="0" type="stmt"/>
      <line num="330" count="0" type="stmt"/>
      <line num="331" count="0" type="stmt"/>
      <line num="332" count="0" type="stmt"/>
      <line num="334" count="0" type="stmt"/>
      <line num="353" count="0" type="stmt"/>
      <line num="354" count="0" type="stmt"/>
      <line num="357" count="0" type="stmt"/>
      <line num="358" count="0" type="stmt"/>
      <line num="359" count="0" type="stmt"/>
      <line num="362" count="0" type="cond" truecount="0" falsecount="8"/>
      <line num="364" count="0" type="stmt"/>
      <line num="365" count="0" type="stmt"/>
      <line num="370" count="0" type="stmt"/>
      <line num="373" count="0" type="stmt"/>
      <line num="374" count="0" type="stmt"/>
      <line num="375" count="0" type="cond" truecount="0" falsecount="2"/>
      <line num="376" count="0" type="stmt"/>
      <line num="382" count="0" type="stmt"/>
      <line num="383" count="0" type="stmt"/>
      <line num="387" count="0" type="cond" truecount="0" falsecount="4"/>
      <line num="388" count="0" type="stmt"/>
      <line num="391" count="0" type="stmt"/>
      <line num="392" count="0" type="stmt"/>
      <line num="401" count="0" type="stmt"/>
      <line num="402" count="0" type="stmt"/>
      <line num="403" count="0" type="stmt"/>
      <line num="404" count="0" type="stmt"/>
      <line num="405" count="0" type="stmt"/>
      <line num="407" count="0" type="stmt"/>
      <line num="408" count="0" type="stmt"/>
      <line num="409" count="0" type="stmt"/>
      <line num="411" count="0" type="cond" truecount="0" falsecount="2"/>
      <line num="412" count="0" type="stmt"/>
      <line num="414" count="0" type="stmt"/>
      <line num="418" count="0" type="stmt"/>
      <line num="419" count="0" type="stmt"/>
      <line num="426" count="0" type="stmt"/>
      <line num="427" count="0" type="stmt"/>
      <line num="428" count="0" type="stmt"/>
      <line num="438" count="0" type="cond" truecount="0" falsecount="2"/>
      <line num="439" count="0" type="stmt"/>
      <line num="440" count="0" type="cond" truecount="0" falsecount="4"/>
      <line num="441" count="0" type="stmt"/>
      <line num="442" count="0" type="stmt"/>
      <line num="448" count="0" type="stmt"/>
      <line num="449" count="0" type="stmt"/>
      <line num="451" count="0" type="cond" truecount="0" falsecount="4"/>
      <line num="453" count="0" type="stmt"/>
      <line num="454" count="0" type="stmt"/>
      <line num="456" count="0" type="stmt"/>
      <line num="457" count="0" type="stmt"/>
      <line num="459" count="0" type="stmt"/>
      <line num="460" count="0" type="stmt"/>
      <line num="462" count="0" type="cond" truecount="0" falsecount="2"/>
      <line num="465" count="0" type="stmt"/>
      <line num="466" count="0" type="stmt"/>
      <line num="467" count="0" type="stmt"/>
      <line num="470" count="0" type="stmt"/>
      <line num="471" count="0" type="stmt"/>
      <line num="472" count="0" type="stmt"/>
      <line num="483" count="0" type="stmt"/>
      <line num="484" count="0" type="stmt"/>
      <line num="485" count="0" type="cond" truecount="0" falsecount="2"/>
      <line num="486" count="0" type="stmt"/>
      <line num="487" count="0" type="stmt"/>
      <line num="491" count="0" type="stmt"/>
      <line num="492" count="0" type="stmt"/>
      <line num="506" count="0" type="stmt"/>
      <line num="507" count="0" type="stmt"/>
      <line num="518" count="0" type="stmt"/>
      <line num="519" count="0" type="stmt"/>
      <line num="520" count="0" type="stmt"/>
      <line num="521" count="0" type="stmt"/>
      <line num="522" count="0" type="stmt"/>
      <line num="525" count="0" type="stmt"/>
      <line num="526" count="0" type="stmt"/>
      <line num="527" count="0" type="stmt"/>
      <line num="530" count="0" type="cond" truecount="0" falsecount="2"/>
      <line num="531" count="0" type="stmt"/>
      <line num="533" count="0" type="stmt"/>
      <line num="546" count="0" type="cond" truecount="0" falsecount="2"/>
      <line num="547" count="0" type="stmt"/>
      <line num="562" count="0" type="cond" truecount="0" falsecount="4"/>
      <line num="563" count="0" type="cond" truecount="0" falsecount="2"/>
      <line num="564" count="0" type="stmt"/>
      <line num="575" count="0" type="stmt"/>
      <line num="576" count="0" type="stmt"/>
      <line num="577" count="0" type="stmt"/>
      <line num="578" count="0" type="stmt"/>
      <line num="579" count="0" type="cond" truecount="0" falsecount="2"/>
      <line num="582" count="0" type="stmt"/>
      <line num="583" count="0" type="stmt"/>
      <line num="584" count="0" type="stmt"/>
      <line num="585" count="0" type="cond" truecount="0" falsecount="2"/>
      <line num="588" count="0" type="stmt"/>
      <line num="589" count="0" type="stmt"/>
      <line num="590" count="0" type="stmt"/>
      <line num="591" count="0" type="stmt"/>
      <line num="594" count="0" type="stmt"/>
      <line num="605" count="0" type="stmt"/>
      <line num="617" count="0" type="stmt"/>
      <line num="648" count="0" type="stmt"/>
      <line num="649" count="0" type="stmt"/>
      <line num="650" count="0" type="stmt"/>
      <line num="653" count="0" type="stmt"/>
      <line num="654" count="0" type="cond" truecount="0" falsecount="2"/>
      <line num="655" count="0" type="stmt"/>
      <line num="657" count="0" type="stmt"/>
      <line num="660" count="0" type="stmt"/>
      <line num="661" count="0" type="cond" truecount="0" falsecount="2"/>
      <line num="662" count="0" type="stmt"/>
      <line num="664" count="0" type="stmt"/>
      <line num="668" count="0" type="stmt"/>
      <line num="669" count="0" type="cond" truecount="0" falsecount="4"/>
      <line num="670" count="0" type="stmt"/>
      <line num="671" count="0" type="stmt"/>
      <line num="681" count="0" type="cond" truecount="0" falsecount="2"/>
      <line num="683" count="0" type="stmt"/>
      <line num="684" count="0" type="stmt"/>
      <line num="685" count="0" type="stmt"/>
      <line num="686" count="0" type="stmt"/>
      <line num="687" count="0" type="stmt"/>
      <line num="689" count="0" type="stmt"/>
      <line num="698" count="0" type="stmt"/>
      <line num="699" count="0" type="stmt"/>
      <line num="700" count="0" type="stmt"/>
      <line num="701" count="0" type="stmt"/>
      <line num="702" count="0" type="cond" truecount="0" falsecount="2"/>
      <line num="704" count="0" type="stmt"/>
      <line num="711" count="0" type="stmt"/>
      <line num="713" count="0" type="cond" truecount="0" falsecount="11"/>
      <line num="715" count="0" type="stmt"/>
      <line num="716" count="0" type="stmt"/>
      <line num="717" count="0" type="stmt"/>
      <line num="721" count="0" type="stmt"/>
      <line num="724" count="0" type="stmt"/>
      <line num="731" count="0" type="stmt"/>
      <line num="733" count="0" type="stmt"/>
      <line num="734" count="0" type="stmt"/>
      <line num="735" count="0" type="stmt"/>
      <line num="736" count="0" type="stmt"/>
      <line num="739" count="0" type="stmt"/>
      <line num="740" count="0" type="stmt"/>
      <line num="741" count="0" type="stmt"/>
      <line num="742" count="0" type="stmt"/>
      <line num="744" count="0" type="stmt"/>
      <line num="746" count="0" type="stmt"/>
      <line num="749" count="0" type="cond" truecount="0" falsecount="2"/>
      <line num="750" count="0" type="stmt"/>
      <line num="754" count="0" type="cond" truecount="0" falsecount="6"/>
      <line num="755" count="0" type="stmt"/>
      <line num="756" count="0" type="stmt"/>
      <line num="757" count="0" type="stmt"/>
      <line num="758" count="0" type="stmt"/>
      <line num="760" count="0" type="stmt"/>
      <line num="762" count="0" type="stmt"/>
      <line num="763" count="0" type="stmt"/>
      <line num="766" count="0" type="stmt"/>
      <line num="767" count="0" type="stmt"/>
      <line num="771" count="0" type="cond" truecount="0" falsecount="4"/>
      <line num="772" count="0" type="stmt"/>
      <line num="773" count="0" type="cond" truecount="0" falsecount="2"/>
      <line num="774" count="0" type="stmt"/>
      <line num="778" count="0" type="stmt"/>
      <line num="781" count="0" type="stmt"/>
      <line num="784" count="0" type="cond" truecount="0" falsecount="4"/>
      <line num="785" count="0" type="stmt"/>
      <line num="786" count="0" type="stmt"/>
      <line num="788" count="0" type="stmt"/>
      <line num="794" count="0" type="cond" truecount="0" falsecount="5"/>
      <line num="795" count="0" type="stmt"/>
      <line num="796" count="0" type="stmt"/>
      <line num="798" count="0" type="stmt"/>
      <line num="804" count="0" type="stmt"/>
      <line num="809" count="0" type="stmt"/>
      <line num="812" count="0" type="stmt"/>
      <line num="813" count="0" type="cond" truecount="0" falsecount="2"/>
      <line num="814" count="0" type="cond" truecount="0" falsecount="2"/>
      <line num="818" count="0" type="stmt"/>
      <line num="819" count="0" type="stmt"/>
      <line num="820" count="0" type="stmt"/>
      <line num="821" count="0" type="stmt"/>
      <line num="829" count="0" type="stmt"/>
      <line num="830" count="0" type="stmt"/>
      <line num="843" count="0" type="stmt"/>
      <line num="844" count="0" type="stmt"/>
      <line num="845" count="0" type="stmt"/>
      <line num="846" count="0" type="stmt"/>
      <line num="847" count="0" type="stmt"/>
      <line num="848" count="0" type="stmt"/>
      <line num="849" count="0" type="stmt"/>
      <line num="850" count="0" type="stmt"/>
      <line num="852" count="0" type="cond" truecount="0" falsecount="6"/>
      <line num="853" count="0" type="stmt"/>
      <line num="863" count="0" type="stmt"/>
      <line num="864" count="0" type="cond" truecount="0" falsecount="2"/>
      <line num="865" count="0" type="stmt"/>
      <line num="866" count="0" type="stmt"/>
      <line num="867" count="0" type="stmt"/>
      <line num="868" count="0" type="cond" truecount="0" falsecount="2"/>
      <line num="869" count="0" type="stmt"/>
      <line num="870" count="0" type="cond" truecount="0" falsecount="5"/>
      <line num="871" count="0" type="stmt"/>
      <line num="877" count="0" type="stmt"/>
      <line num="882" count="0" type="stmt"/>
      <line num="883" count="0" type="stmt"/>
      <line num="884" count="0" type="stmt"/>
      <line num="885" count="0" type="stmt"/>
      <line num="886" count="0" type="cond" truecount="0" falsecount="2"/>
      <line num="887" count="0" type="stmt"/>
      <line num="888" count="0" type="cond" truecount="0" falsecount="2"/>
      <line num="890" count="0" type="stmt"/>
      <line num="898" count="0" type="cond" truecount="0" falsecount="2"/>
      <line num="901" count="0" type="stmt"/>
      <line num="902" count="0" type="cond" truecount="0" falsecount="5"/>
      <line num="903" count="0" type="cond" truecount="0" falsecount="2"/>
      <line num="904" count="0" type="cond" truecount="0" falsecount="4"/>
      <line num="907" count="0" type="cond" truecount="0" falsecount="4"/>
      <line num="908" count="0" type="cond" truecount="0" falsecount="2"/>
      <line num="909" count="0" type="cond" truecount="0" falsecount="2"/>
      <line num="910" count="0" type="cond" truecount="0" falsecount="2"/>
      <line num="911" count="0" type="cond" truecount="0" falsecount="2"/>
      <line num="914" count="0" type="stmt"/>
      <line num="915" count="0" type="cond" truecount="0" falsecount="2"/>
      <line num="917" count="0" type="stmt"/>
      <line num="925" count="0" type="cond" truecount="0" falsecount="4"/>
      <line num="927" count="0" type="stmt"/>
      <line num="928" count="0" type="stmt"/>
      <line num="929" count="0" type="stmt"/>
      <line num="930" count="0" type="stmt"/>
      <line num="934" count="0" type="stmt"/>
      <line num="935" count="0" type="stmt"/>
      <line num="936" count="0" type="cond" truecount="0" falsecount="2"/>
      <line num="937" count="0" type="stmt"/>
      <line num="943" count="0" type="stmt"/>
      <line num="946" count="0" type="stmt"/>
      <line num="950" count="0" type="cond" truecount="0" falsecount="2"/>
      <line num="951" count="0" type="stmt"/>
      <line num="953" count="0" type="cond" truecount="0" falsecount="2"/>
      <line num="954" count="0" type="stmt"/>
      <line num="956" count="0" type="cond" truecount="0" falsecount="2"/>
      <line num="957" count="0" type="stmt"/>
      <line num="959" count="0" type="cond" truecount="0" falsecount="2"/>
      <line num="960" count="0" type="stmt"/>
      <line num="962" count="0" type="cond" truecount="0" falsecount="2"/>
      <line num="963" count="0" type="stmt"/>
      <line num="965" count="0" type="cond" truecount="0" falsecount="2"/>
      <line num="966" count="0" type="stmt"/>
      <line num="968" count="0" type="cond" truecount="0" falsecount="2"/>
      <line num="969" count="0" type="stmt"/>
      <line num="971" count="0" type="cond" truecount="0" falsecount="2"/>
      <line num="972" count="0" type="stmt"/>
      <line num="975" count="0" type="cond" truecount="0" falsecount="2"/>
      <line num="978" count="0" type="cond" truecount="0" falsecount="2"/>
      <line num="979" count="0" type="stmt"/>
      <line num="982" count="0" type="cond" truecount="0" falsecount="4"/>
      <line num="983" count="0" type="stmt"/>
      <line num="989" count="0" type="stmt"/>
      <line num="990" count="0" type="stmt"/>
      <line num="1000" count="0" type="stmt"/>
      <line num="1002" count="0" type="stmt"/>
      <line num="1004" count="0" type="stmt"/>
      <line num="1005" count="0" type="stmt"/>
      <line num="1015" count="0" type="stmt"/>
      <line num="1016" count="0" type="stmt"/>
      <line num="1017" count="0" type="stmt"/>
      <line num="1018" count="0" type="stmt"/>
      <line num="1021" count="0" type="stmt"/>
      <line num="1028" count="0" type="cond" truecount="0" falsecount="2"/>
      <line num="1029" count="0" type="stmt"/>
      <line num="1030" count="0" type="stmt"/>
      <line num="1033" count="0" type="stmt"/>
      <line num="1052" count="0" type="stmt"/>
      <line num="1053" count="0" type="stmt"/>
      <line num="1058" count="0" type="stmt"/>
      <line num="1060" count="0" type="stmt"/>
      <line num="1061" count="0" type="stmt"/>
      <line num="1069" count="0" type="cond" truecount="0" falsecount="2"/>
      <line num="1070" count="0" type="stmt"/>
      <line num="1071" count="0" type="stmt"/>
      <line num="1075" count="0" type="cond" truecount="0" falsecount="2"/>
      <line num="1076" count="0" type="stmt"/>
      <line num="1077" count="0" type="stmt"/>
      <line num="1081" count="0" type="stmt"/>
      <line num="1082" count="0" type="cond" truecount="0" falsecount="2"/>
      <line num="1083" count="0" type="stmt"/>
      <line num="1086" count="0" type="stmt"/>
      <line num="1107" count="0" type="stmt"/>
      <line num="1108" count="0" type="stmt"/>
      <line num="1113" count="0" type="stmt"/>
      <line num="1115" count="0" type="stmt"/>
      <line num="1116" count="0" type="stmt"/>
      <line num="1124" count="0" type="stmt"/>
      <line num="1125" count="0" type="cond" truecount="0" falsecount="2"/>
      <line num="1126" count="0" type="stmt"/>
      <line num="1128" count="0" type="stmt"/>
      <line num="1136" count="0" type="stmt"/>
    </file>
  </project>
</coverage>
