{"/home/runner/work/bus-site/bus-site/admin.js": {"path":"/home/runner/work/bus-site/bus-site/admin.js","statementMap":{"0":{"start":{"line":5,"column":23},"end":{"line":5,"column":33}},"1":{"start":{"line":6,"column":17},"end":{"line":6,"column":33}},"2":{"start":{"line":7,"column":24},"end":{"line":7,"column":31}},"3":{"start":{"line":10,"column":33},"end":{"line":10,"column":34}},"4":{"start":{"line":11,"column":33},"end":{"line":11,"column":37}},"5":{"start":{"line":14,"column":19},"end":{"line":14,"column":21}},"6":{"start":{"line":17,"column":31},"end":{"line":23,"column":1}},"7":{"start":{"line":26,"column":0},"end":{"line":29,"column":3}},"8":{"start":{"line":27,"column":4},"end":{"line":27,"column":16}},"9":{"start":{"line":28,"column":4},"end":{"line":28,"column":21}},"10":{"start":{"line":35,"column":28},"end":{"line":35,"column":71}},"11":{"start":{"line":37,"column":4},"end":{"line":42,"column":5}},"12":{"start":{"line":38,"column":8},"end":{"line":38,"column":24}},"13":{"start":{"line":39,"column":8},"end":{"line":39,"column":21}},"14":{"start":{"line":41,"column":8},"end":{"line":41,"column":20}},"15":{"start":{"line":49,"column":22},"end":{"line":49,"column":58}},"16":{"start":{"line":50,"column":4},"end":{"line":52,"column":5}},"17":{"start":{"line":51,"column":8},"end":{"line":51,"column":58}},"18":{"start":{"line":59,"column":4},"end":{"line":59,"column":27}},"19":{"start":{"line":60,"column":21},"end":{"line":60,"column":62}},"20":{"start":{"line":61,"column":21},"end":{"line":61,"column":58}},"21":{"start":{"line":64,"column":4},"end":{"line":72,"column":5}},"22":{"start":{"line":65,"column":8},"end":{"line":65,"column":49}},"23":{"start":{"line":66,"column":8},"end":{"line":66,"column":40}},"24":{"start":{"line":67,"column":8},"end":{"line":67,"column":24}},"25":{"start":{"line":68,"column":8},"end":{"line":68,"column":21}},"26":{"start":{"line":70,"column":8},"end":{"line":70,"column":69}},"27":{"start":{"line":71,"column":8},"end":{"line":71,"column":41}},"28":{"start":{"line":79,"column":4},"end":{"line":79,"column":40}},"29":{"start":{"line":80,"column":4},"end":{"line":80,"column":16}},"30":{"start":{"line":87,"column":4},"end":{"line":87,"column":70}},"31":{"start":{"line":88,"column":4},"end":{"line":88,"column":69}},"32":{"start":{"line":95,"column":4},"end":{"line":95,"column":69}},"33":{"start":{"line":96,"column":4},"end":{"line":96,"column":70}},"34":{"start":{"line":97,"column":4},"end":{"line":97,"column":29}},"35":{"start":{"line":104,"column":23},"end":{"line":104,"column":64}},"36":{"start":{"line":105,"column":4},"end":{"line":105,"column":28}},"37":{"start":{"line":105,"column":21},"end":{"line":105,"column":28}},"38":{"start":{"line":107,"column":4},"end":{"line":114,"column":5}},"39":{"start":{"line":108,"column":8},"end":{"line":108,"column":165}},"40":{"start":{"line":109,"column":8},"end":{"line":109,"column":75}},"41":{"start":{"line":110,"column":8},"end":{"line":110,"column":76}},"42":{"start":{"line":111,"column":8},"end":{"line":111,"column":77}},"43":{"start":{"line":113,"column":8},"end":{"line":113,"column":480}},"44":{"start":{"line":128,"column":4},"end":{"line":130,"column":5}},"45":{"start":{"line":129,"column":8},"end":{"line":129,"column":77}},"46":{"start":{"line":131,"column":4},"end":{"line":133,"column":5}},"47":{"start":{"line":132,"column":8},"end":{"line":132,"column":73}},"48":{"start":{"line":134,"column":4},"end":{"line":136,"column":5}},"49":{"start":{"line":135,"column":8},"end":{"line":135,"column":70}},"50":{"start":{"line":138,"column":29},"end":{"line":138,"column":58}},"51":{"start":{"line":140,"column":22},"end":{"line":140,"column":32}},"52":{"start":{"line":142,"column":4},"end":{"line":142,"column":132}},"53":{"start":{"line":149,"column":25},"end":{"line":149,"column":44}},"54":{"start":{"line":150,"column":19},"end":{"line":150,"column":66}},"55":{"start":{"line":152,"column":4},"end":{"line":154,"column":5}},"56":{"start":{"line":153,"column":8},"end":{"line":153,"column":45}},"57":{"start":{"line":157,"column":16},"end":{"line":157,"column":88}},"58":{"start":{"line":159,"column":4},"end":{"line":213,"column":5}},"59":{"start":{"line":161,"column":25},"end":{"line":163,"column":10}},"60":{"start":{"line":165,"column":8},"end":{"line":172,"column":9}},"61":{"start":{"line":167,"column":12},"end":{"line":170,"column":13}},"62":{"start":{"line":168,"column":16},"end":{"line":168,"column":104}},"63":{"start":{"line":169,"column":16},"end":{"line":169,"column":26}},"64":{"start":{"line":171,"column":12},"end":{"line":171,"column":79}},"65":{"start":{"line":174,"column":21},"end":{"line":174,"column":42}},"66":{"start":{"line":176,"column":8},"end":{"line":179,"column":9}},"67":{"start":{"line":178,"column":12},"end":{"line":178,"column":22}},"68":{"start":{"line":186,"column":28},"end":{"line":186,"column":30}},"69":{"start":{"line":187,"column":8},"end":{"line":207,"column":9}},"70":{"start":{"line":187,"column":21},"end":{"line":187,"column":22}},"71":{"start":{"line":188,"column":24},"end":{"line":188,"column":38}},"72":{"start":{"line":189,"column":12},"end":{"line":206,"column":15}},"73":{"start":{"line":209,"column":8},"end":{"line":209,"column":27}},"74":{"start":{"line":211,"column":8},"end":{"line":211,"column":69}},"75":{"start":{"line":212,"column":8},"end":{"line":212,"column":20}},"76":{"start":{"line":224,"column":4},"end":{"line":224,"column":46}},"77":{"start":{"line":231,"column":4},"end":{"line":242,"column":7}},"78":{"start":{"line":233,"column":32},"end":{"line":233,"column":57}},"79":{"start":{"line":234,"column":27},"end":{"line":234,"column":88}},"80":{"start":{"line":234,"column":50},"end":{"line":234,"column":87}},"81":{"start":{"line":236,"column":8},"end":{"line":239,"column":9}},"82":{"start":{"line":238,"column":12},"end":{"line":238,"column":42}},"83":{"start":{"line":241,"column":8},"end":{"line":241,"column":21}},"84":{"start":{"line":249,"column":4},"end":{"line":290,"column":5}},"85":{"start":{"line":253,"column":8},"end":{"line":270,"column":9}},"86":{"start":{"line":254,"column":12},"end":{"line":254,"column":31}},"87":{"start":{"line":255,"column":12},"end":{"line":255,"column":55}},"88":{"start":{"line":258,"column":12},"end":{"line":267,"column":13}},"89":{"start":{"line":259,"column":16},"end":{"line":266,"column":17}},"90":{"start":{"line":260,"column":40},"end":{"line":260,"column":71}},"91":{"start":{"line":262,"column":20},"end":{"line":262,"column":75}},"92":{"start":{"line":264,"column":20},"end":{"line":264,"column":81}},"93":{"start":{"line":269,"column":12},"end":{"line":269,"column":221}},"94":{"start":{"line":272,"column":8},"end":{"line":276,"column":9}},"95":{"start":{"line":273,"column":12},"end":{"line":273,"column":29}},"96":{"start":{"line":274,"column":12},"end":{"line":274,"column":28}},"97":{"start":{"line":275,"column":12},"end":{"line":275,"column":19}},"98":{"start":{"line":279,"column":8},"end":{"line":279,"column":81}},"99":{"start":{"line":279,"column":30},"end":{"line":279,"column":79}},"100":{"start":{"line":282,"column":8},"end":{"line":282,"column":30}},"101":{"start":{"line":285,"column":8},"end":{"line":285,"column":30}},"102":{"start":{"line":286,"column":8},"end":{"line":286,"column":28}},"103":{"start":{"line":288,"column":8},"end":{"line":288,"column":54}},"104":{"start":{"line":289,"column":8},"end":{"line":289,"column":38}},"105":{"start":{"line":297,"column":4},"end":{"line":302,"column":6}},"106":{"start":{"line":309,"column":23},"end":{"line":309,"column":86}},"107":{"start":{"line":310,"column":4},"end":{"line":316,"column":6}},"108":{"start":{"line":323,"column":16},"end":{"line":323,"column":45}},"109":{"start":{"line":324,"column":4},"end":{"line":324,"column":27}},"110":{"start":{"line":325,"column":4},"end":{"line":325,"column":25}},"111":{"start":{"line":333,"column":29},"end":{"line":351,"column":17}},"112":{"start":{"line":337,"column":32},"end":{"line":337,"column":48}},"113":{"start":{"line":340,"column":12},"end":{"line":349,"column":13}},"114":{"start":{"line":341,"column":16},"end":{"line":341,"column":90}},"115":{"start":{"line":342,"column":19},"end":{"line":349,"column":13}},"116":{"start":{"line":343,"column":16},"end":{"line":343,"column":108}},"117":{"start":{"line":344,"column":19},"end":{"line":349,"column":13}},"118":{"start":{"line":346,"column":16},"end":{"line":346,"column":83}},"119":{"start":{"line":348,"column":16},"end":{"line":348,"column":74}},"120":{"start":{"line":353,"column":4},"end":{"line":395,"column":6}},"121":{"start":{"line":402,"column":25},"end":{"line":402,"column":44}},"122":{"start":{"line":403,"column":19},"end":{"line":403,"column":66}},"123":{"start":{"line":405,"column":4},"end":{"line":407,"column":5}},"124":{"start":{"line":406,"column":8},"end":{"line":406,"column":96}},"125":{"start":{"line":409,"column":4},"end":{"line":411,"column":5}},"126":{"start":{"line":410,"column":8},"end":{"line":410,"column":76}},"127":{"start":{"line":414,"column":22},"end":{"line":414,"column":66}},"128":{"start":{"line":415,"column":16},"end":{"line":415,"column":80}},"129":{"start":{"line":417,"column":4},"end":{"line":513,"column":5}},"130":{"start":{"line":419,"column":25},"end":{"line":421,"column":10}},"131":{"start":{"line":423,"column":8},"end":{"line":499,"column":9}},"132":{"start":{"line":424,"column":12},"end":{"line":496,"column":13}},"133":{"start":{"line":426,"column":35},"end":{"line":426,"column":39}},"134":{"start":{"line":427,"column":16},"end":{"line":431,"column":17}},"135":{"start":{"line":428,"column":20},"end":{"line":428,"column":57}},"136":{"start":{"line":433,"column":37},"end":{"line":433,"column":71}},"137":{"start":{"line":434,"column":36},"end":{"line":434,"column":62}},"138":{"start":{"line":437,"column":16},"end":{"line":476,"column":17}},"139":{"start":{"line":440,"column":20},"end":{"line":446,"column":93}},"140":{"start":{"line":447,"column":23},"end":{"line":476,"column":17}},"141":{"start":{"line":450,"column":20},"end":{"line":454,"column":96}},"142":{"start":{"line":455,"column":23},"end":{"line":476,"column":17}},"143":{"start":{"line":457,"column":20},"end":{"line":463,"column":42}},"144":{"start":{"line":466,"column":20},"end":{"line":472,"column":86}},"145":{"start":{"line":475,"column":20},"end":{"line":475,"column":90}},"146":{"start":{"line":478,"column":16},"end":{"line":478,"column":47}},"147":{"start":{"line":479,"column":19},"end":{"line":496,"column":13}},"148":{"start":{"line":480,"column":16},"end":{"line":485,"column":65}},"149":{"start":{"line":486,"column":19},"end":{"line":496,"column":13}},"150":{"start":{"line":487,"column":35},"end":{"line":487,"column":39}},"151":{"start":{"line":488,"column":16},"end":{"line":492,"column":17}},"152":{"start":{"line":489,"column":20},"end":{"line":489,"column":57}},"153":{"start":{"line":493,"column":16},"end":{"line":495,"column":156}},"154":{"start":{"line":497,"column":12},"end":{"line":498,"column":66}},"155":{"start":{"line":501,"column":21},"end":{"line":501,"column":42}},"156":{"start":{"line":503,"column":8},"end":{"line":506,"column":9}},"157":{"start":{"line":505,"column":12},"end":{"line":505,"column":22}},"158":{"start":{"line":509,"column":8},"end":{"line":509,"column":50}},"159":{"start":{"line":511,"column":8},"end":{"line":511,"column":57}},"160":{"start":{"line":512,"column":8},"end":{"line":512,"column":20}},"161":{"start":{"line":520,"column":19},"end":{"line":520,"column":21}},"162":{"start":{"line":521,"column":17},"end":{"line":521,"column":44}},"163":{"start":{"line":524,"column":4},"end":{"line":555,"column":5}},"164":{"start":{"line":524,"column":17},"end":{"line":524,"column":18}},"165":{"start":{"line":525,"column":20},"end":{"line":525,"column":27}},"166":{"start":{"line":527,"column":8},"end":{"line":554,"column":9}},"167":{"start":{"line":529,"column":29},"end":{"line":529,"column":72}},"168":{"start":{"line":532,"column":30},"end":{"line":532,"column":51}},"169":{"start":{"line":533,"column":45},"end":{"line":533,"column":81}},"170":{"start":{"line":535,"column":26},"end":{"line":548,"column":13}},"171":{"start":{"line":550,"column":12},"end":{"line":550,"column":31}},"172":{"start":{"line":552,"column":12},"end":{"line":552,"column":60}},"173":{"start":{"line":557,"column":4},"end":{"line":557,"column":18}},"174":{"start":{"line":565,"column":4},"end":{"line":565,"column":53}},"175":{"start":{"line":565,"column":43},"end":{"line":565,"column":53}},"176":{"start":{"line":567,"column":21},"end":{"line":567,"column":23}},"177":{"start":{"line":568,"column":22},"end":{"line":568,"column":67}},"178":{"start":{"line":568,"column":58},"end":{"line":568,"column":66}},"179":{"start":{"line":570,"column":4},"end":{"line":609,"column":5}},"180":{"start":{"line":571,"column":22},"end":{"line":571,"column":73}},"181":{"start":{"line":571,"column":49},"end":{"line":571,"column":57}},"182":{"start":{"line":571,"column":71},"end":{"line":571,"column":72}},"183":{"start":{"line":572,"column":8},"end":{"line":572,"column":41}},"184":{"start":{"line":572,"column":32},"end":{"line":572,"column":41}},"185":{"start":{"line":574,"column":8},"end":{"line":608,"column":9}},"186":{"start":{"line":576,"column":30},"end":{"line":576,"column":38}},"187":{"start":{"line":577,"column":30},"end":{"line":577,"column":68}},"188":{"start":{"line":578,"column":30},"end":{"line":578,"column":84}},"189":{"start":{"line":579,"column":35},"end":{"line":579,"column":68}},"190":{"start":{"line":581,"column":12},"end":{"line":581,"column":51}},"191":{"start":{"line":581,"column":42},"end":{"line":581,"column":51}},"192":{"start":{"line":583,"column":28},"end":{"line":590,"column":13}},"193":{"start":{"line":593,"column":12},"end":{"line":601,"column":13}},"194":{"start":{"line":593,"column":25},"end":{"line":593,"column":26}},"195":{"start":{"line":594,"column":29},"end":{"line":594,"column":37}},"196":{"start":{"line":595,"column":16},"end":{"line":600,"column":17}},"197":{"start":{"line":596,"column":20},"end":{"line":596,"column":73}},"198":{"start":{"line":597,"column":23},"end":{"line":600,"column":17}},"199":{"start":{"line":598,"column":36},"end":{"line":598,"column":76}},"200":{"start":{"line":599,"column":20},"end":{"line":599,"column":64}},"201":{"start":{"line":599,"column":33},"end":{"line":599,"column":64}},"202":{"start":{"line":603,"column":12},"end":{"line":605,"column":13}},"203":{"start":{"line":604,"column":16},"end":{"line":604,"column":39}},"204":{"start":{"line":607,"column":12},"end":{"line":607,"column":66}},"205":{"start":{"line":611,"column":4},"end":{"line":611,"column":20}},"206":{"start":{"line":619,"column":4},"end":{"line":621,"column":5}},"207":{"start":{"line":620,"column":8},"end":{"line":620,"column":57}},"208":{"start":{"line":623,"column":4},"end":{"line":635,"column":5}},"209":{"start":{"line":624,"column":22},"end":{"line":624,"column":59}},"210":{"start":{"line":625,"column":30},"end":{"line":625,"column":38}},"211":{"start":{"line":626,"column":26},"end":{"line":626,"column":40}},"212":{"start":{"line":629,"column":26},"end":{"line":629,"column":59}},"213":{"start":{"line":631,"column":8},"end":{"line":631,"column":40}},"214":{"start":{"line":633,"column":8},"end":{"line":633,"column":61}},"215":{"start":{"line":634,"column":8},"end":{"line":634,"column":57}},"216":{"start":{"line":642,"column":22},"end":{"line":650,"column":5}},"217":{"start":{"line":652,"column":4},"end":{"line":697,"column":5}},"218":{"start":{"line":654,"column":30},"end":{"line":654,"column":74}},"219":{"start":{"line":655,"column":33},"end":{"line":655,"column":80}},"220":{"start":{"line":656,"column":34},"end":{"line":656,"column":82}},"221":{"start":{"line":657,"column":27},"end":{"line":657,"column":59}},"222":{"start":{"line":659,"column":8},"end":{"line":661,"column":9}},"223":{"start":{"line":660,"column":12},"end":{"line":660,"column":87}},"224":{"start":{"line":662,"column":8},"end":{"line":664,"column":9}},"225":{"start":{"line":663,"column":12},"end":{"line":663,"column":114}},"226":{"start":{"line":665,"column":8},"end":{"line":667,"column":9}},"227":{"start":{"line":666,"column":12},"end":{"line":666,"column":113}},"228":{"start":{"line":668,"column":8},"end":{"line":670,"column":9}},"229":{"start":{"line":669,"column":12},"end":{"line":669,"column":61}},"230":{"start":{"line":673,"column":27},"end":{"line":673,"column":199}},"231":{"start":{"line":675,"column":8},"end":{"line":694,"column":9}},"232":{"start":{"line":676,"column":28},"end":{"line":691,"column":13}},"233":{"start":{"line":693,"column":12},"end":{"line":693,"column":45}},"234":{"start":{"line":696,"column":8},"end":{"line":696,"column":63}},"235":{"start":{"line":699,"column":4},"end":{"line":699,"column":21}},"236":{"start":{"line":707,"column":23},"end":{"line":707,"column":60}},"237":{"start":{"line":709,"column":23},"end":{"line":776,"column":15}},"238":{"start":{"line":710,"column":21},"end":{"line":710,"column":48}},"239":{"start":{"line":711,"column":30},"end":{"line":717,"column":10}},"240":{"start":{"line":719,"column":27},"end":{"line":720,"column":82}},"241":{"start":{"line":721,"column":34},"end":{"line":722,"column":123}},"242":{"start":{"line":725,"column":28},"end":{"line":725,"column":44}},"243":{"start":{"line":726,"column":28},"end":{"line":728,"column":178}},"244":{"start":{"line":731,"column":25},"end":{"line":731,"column":27}},"245":{"start":{"line":732,"column":8},"end":{"line":739,"column":9}},"246":{"start":{"line":733,"column":31},"end":{"line":733,"column":69}},"247":{"start":{"line":734,"column":32},"end":{"line":734,"column":138}},"248":{"start":{"line":735,"column":31},"end":{"line":735,"column":93}},"249":{"start":{"line":736,"column":12},"end":{"line":738,"column":13}},"250":{"start":{"line":737,"column":16},"end":{"line":737,"column":292}},"251":{"start":{"line":741,"column":8},"end":{"line":775,"column":10}},"252":{"start":{"line":778,"column":4},"end":{"line":778,"column":38}},"253":{"start":{"line":785,"column":19},"end":{"line":790,"column":5}},"254":{"start":{"line":791,"column":4},"end":{"line":791,"column":44}},"255":{"start":{"line":798,"column":24},"end":{"line":798,"column":37}},"256":{"start":{"line":801,"column":16},"end":{"line":801,"column":26}},"257":{"start":{"line":802,"column":22},"end":{"line":806,"column":13}},"258":{"start":{"line":803,"column":22},"end":{"line":803,"column":45}},"259":{"start":{"line":804,"column":8},"end":{"line":805,"column":57}},"260":{"start":{"line":809,"column":26},"end":{"line":809,"column":66}},"261":{"start":{"line":809,"column":45},"end":{"line":809,"column":58}},"262":{"start":{"line":810,"column":23},"end":{"line":810,"column":96}},"263":{"start":{"line":810,"column":42},"end":{"line":810,"column":88}},"264":{"start":{"line":811,"column":27},"end":{"line":811,"column":104}},"265":{"start":{"line":811,"column":46},"end":{"line":811,"column":96}},"266":{"start":{"line":812,"column":27},"end":{"line":812,"column":104}},"267":{"start":{"line":812,"column":46},"end":{"line":812,"column":96}},"268":{"start":{"line":815,"column":28},"end":{"line":815,"column":91}},"269":{"start":{"line":815,"column":54},"end":{"line":815,"column":87}},"270":{"start":{"line":818,"column":23},"end":{"line":823,"column":9}},"271":{"start":{"line":819,"column":8},"end":{"line":821,"column":9}},"272":{"start":{"line":820,"column":12},"end":{"line":820,"column":73}},"273":{"start":{"line":822,"column":8},"end":{"line":822,"column":19}},"274":{"start":{"line":826,"column":25},"end":{"line":831,"column":9}},"275":{"start":{"line":827,"column":8},"end":{"line":829,"column":9}},"276":{"start":{"line":828,"column":12},"end":{"line":828,"column":62}},"277":{"start":{"line":830,"column":8},"end":{"line":830,"column":19}},"278":{"start":{"line":833,"column":4},"end":{"line":833,"column":69}},"279":{"start":{"line":834,"column":4},"end":{"line":834,"column":73}},"280":{"start":{"line":835,"column":4},"end":{"line":835,"column":67}},"281":{"start":{"line":836,"column":4},"end":{"line":836,"column":75}},"282":{"start":{"line":837,"column":4},"end":{"line":837,"column":75}},"283":{"start":{"line":838,"column":4},"end":{"line":838,"column":157}},"284":{"start":{"line":839,"column":4},"end":{"line":839,"column":67}},"285":{"start":{"line":840,"column":4},"end":{"line":840,"column":94}},"286":{"start":{"line":841,"column":4},"end":{"line":841,"column":95}},"287":{"start":{"line":848,"column":18},"end":{"line":848,"column":58}},"288":{"start":{"line":848,"column":41},"end":{"line":848,"column":57}},"289":{"start":{"line":850,"column":4},"end":{"line":850,"column":23}},"290":{"start":{"line":850,"column":16},"end":{"line":850,"column":23}},"291":{"start":{"line":853,"column":4},"end":{"line":853,"column":32}},"292":{"start":{"line":855,"column":18},"end":{"line":855,"column":55}},"293":{"start":{"line":856,"column":23},"end":{"line":856,"column":60}},"294":{"start":{"line":857,"column":22},"end":{"line":857,"column":58}},"295":{"start":{"line":859,"column":4},"end":{"line":859,"column":61}},"296":{"start":{"line":862,"column":18},"end":{"line":862,"column":48}},"297":{"start":{"line":863,"column":4},"end":{"line":863,"column":34}},"298":{"start":{"line":865,"column":4},"end":{"line":865,"column":34}},"299":{"start":{"line":868,"column":4},"end":{"line":870,"column":5}},"300":{"start":{"line":869,"column":8},"end":{"line":869,"column":58}},"301":{"start":{"line":869,"column":25},"end":{"line":869,"column":51}},"302":{"start":{"line":877,"column":17},"end":{"line":877,"column":44}},"303":{"start":{"line":878,"column":26},"end":{"line":884,"column":6}},"304":{"start":{"line":886,"column":15},"end":{"line":922,"column":5}},"305":{"start":{"line":925,"column":4},"end":{"line":932,"column":6}},"306":{"start":{"line":934,"column":4},"end":{"line":941,"column":5}},"307":{"start":{"line":935,"column":8},"end":{"line":940,"column":10}},"308":{"start":{"line":943,"column":4},"end":{"line":943,"column":21}},"309":{"start":{"line":946,"column":4},"end":{"line":976,"column":5}},"310":{"start":{"line":947,"column":27},"end":{"line":947,"column":89}},"311":{"start":{"line":948,"column":34},"end":{"line":948,"column":84}},"312":{"start":{"line":949,"column":36},"end":{"line":949,"column":93}},"313":{"start":{"line":950,"column":34},"end":{"line":950,"column":86}},"314":{"start":{"line":951,"column":36},"end":{"line":951,"column":76}},"315":{"start":{"line":953,"column":8},"end":{"line":975,"column":10}},"316":{"start":{"line":979,"column":4},"end":{"line":982,"column":6}},"317":{"start":{"line":984,"column":4},"end":{"line":1027,"column":7}},"318":{"start":{"line":985,"column":24},"end":{"line":985,"column":56}},"319":{"start":{"line":986,"column":25},"end":{"line":986,"column":97}},"320":{"start":{"line":987,"column":32},"end":{"line":987,"column":88}},"321":{"start":{"line":988,"column":34},"end":{"line":988,"column":97}},"322":{"start":{"line":989,"column":32},"end":{"line":989,"column":66}},"323":{"start":{"line":990,"column":34},"end":{"line":990,"column":70}},"324":{"start":{"line":991,"column":31},"end":{"line":991,"column":200}},"325":{"start":{"line":993,"column":8},"end":{"line":1026,"column":10}},"326":{"start":{"line":1021,"column":24},"end":{"line":1021,"column":83}},"327":{"start":{"line":1029,"column":4},"end":{"line":1029,"column":21}},"328":{"start":{"line":1032,"column":4},"end":{"line":1032,"column":39}},"329":{"start":{"line":1035,"column":4},"end":{"line":1035,"column":48}},"330":{"start":{"line":1037,"column":4},"end":{"line":1037,"column":16}},"331":{"start":{"line":1044,"column":25},"end":{"line":1044,"column":27}},"332":{"start":{"line":1047,"column":4},"end":{"line":1049,"column":5}},"333":{"start":{"line":1048,"column":8},"end":{"line":1048,"column":76}},"334":{"start":{"line":1052,"column":4},"end":{"line":1054,"column":5}},"335":{"start":{"line":1053,"column":8},"end":{"line":1053,"column":74}},"336":{"start":{"line":1057,"column":4},"end":{"line":1059,"column":5}},"337":{"start":{"line":1058,"column":8},"end":{"line":1058,"column":122}},"338":{"start":{"line":1062,"column":4},"end":{"line":1064,"column":5}},"339":{"start":{"line":1063,"column":8},"end":{"line":1063,"column":111}},"340":{"start":{"line":1067,"column":25},"end":{"line":1067,"column":85}},"341":{"start":{"line":1067,"column":55},"end":{"line":1067,"column":84}},"342":{"start":{"line":1068,"column":30},"end":{"line":1068,"column":63}},"343":{"start":{"line":1069,"column":4},"end":{"line":1071,"column":5}},"344":{"start":{"line":1070,"column":8},"end":{"line":1070,"column":57}},"345":{"start":{"line":1073,"column":4},"end":{"line":1075,"column":5}},"346":{"start":{"line":1074,"column":8},"end":{"line":1074,"column":18}},"347":{"start":{"line":1077,"column":15},"end":{"line":1081,"column":5}},"348":{"start":{"line":1083,"column":4},"end":{"line":1085,"column":7}},"349":{"start":{"line":1084,"column":8},"end":{"line":1084,"column":65}},"350":{"start":{"line":1087,"column":4},"end":{"line":1090,"column":6}},"351":{"start":{"line":1092,"column":4},"end":{"line":1092,"column":16}},"352":{"start":{"line":1099,"column":24},"end":{"line":1099,"column":42}},"353":{"start":{"line":1100,"column":22},"end":{"line":1100,"column":74}},"354":{"start":{"line":1101,"column":25},"end":{"line":1101,"column":75}},"355":{"start":{"line":1104,"column":26},"end":{"line":1104,"column":42}},"356":{"start":{"line":1105,"column":26},"end":{"line":1105,"column":77}},"357":{"start":{"line":1107,"column":15},"end":{"line":1110,"column":5}},"358":{"start":{"line":1113,"column":4},"end":{"line":1148,"column":5}},"359":{"start":{"line":1114,"column":19},"end":{"line":1114,"column":35}},"360":{"start":{"line":1115,"column":29},"end":{"line":1120,"column":9}},"361":{"start":{"line":1121,"column":28},"end":{"line":1121,"column":75}},"362":{"start":{"line":1123,"column":8},"end":{"line":1147,"column":10}},"363":{"start":{"line":1151,"column":4},"end":{"line":1244,"column":5}},"364":{"start":{"line":1153,"column":8},"end":{"line":1184,"column":10}},"365":{"start":{"line":1185,"column":11},"end":{"line":1244,"column":5}},"366":{"start":{"line":1187,"column":8},"end":{"line":1236,"column":10}},"367":{"start":{"line":1239,"column":8},"end":{"line":1243,"column":10}},"368":{"start":{"line":1246,"column":4},"end":{"line":1248,"column":6}},"369":{"start":{"line":1250,"column":4},"end":{"line":1250,"column":16}},"370":{"start":{"line":1258,"column":24},"end":{"line":1258,"column":33}},"371":{"start":{"line":1261,"column":25},"end":{"line":1261,"column":96}},"372":{"start":{"line":1263,"column":4},"end":{"line":1268,"column":7}},"373":{"start":{"line":1264,"column":24},"end":{"line":1264,"column":55}},"374":{"start":{"line":1265,"column":8},"end":{"line":1267,"column":9}},"375":{"start":{"line":1266,"column":12},"end":{"line":1266,"column":38}},"376":{"start":{"line":1270,"column":4},"end":{"line":1270,"column":32}},"377":{"start":{"line":1277,"column":4},"end":{"line":1277,"column":31}},"378":{"start":{"line":1277,"column":24},"end":{"line":1277,"column":31}},"379":{"start":{"line":1280,"column":4},"end":{"line":1318,"column":7}},"380":{"start":{"line":1281,"column":29},"end":{"line":1281,"column":81}},"381":{"start":{"line":1282,"column":8},"end":{"line":1282,"column":34}},"382":{"start":{"line":1282,"column":27},"end":{"line":1282,"column":34}},"383":{"start":{"line":1285,"column":20},"end":{"line":1288,"column":10}},"384":{"start":{"line":1290,"column":34},"end":{"line":1290,"column":69}},"385":{"start":{"line":1291,"column":35},"end":{"line":1294,"column":10}},"386":{"start":{"line":1297,"column":26},"end":{"line":1300,"column":11}},"387":{"start":{"line":1297,"column":73},"end":{"line":1300,"column":9}},"388":{"start":{"line":1302,"column":24},"end":{"line":1307,"column":9}},"389":{"start":{"line":1309,"column":8},"end":{"line":1317,"column":11}},"390":{"start":{"line":1310,"column":12},"end":{"line":1316,"column":13}},"391":{"start":{"line":1311,"column":16},"end":{"line":1311,"column":57}},"392":{"start":{"line":1313,"column":16},"end":{"line":1313,"column":89}},"393":{"start":{"line":1315,"column":16},"end":{"line":1315,"column":46}},"394":{"start":{"line":1325,"column":21},"end":{"line":1325,"column":47}},"395":{"start":{"line":1326,"column":19},"end":{"line":1326,"column":49}},"396":{"start":{"line":1327,"column":22},"end":{"line":1327,"column":59}},"397":{"start":{"line":1329,"column":4},"end":{"line":1342,"column":7}},"398":{"start":{"line":1330,"column":8},"end":{"line":1341,"column":11}},"399":{"start":{"line":1331,"column":12},"end":{"line":1340,"column":13}},"400":{"start":{"line":1332,"column":31},"end":{"line":1337,"column":18}},"401":{"start":{"line":1338,"column":16},"end":{"line":1338,"column":60}},"402":{"start":{"line":1339,"column":16},"end":{"line":1339,"column":38}},"403":{"start":{"line":1351,"column":4},"end":{"line":1351,"column":160}},"404":{"start":{"line":1363,"column":4},"end":{"line":1363,"column":91}},"405":{"start":{"line":1366,"column":25},"end":{"line":1366,"column":46}},"406":{"start":{"line":1369,"column":4},"end":{"line":1372,"column":5}},"407":{"start":{"line":1370,"column":8},"end":{"line":1370,"column":72}},"408":{"start":{"line":1371,"column":8},"end":{"line":1371,"column":64}},"409":{"start":{"line":1376,"column":4},"end":{"line":1381,"column":5}},"410":{"start":{"line":1377,"column":8},"end":{"line":1377,"column":42}},"411":{"start":{"line":1379,"column":8},"end":{"line":1379,"column":85}},"412":{"start":{"line":1380,"column":8},"end":{"line":1380,"column":119}},"413":{"start":{"line":1383,"column":4},"end":{"line":1383,"column":49}},"414":{"start":{"line":1385,"column":4},"end":{"line":1387,"column":5}},"415":{"start":{"line":1386,"column":8},"end":{"line":1386,"column":78}},"416":{"start":{"line":1389,"column":4},"end":{"line":1389,"column":66}},"417":{"start":{"line":1390,"column":4},"end":{"line":1390,"column":18}},"418":{"start":{"line":1397,"column":4},"end":{"line":1400,"column":5}},"419":{"start":{"line":1398,"column":8},"end":{"line":1398,"column":51}},"420":{"start":{"line":1399,"column":8},"end":{"line":1399,"column":21}},"421":{"start":{"line":1402,"column":4},"end":{"line":1405,"column":5}},"422":{"start":{"line":1403,"column":8},"end":{"line":1403,"column":64}},"423":{"start":{"line":1404,"column":8},"end":{"line":1404,"column":91}},"424":{"start":{"line":1407,"column":4},"end":{"line":1433,"column":5}},"425":{"start":{"line":1408,"column":8},"end":{"line":1408,"column":58}},"426":{"start":{"line":1412,"column":25},"end":{"line":1416,"column":10}},"427":{"start":{"line":1418,"column":25},"end":{"line":1424,"column":10}},"428":{"start":{"line":1427,"column":8},"end":{"line":1427,"column":57}},"429":{"start":{"line":1428,"column":8},"end":{"line":1428,"column":20}},"430":{"start":{"line":1431,"column":8},"end":{"line":1431,"column":62}},"431":{"start":{"line":1432,"column":8},"end":{"line":1432,"column":20}},"432":{"start":{"line":1441,"column":21},"end":{"line":1441,"column":59}},"433":{"start":{"line":1442,"column":4},"end":{"line":1457,"column":5}},"434":{"start":{"line":1443,"column":8},"end":{"line":1443,"column":51}},"435":{"start":{"line":1444,"column":8},"end":{"line":1444,"column":38}},"436":{"start":{"line":1445,"column":8},"end":{"line":1455,"column":10}},"437":{"start":{"line":1456,"column":8},"end":{"line":1456,"column":46}},"438":{"start":{"line":1460,"column":19},"end":{"line":1465,"column":5}},"439":{"start":{"line":1467,"column":18},"end":{"line":1467,"column":45}},"440":{"start":{"line":1468,"column":4},"end":{"line":1468,"column":43}},"441":{"start":{"line":1469,"column":4},"end":{"line":1469,"column":62}},"442":{"start":{"line":1470,"column":4},"end":{"line":1470,"column":40}},"443":{"start":{"line":1471,"column":4},"end":{"line":1471,"column":37}},"444":{"start":{"line":1472,"column":4},"end":{"line":1472,"column":39}},"445":{"start":{"line":1475,"column":22},"end":{"line":1475,"column":76}},"446":{"start":{"line":1476,"column":4},"end":{"line":1478,"column":18}},"447":{"start":{"line":1477,"column":8},"end":{"line":1477,"column":42}},"448":{"start":{"line":1485,"column":4},"end":{"line":1485,"column":65}},"449":{"start":{"line":1492,"column":18},"end":{"line":1492,"column":37}},"450":{"start":{"line":1494,"column":4},"end":{"line":1497,"column":5}},"451":{"start":{"line":1495,"column":8},"end":{"line":1495,"column":88}},"452":{"start":{"line":1496,"column":8},"end":{"line":1496,"column":15}},"453":{"start":{"line":1499,"column":24},"end":{"line":1499,"column":75}},"454":{"start":{"line":1500,"column":25},"end":{"line":1500,"column":77}},"455":{"start":{"line":1502,"column":4},"end":{"line":1505,"column":5}},"456":{"start":{"line":1503,"column":8},"end":{"line":1503,"column":61}},"457":{"start":{"line":1504,"column":8},"end":{"line":1504,"column":15}},"458":{"start":{"line":1507,"column":4},"end":{"line":1507,"column":71}},"459":{"start":{"line":1514,"column":18},"end":{"line":1514,"column":37}},"460":{"start":{"line":1516,"column":4},"end":{"line":1519,"column":5}},"461":{"start":{"line":1517,"column":8},"end":{"line":1517,"column":88}},"462":{"start":{"line":1518,"column":8},"end":{"line":1518,"column":15}},"463":{"start":{"line":1521,"column":24},"end":{"line":1521,"column":75}},"464":{"start":{"line":1522,"column":26},"end":{"line":1522,"column":79}},"465":{"start":{"line":1524,"column":4},"end":{"line":1527,"column":5}},"466":{"start":{"line":1525,"column":8},"end":{"line":1525,"column":65}},"467":{"start":{"line":1526,"column":8},"end":{"line":1526,"column":15}},"468":{"start":{"line":1529,"column":4},"end":{"line":1529,"column":75}},"469":{"start":{"line":1536,"column":18},"end":{"line":1536,"column":37}},"470":{"start":{"line":1538,"column":4},"end":{"line":1541,"column":5}},"471":{"start":{"line":1539,"column":8},"end":{"line":1539,"column":88}},"472":{"start":{"line":1540,"column":8},"end":{"line":1540,"column":15}},"473":{"start":{"line":1543,"column":26},"end":{"line":1543,"column":79}},"474":{"start":{"line":1544,"column":27},"end":{"line":1544,"column":62}},"475":{"start":{"line":1546,"column":4},"end":{"line":1546,"column":79}},"476":{"start":{"line":1557,"column":18},"end":{"line":1557,"column":37}},"477":{"start":{"line":1559,"column":4},"end":{"line":1562,"column":5}},"478":{"start":{"line":1560,"column":8},"end":{"line":1560,"column":88}},"479":{"start":{"line":1561,"column":8},"end":{"line":1561,"column":15}},"480":{"start":{"line":1564,"column":24},"end":{"line":1564,"column":42}},"481":{"start":{"line":1565,"column":22},"end":{"line":1565,"column":74}},"482":{"start":{"line":1566,"column":25},"end":{"line":1566,"column":75}},"483":{"start":{"line":1567,"column":22},"end":{"line":1567,"column":90}},"484":{"start":{"line":1568,"column":21},"end":{"line":1568,"column":47}},"485":{"start":{"line":1571,"column":24},"end":{"line":1582,"column":19}},"486":{"start":{"line":1572,"column":26},"end":{"line":1572,"column":56}},"487":{"start":{"line":1573,"column":25},"end":{"line":1573,"column":101}},"488":{"start":{"line":1574,"column":25},"end":{"line":1574,"column":102}},"489":{"start":{"line":1576,"column":8},"end":{"line":1581,"column":40}},"490":{"start":{"line":1584,"column":23},"end":{"line":1584,"column":111}},"491":{"start":{"line":1585,"column":30},"end":{"line":1585,"column":104}},"492":{"start":{"line":1586,"column":32},"end":{"line":1586,"column":94}},"493":{"start":{"line":1591,"column":4},"end":{"line":1644,"column":5}},"494":{"start":{"line":1592,"column":8},"end":{"line":1592,"column":51}},"495":{"start":{"line":1593,"column":8},"end":{"line":1611,"column":14}},"496":{"start":{"line":1612,"column":11},"end":{"line":1644,"column":5}},"497":{"start":{"line":1613,"column":8},"end":{"line":1613,"column":74}},"498":{"start":{"line":1614,"column":8},"end":{"line":1633,"column":14}},"499":{"start":{"line":1634,"column":11},"end":{"line":1644,"column":5}},"500":{"start":{"line":1635,"column":8},"end":{"line":1635,"column":61}},"501":{"start":{"line":1636,"column":8},"end":{"line":1643,"column":14}},"502":{"start":{"line":1647,"column":4},"end":{"line":1756,"column":5}},"503":{"start":{"line":1649,"column":8},"end":{"line":1649,"column":94}},"504":{"start":{"line":1650,"column":8},"end":{"line":1650,"column":201}},"505":{"start":{"line":1653,"column":8},"end":{"line":1653,"column":84}},"506":{"start":{"line":1653,"column":37},"end":{"line":1653,"column":82}},"507":{"start":{"line":1656,"column":8},"end":{"line":1660,"column":9}},"508":{"start":{"line":1657,"column":12},"end":{"line":1657,"column":82}},"509":{"start":{"line":1658,"column":12},"end":{"line":1658,"column":176}},"510":{"start":{"line":1659,"column":12},"end":{"line":1659,"column":19}},"511":{"start":{"line":1662,"column":8},"end":{"line":1666,"column":9}},"512":{"start":{"line":1663,"column":12},"end":{"line":1663,"column":84}},"513":{"start":{"line":1664,"column":12},"end":{"line":1664,"column":204}},"514":{"start":{"line":1665,"column":12},"end":{"line":1665,"column":19}},"515":{"start":{"line":1668,"column":8},"end":{"line":1755,"column":9}},"516":{"start":{"line":1670,"column":12},"end":{"line":1670,"column":63}},"517":{"start":{"line":1672,"column":12},"end":{"line":1677,"column":15}},"518":{"start":{"line":1679,"column":36},"end":{"line":1695,"column":13}},"519":{"start":{"line":1697,"column":12},"end":{"line":1697,"column":64}},"520":{"start":{"line":1701,"column":24},"end":{"line":1701,"column":29}},"521":{"start":{"line":1702,"column":32},"end":{"line":1702,"column":39}},"522":{"start":{"line":1704,"column":12},"end":{"line":1729,"column":13}},"523":{"start":{"line":1705,"column":16},"end":{"line":1724,"column":17}},"524":{"start":{"line":1706,"column":20},"end":{"line":1706,"column":74}},"525":{"start":{"line":1707,"column":20},"end":{"line":1707,"column":71}},"526":{"start":{"line":1708,"column":20},"end":{"line":1708,"column":46}},"527":{"start":{"line":1710,"column":20},"end":{"line":1710,"column":72}},"528":{"start":{"line":1716,"column":20},"end":{"line":1723,"column":21}},"529":{"start":{"line":1717,"column":24},"end":{"line":1717,"column":97}},"530":{"start":{"line":1718,"column":24},"end":{"line":1718,"column":73}},"531":{"start":{"line":1719,"column":24},"end":{"line":1719,"column":48}},"532":{"start":{"line":1722,"column":24},"end":{"line":1722,"column":42}},"533":{"start":{"line":1726,"column":16},"end":{"line":1726,"column":51}},"534":{"start":{"line":1727,"column":16},"end":{"line":1727,"column":65}},"535":{"start":{"line":1728,"column":16},"end":{"line":1728,"column":40}},"536":{"start":{"line":1731,"column":12},"end":{"line":1737,"column":13}},"537":{"start":{"line":1733,"column":16},"end":{"line":1733,"column":102}},"538":{"start":{"line":1736,"column":16},"end":{"line":1736,"column":35}},"539":{"start":{"line":1739,"column":12},"end":{"line":1739,"column":56}},"540":{"start":{"line":1742,"column":31},"end":{"line":1742,"column":58}},"541":{"start":{"line":1743,"column":12},"end":{"line":1749,"column":13}},"542":{"start":{"line":1744,"column":16},"end":{"line":1744,"column":102}},"543":{"start":{"line":1745,"column":19},"end":{"line":1749,"column":13}},"544":{"start":{"line":1746,"column":16},"end":{"line":1746,"column":99}},"545":{"start":{"line":1748,"column":16},"end":{"line":1748,"column":46}},"546":{"start":{"line":1751,"column":12},"end":{"line":1751,"column":56}},"547":{"start":{"line":1754,"column":12},"end":{"line":1754,"column":19}},"548":{"start":{"line":1759,"column":4},"end":{"line":1759,"column":17}},"549":{"start":{"line":1762,"column":27},"end":{"line":1762,"column":54}},"550":{"start":{"line":1763,"column":17},"end":{"line":1763,"column":46}},"551":{"start":{"line":1764,"column":15},"end":{"line":1764,"column":46}},"552":{"start":{"line":1765,"column":16},"end":{"line":1765,"column":70}},"553":{"start":{"line":1767,"column":23},"end":{"line":1767,"column":82}},"554":{"start":{"line":1771,"column":4},"end":{"line":1781,"column":12}},"555":{"start":{"line":1774,"column":25},"end":{"line":1774,"column":52}},"556":{"start":{"line":1775,"column":8},"end":{"line":1775,"column":35}},"557":{"start":{"line":1776,"column":8},"end":{"line":1776,"column":35}},"558":{"start":{"line":1777,"column":8},"end":{"line":1777,"column":40}},"559":{"start":{"line":1778,"column":8},"end":{"line":1778,"column":44}},"560":{"start":{"line":1779,"column":8},"end":{"line":1779,"column":25}},"561":{"start":{"line":1780,"column":8},"end":{"line":1780,"column":44}},"562":{"start":{"line":1788,"column":4},"end":{"line":1791,"column":5}},"563":{"start":{"line":1789,"column":8},"end":{"line":1789,"column":51}},"564":{"start":{"line":1790,"column":8},"end":{"line":1790,"column":21}},"565":{"start":{"line":1793,"column":4},"end":{"line":1795,"column":5}},"566":{"start":{"line":1794,"column":8},"end":{"line":1794,"column":66}},"567":{"start":{"line":1797,"column":4},"end":{"line":1823,"column":5}},"568":{"start":{"line":1798,"column":8},"end":{"line":1798,"column":60}},"569":{"start":{"line":1802,"column":25},"end":{"line":1806,"column":10}},"570":{"start":{"line":1808,"column":25},"end":{"line":1814,"column":10}},"571":{"start":{"line":1817,"column":8},"end":{"line":1817,"column":59}},"572":{"start":{"line":1818,"column":8},"end":{"line":1818,"column":20}},"573":{"start":{"line":1821,"column":8},"end":{"line":1821,"column":64}},"574":{"start":{"line":1822,"column":8},"end":{"line":1822,"column":20}},"575":{"start":{"line":1827,"column":0},"end":{"line":1832,"column":1}},"576":{"start":{"line":1828,"column":18},"end":{"line":1828,"column":55}},"577":{"start":{"line":1829,"column":4},"end":{"line":1831,"column":5}},"578":{"start":{"line":1830,"column":8},"end":{"line":1830,"column":21}},"579":{"start":{"line":1835,"column":0},"end":{"line":1835,"column":41}},"580":{"start":{"line":1836,"column":0},"end":{"line":1836,"column":45}},"581":{"start":{"line":1837,"column":0},"end":{"line":1837,"column":47}}},"fnMap":{"0":{"name":"(anonymous_0)","decl":{"start":{"line":26,"column":46},"end":{"line":26,"column":47}},"loc":{"start":{"line":26,"column":57},"end":{"line":29,"column":1}},"line":26},"1":{"name":"checkAuth","decl":{"start":{"line":34,"column":9},"end":{"line":34,"column":18}},"loc":{"start":{"line":34,"column":21},"end":{"line":43,"column":1}},"line":34},"2":{"name":"setupLoginForm","decl":{"start":{"line":48,"column":9},"end":{"line":48,"column":23}},"loc":{"start":{"line":48,"column":26},"end":{"line":53,"column":1}},"line":48},"3":{"name":"handleLogin","decl":{"start":{"line":58,"column":9},"end":{"line":58,"column":20}},"loc":{"start":{"line":58,"column":28},"end":{"line":73,"column":1}},"line":58},"4":{"name":"logout","decl":{"start":{"line":78,"column":9},"end":{"line":78,"column":15}},"loc":{"start":{"line":78,"column":18},"end":{"line":81,"column":1}},"line":78},"5":{"name":"showLogin","decl":{"start":{"line":86,"column":9},"end":{"line":86,"column":18}},"loc":{"start":{"line":86,"column":21},"end":{"line":89,"column":1}},"line":86},"6":{"name":"showDashboard","decl":{"start":{"line":94,"column":9},"end":{"line":94,"column":22}},"loc":{"start":{"line":94,"column":25},"end":{"line":98,"column":1}},"line":94},"7":{"name":"updateDataSourceBanner","decl":{"start":{"line":103,"column":9},"end":{"line":103,"column":31}},"loc":{"start":{"line":103,"column":34},"end":{"line":115,"column":1}},"line":103},"8":{"name":"buildSheetsApiUrl","decl":{"start":{"line":126,"column":9},"end":{"line":126,"column":26}},"loc":{"start":{"line":126,"column":61},"end":{"line":143,"column":1}},"line":126},"9":{"name":"loadSavedQuoteResponses","decl":{"start":{"line":148,"column":15},"end":{"line":148,"column":38}},"loc":{"start":{"line":148,"column":41},"end":{"line":214,"column":1}},"line":148},"10":{"name":"getQuoteIdentifier","decl":{"start":{"line":223,"column":9},"end":{"line":223,"column":27}},"loc":{"start":{"line":223,"column":35},"end":{"line":225,"column":1}},"line":223},"11":{"name":"mergeQuotesWithResponses","decl":{"start":{"line":230,"column":9},"end":{"line":230,"column":33}},"loc":{"start":{"line":230,"column":55},"end":{"line":243,"column":1}},"line":230},"12":{"name":"(anonymous_12)","decl":{"start":{"line":231,"column":22},"end":{"line":231,"column":23}},"loc":{"start":{"line":231,"column":31},"end":{"line":242,"column":5}},"line":231},"13":{"name":"(anonymous_13)","decl":{"start":{"line":234,"column":44},"end":{"line":234,"column":45}},"loc":{"start":{"line":234,"column":50},"end":{"line":234,"column":87}},"line":234},"14":{"name":"loadQuotes","decl":{"start":{"line":248,"column":15},"end":{"line":248,"column":25}},"loc":{"start":{"line":248,"column":28},"end":{"line":291,"column":1}},"line":248},"15":{"name":"(anonymous_15)","decl":{"start":{"line":279,"column":20},"end":{"line":279,"column":21}},"loc":{"start":{"line":279,"column":30},"end":{"line":279,"column":79}},"line":279},"16":{"name":"showLoadingState","decl":{"start":{"line":296,"column":9},"end":{"line":296,"column":25}},"loc":{"start":{"line":296,"column":28},"end":{"line":303,"column":1}},"line":296},"17":{"name":"showEmptyState","decl":{"start":{"line":308,"column":9},"end":{"line":308,"column":23}},"loc":{"start":{"line":308,"column":26},"end":{"line":317,"column":1}},"line":308},"18":{"name":"escapeHtml","decl":{"start":{"line":322,"column":9},"end":{"line":322,"column":19}},"loc":{"start":{"line":322,"column":26},"end":{"line":326,"column":1}},"line":322},"19":{"name":"showErrorState","decl":{"start":{"line":331,"column":9},"end":{"line":331,"column":23}},"loc":{"start":{"line":331,"column":38},"end":{"line":396,"column":1}},"line":331},"20":{"name":"(anonymous_20)","decl":{"start":{"line":335,"column":13},"end":{"line":335,"column":14}},"loc":{"start":{"line":335,"column":21},"end":{"line":350,"column":9}},"line":335},"21":{"name":"getQuotesFromGoogleSheets","decl":{"start":{"line":401,"column":15},"end":{"line":401,"column":40}},"loc":{"start":{"line":401,"column":43},"end":{"line":514,"column":1}},"line":401},"22":{"name":"parseGoogleSheetsData","decl":{"start":{"line":519,"column":9},"end":{"line":519,"column":30}},"loc":{"start":{"line":519,"column":37},"end":{"line":558,"column":1}},"line":519},"23":{"name":"parseTripDaysText","decl":{"start":{"line":564,"column":9},"end":{"line":564,"column":26}},"loc":{"start":{"line":564,"column":33},"end":{"line":612,"column":1}},"line":564},"24":{"name":"(anonymous_24)","decl":{"start":{"line":568,"column":53},"end":{"line":568,"column":54}},"loc":{"start":{"line":568,"column":58},"end":{"line":568,"column":66}},"line":568},"25":{"name":"(anonymous_25)","decl":{"start":{"line":571,"column":44},"end":{"line":571,"column":45}},"loc":{"start":{"line":571,"column":49},"end":{"line":571,"column":57}},"line":571},"26":{"name":"(anonymous_26)","decl":{"start":{"line":571,"column":66},"end":{"line":571,"column":67}},"loc":{"start":{"line":571,"column":71},"end":{"line":571,"column":72}},"line":571},"27":{"name":"extractRouteInfoFromNotes","decl":{"start":{"line":618,"column":9},"end":{"line":618,"column":34}},"loc":{"start":{"line":618,"column":46},"end":{"line":636,"column":1}},"line":618},"28":{"name":"parseRouteInfoText","decl":{"start":{"line":641,"column":9},"end":{"line":641,"column":27}},"loc":{"start":{"line":641,"column":34},"end":{"line":700,"column":1}},"line":641},"29":{"name":"displayQuotes","decl":{"start":{"line":706,"column":9},"end":{"line":706,"column":22}},"loc":{"start":{"line":706,"column":31},"end":{"line":779,"column":1}},"line":706},"30":{"name":"(anonymous_30)","decl":{"start":{"line":709,"column":34},"end":{"line":709,"column":35}},"loc":{"start":{"line":709,"column":43},"end":{"line":776,"column":5}},"line":709},"31":{"name":"getStatusColor","decl":{"start":{"line":784,"column":9},"end":{"line":784,"column":23}},"loc":{"start":{"line":784,"column":32},"end":{"line":792,"column":1}},"line":784},"32":{"name":"updateStats","decl":{"start":{"line":797,"column":9},"end":{"line":797,"column":20}},"loc":{"start":{"line":797,"column":29},"end":{"line":842,"column":1}},"line":797},"33":{"name":"(anonymous_33)","decl":{"start":{"line":802,"column":36},"end":{"line":802,"column":37}},"loc":{"start":{"line":802,"column":41},"end":{"line":806,"column":5}},"line":802},"34":{"name":"(anonymous_34)","decl":{"start":{"line":809,"column":40},"end":{"line":809,"column":41}},"loc":{"start":{"line":809,"column":45},"end":{"line":809,"column":58}},"line":809},"35":{"name":"(anonymous_35)","decl":{"start":{"line":810,"column":37},"end":{"line":810,"column":38}},"loc":{"start":{"line":810,"column":42},"end":{"line":810,"column":88}},"line":810},"36":{"name":"(anonymous_36)","decl":{"start":{"line":811,"column":41},"end":{"line":811,"column":42}},"loc":{"start":{"line":811,"column":46},"end":{"line":811,"column":96}},"line":811},"37":{"name":"(anonymous_37)","decl":{"start":{"line":812,"column":41},"end":{"line":812,"column":42}},"loc":{"start":{"line":812,"column":46},"end":{"line":812,"column":96}},"line":812},"38":{"name":"(anonymous_38)","decl":{"start":{"line":815,"column":42},"end":{"line":815,"column":43}},"loc":{"start":{"line":815,"column":54},"end":{"line":815,"column":87}},"line":815},"39":{"name":"(anonymous_39)","decl":{"start":{"line":818,"column":37},"end":{"line":818,"column":38}},"loc":{"start":{"line":818,"column":49},"end":{"line":823,"column":5}},"line":818},"40":{"name":"(anonymous_40)","decl":{"start":{"line":826,"column":39},"end":{"line":826,"column":40}},"loc":{"start":{"line":826,"column":51},"end":{"line":831,"column":5}},"line":826},"41":{"name":"showQuoteDetail","decl":{"start":{"line":847,"column":9},"end":{"line":847,"column":24}},"loc":{"start":{"line":847,"column":34},"end":{"line":871,"column":1}},"line":847},"42":{"name":"(anonymous_42)","decl":{"start":{"line":848,"column":36},"end":{"line":848,"column":37}},"loc":{"start":{"line":848,"column":41},"end":{"line":848,"column":57}},"line":848},"43":{"name":"(anonymous_43)","decl":{"start":{"line":869,"column":19},"end":{"line":869,"column":20}},"loc":{"start":{"line":869,"column":25},"end":{"line":869,"column":51}},"line":869},"44":{"name":"generateQuoteDetailHTML","decl":{"start":{"line":876,"column":9},"end":{"line":876,"column":32}},"loc":{"start":{"line":876,"column":40},"end":{"line":1038,"column":1}},"line":876},"45":{"name":"(anonymous_45)","decl":{"start":{"line":984,"column":27},"end":{"line":984,"column":28}},"loc":{"start":{"line":984,"column":43},"end":{"line":1027,"column":5}},"line":984},"46":{"name":"(anonymous_46)","decl":{"start":{"line":1020,"column":39},"end":{"line":1020,"column":40}},"loc":{"start":{"line":1021,"column":24},"end":{"line":1021,"column":83}},"line":1021},"47":{"name":"generateNotableInfo","decl":{"start":{"line":1043,"column":9},"end":{"line":1043,"column":28}},"loc":{"start":{"line":1043,"column":36},"end":{"line":1093,"column":1}},"line":1043},"48":{"name":"(anonymous_48)","decl":{"start":{"line":1067,"column":48},"end":{"line":1067,"column":49}},"loc":{"start":{"line":1067,"column":55},"end":{"line":1067,"column":84}},"line":1067},"49":{"name":"(anonymous_49)","decl":{"start":{"line":1083,"column":25},"end":{"line":1083,"column":26}},"loc":{"start":{"line":1083,"column":33},"end":{"line":1085,"column":5}},"line":1083},"50":{"name":"generateQuoteResponseSection","decl":{"start":{"line":1098,"column":9},"end":{"line":1098,"column":37}},"loc":{"start":{"line":1098,"column":45},"end":{"line":1251,"column":1}},"line":1098},"51":{"name":"checkMultipleStates","decl":{"start":{"line":1257,"column":9},"end":{"line":1257,"column":28}},"loc":{"start":{"line":1257,"column":40},"end":{"line":1271,"column":1}},"line":1257},"52":{"name":"(anonymous_52)","decl":{"start":{"line":1263,"column":22},"end":{"line":1263,"column":23}},"loc":{"start":{"line":1263,"column":34},"end":{"line":1268,"column":5}},"line":1263},"53":{"name":"initializeQuoteMaps","decl":{"start":{"line":1276,"column":9},"end":{"line":1276,"column":28}},"loc":{"start":{"line":1276,"column":36},"end":{"line":1319,"column":1}},"line":1276},"54":{"name":"(anonymous_54)","decl":{"start":{"line":1280,"column":27},"end":{"line":1280,"column":28}},"loc":{"start":{"line":1280,"column":47},"end":{"line":1318,"column":5}},"line":1280},"55":{"name":"(anonymous_55)","decl":{"start":{"line":1297,"column":60},"end":{"line":1297,"column":61}},"loc":{"start":{"line":1297,"column":73},"end":{"line":1300,"column":9}},"line":1297},"56":{"name":"(anonymous_56)","decl":{"start":{"line":1309,"column":41},"end":{"line":1309,"column":42}},"loc":{"start":{"line":1309,"column":66},"end":{"line":1317,"column":9}},"line":1309},"57":{"name":"showMarkersOnly","decl":{"start":{"line":1324,"column":9},"end":{"line":1324,"column":24}},"loc":{"start":{"line":1324,"column":39},"end":{"line":1343,"column":1}},"line":1324},"58":{"name":"(anonymous_58)","decl":{"start":{"line":1329,"column":22},"end":{"line":1329,"column":23}},"loc":{"start":{"line":1329,"column":43},"end":{"line":1342,"column":5}},"line":1329},"59":{"name":"(anonymous_59)","decl":{"start":{"line":1330,"column":48},"end":{"line":1330,"column":49}},"loc":{"start":{"line":1330,"column":74},"end":{"line":1341,"column":9}},"line":1330},"60":{"name":"formatAppsScriptErrorMessage","decl":{"start":{"line":1350,"column":9},"end":{"line":1350,"column":37}},"loc":{"start":{"line":1350,"column":48},"end":{"line":1352,"column":1}},"line":1350},"61":{"name":"handleAppsScriptResponse","decl":{"start":{"line":1362,"column":15},"end":{"line":1362,"column":39}},"loc":{"start":{"line":1362,"column":74},"end":{"line":1391,"column":1}},"line":1362},"62":{"name":"saveQuoteToSheets","decl":{"start":{"line":1396,"column":15},"end":{"line":1396,"column":32}},"loc":{"start":{"line":1396,"column":44},"end":{"line":1434,"column":1}},"line":1396},"63":{"name":"showTemporaryMessage","decl":{"start":{"line":1439,"column":9},"end":{"line":1439,"column":29}},"loc":{"start":{"line":1439,"column":54},"end":{"line":1479,"column":1}},"line":1439},"64":{"name":"(anonymous_64)","decl":{"start":{"line":1476,"column":15},"end":{"line":1476,"column":16}},"loc":{"start":{"line":1476,"column":21},"end":{"line":1478,"column":5}},"line":1476},"65":{"name":"closeModal","decl":{"start":{"line":1484,"column":9},"end":{"line":1484,"column":19}},"loc":{"start":{"line":1484,"column":22},"end":{"line":1486,"column":1}},"line":1484},"66":{"name":"handleSendQuote","decl":{"start":{"line":1491,"column":15},"end":{"line":1491,"column":30}},"loc":{"start":{"line":1491,"column":33},"end":{"line":1508,"column":1}},"line":1491},"67":{"name":"handleAcceptQuote","decl":{"start":{"line":1513,"column":15},"end":{"line":1513,"column":32}},"loc":{"start":{"line":1513,"column":35},"end":{"line":1530,"column":1}},"line":1513},"68":{"name":"handleDeclineQuote","decl":{"start":{"line":1535,"column":15},"end":{"line":1535,"column":33}},"loc":{"start":{"line":1535,"column":36},"end":{"line":1547,"column":1}},"line":1535},"69":{"name":"sendQuoteEmail","decl":{"start":{"line":1556,"column":15},"end":{"line":1556,"column":29}},"loc":{"start":{"line":1556,"column":69},"end":{"line":1782,"column":1}},"line":1556},"70":{"name":"(anonymous_70)","decl":{"start":{"line":1571,"column":43},"end":{"line":1571,"column":44}},"loc":{"start":{"line":1571,"column":57},"end":{"line":1582,"column":5}},"line":1571},"71":{"name":"(anonymous_71)","decl":{"start":{"line":1653,"column":26},"end":{"line":1653,"column":27}},"loc":{"start":{"line":1653,"column":37},"end":{"line":1653,"column":82}},"line":1653},"72":{"name":"(anonymous_72)","decl":{"start":{"line":1771,"column":15},"end":{"line":1771,"column":16}},"loc":{"start":{"line":1771,"column":21},"end":{"line":1781,"column":5}},"line":1771},"73":{"name":"updateQuoteInSheets","decl":{"start":{"line":1787,"column":15},"end":{"line":1787,"column":34}},"loc":{"start":{"line":1787,"column":46},"end":{"line":1824,"column":1}},"line":1787},"74":{"name":"(anonymous_74)","decl":{"start":{"line":1827,"column":17},"end":{"line":1827,"column":18}},"loc":{"start":{"line":1827,"column":33},"end":{"line":1832,"column":1}},"line":1827}},"branchMap":{"0":{"loc":{"start":{"line":37,"column":4},"end":{"line":42,"column":5}},"type":"if","locations":[{"start":{"line":37,"column":4},"end":{"line":42,"column":5}},{"start":{"line":40,"column":11},"end":{"line":42,"column":5}}],"line":37},"1":{"loc":{"start":{"line":50,"column":4},"end":{"line":52,"column":5}},"type":"if","locations":[{"start":{"line":50,"column":4},"end":{"line":52,"column":5}},{"start":{},"end":{}}],"line":50},"2":{"loc":{"start":{"line":64,"column":4},"end":{"line":72,"column":5}},"type":"if","locations":[{"start":{"line":64,"column":4},"end":{"line":72,"column":5}},{"start":{"line":69,"column":11},"end":{"line":72,"column":5}}],"line":64},"3":{"loc":{"start":{"line":105,"column":4},"end":{"line":105,"column":28}},"type":"if","locations":[{"start":{"line":105,"column":4},"end":{"line":105,"column":28}},{"start":{},"end":{}}],"line":105},"4":{"loc":{"start":{"line":107,"column":4},"end":{"line":114,"column":5}},"type":"if","locations":[{"start":{"line":107,"column":4},"end":{"line":114,"column":5}},{"start":{"line":112,"column":11},"end":{"line":114,"column":5}}],"line":107},"5":{"loc":{"start":{"line":107,"column":8},"end":{"line":107,"column":58}},"type":"binary-expr","locations":[{"start":{"line":107,"column":8},"end":{"line":107,"column":27}},{"start":{"line":107,"column":31},"end":{"line":107,"column":58}}],"line":107},"6":{"loc":{"start":{"line":128,"column":4},"end":{"line":130,"column":5}},"type":"if","locations":[{"start":{"line":128,"column":4},"end":{"line":130,"column":5}},{"start":{},"end":{}}],"line":128},"7":{"loc":{"start":{"line":128,"column":8},"end":{"line":128,"column":84}},"type":"binary-expr","locations":[{"start":{"line":128,"column":8},"end":{"line":128,"column":22}},{"start":{"line":128,"column":26},"end":{"line":128,"column":59}},{"start":{"line":128,"column":63},"end":{"line":128,"column":84}}],"line":128},"8":{"loc":{"start":{"line":131,"column":4},"end":{"line":133,"column":5}},"type":"if","locations":[{"start":{"line":131,"column":4},"end":{"line":133,"column":5}},{"start":{},"end":{}}],"line":131},"9":{"loc":{"start":{"line":131,"column":8},"end":{"line":131,"column":72}},"type":"binary-expr","locations":[{"start":{"line":131,"column":8},"end":{"line":131,"column":18}},{"start":{"line":131,"column":22},"end":{"line":131,"column":51}},{"start":{"line":131,"column":55},"end":{"line":131,"column":72}}],"line":131},"10":{"loc":{"start":{"line":134,"column":4},"end":{"line":136,"column":5}},"type":"if","locations":[{"start":{"line":134,"column":4},"end":{"line":136,"column":5}},{"start":{},"end":{}}],"line":134},"11":{"loc":{"start":{"line":134,"column":8},"end":{"line":134,"column":63}},"type":"binary-expr","locations":[{"start":{"line":134,"column":8},"end":{"line":134,"column":15}},{"start":{"line":134,"column":19},"end":{"line":134,"column":45}},{"start":{"line":134,"column":49},"end":{"line":134,"column":63}}],"line":134},"12":{"loc":{"start":{"line":150,"column":19},"end":{"line":150,"column":66}},"type":"binary-expr","locations":[{"start":{"line":150,"column":19},"end":{"line":150,"column":38}},{"start":{"line":150,"column":42},"end":{"line":150,"column":66}}],"line":150},"13":{"loc":{"start":{"line":152,"column":4},"end":{"line":154,"column":5}},"type":"if","locations":[{"start":{"line":152,"column":4},"end":{"line":154,"column":5}},{"start":{},"end":{}}],"line":152},"14":{"loc":{"start":{"line":165,"column":8},"end":{"line":172,"column":9}},"type":"if","locations":[{"start":{"line":165,"column":8},"end":{"line":172,"column":9}},{"start":{},"end":{}}],"line":165},"15":{"loc":{"start":{"line":167,"column":12},"end":{"line":170,"column":13}},"type":"if","locations":[{"start":{"line":167,"column":12},"end":{"line":170,"column":13}},{"start":{},"end":{}}],"line":167},"16":{"loc":{"start":{"line":176,"column":8},"end":{"line":179,"column":9}},"type":"if","locations":[{"start":{"line":176,"column":8},"end":{"line":179,"column":9}},{"start":{},"end":{}}],"line":176},"17":{"loc":{"start":{"line":176,"column":12},"end":{"line":176,"column":51}},"type":"binary-expr","locations":[{"start":{"line":176,"column":12},"end":{"line":176,"column":24}},{"start":{"line":176,"column":28},"end":{"line":176,"column":51}}],"line":176},"18":{"loc":{"start":{"line":190,"column":32},"end":{"line":190,"column":44}},"type":"binary-expr","locations":[{"start":{"line":190,"column":32},"end":{"line":190,"column":38}},{"start":{"line":190,"column":42},"end":{"line":190,"column":44}}],"line":190},"19":{"loc":{"start":{"line":191,"column":27},"end":{"line":191,"column":39}},"type":"binary-expr","locations":[{"start":{"line":191,"column":27},"end":{"line":191,"column":33}},{"start":{"line":191,"column":37},"end":{"line":191,"column":39}}],"line":191},"20":{"loc":{"start":{"line":192,"column":26},"end":{"line":192,"column":38}},"type":"binary-expr","locations":[{"start":{"line":192,"column":26},"end":{"line":192,"column":32}},{"start":{"line":192,"column":36},"end":{"line":192,"column":38}}],"line":192},"21":{"loc":{"start":{"line":193,"column":33},"end":{"line":193,"column":45}},"type":"binary-expr","locations":[{"start":{"line":193,"column":33},"end":{"line":193,"column":39}},{"start":{"line":193,"column":43},"end":{"line":193,"column":45}}],"line":193},"22":{"loc":{"start":{"line":194,"column":30},"end":{"line":194,"column":42}},"type":"binary-expr","locations":[{"start":{"line":194,"column":30},"end":{"line":194,"column":36}},{"start":{"line":194,"column":40},"end":{"line":194,"column":42}}],"line":194},"23":{"loc":{"start":{"line":195,"column":31},"end":{"line":195,"column":43}},"type":"binary-expr","locations":[{"start":{"line":195,"column":31},"end":{"line":195,"column":37}},{"start":{"line":195,"column":41},"end":{"line":195,"column":43}}],"line":195},"24":{"loc":{"start":{"line":196,"column":23},"end":{"line":196,"column":35}},"type":"binary-expr","locations":[{"start":{"line":196,"column":23},"end":{"line":196,"column":29}},{"start":{"line":196,"column":33},"end":{"line":196,"column":35}}],"line":196},"25":{"loc":{"start":{"line":197,"column":25},"end":{"line":197,"column":37}},"type":"binary-expr","locations":[{"start":{"line":197,"column":25},"end":{"line":197,"column":31}},{"start":{"line":197,"column":35},"end":{"line":197,"column":37}}],"line":197},"26":{"loc":{"start":{"line":198,"column":29},"end":{"line":198,"column":41}},"type":"binary-expr","locations":[{"start":{"line":198,"column":29},"end":{"line":198,"column":35}},{"start":{"line":198,"column":39},"end":{"line":198,"column":41}}],"line":198},"27":{"loc":{"start":{"line":199,"column":29},"end":{"line":199,"column":41}},"type":"binary-expr","locations":[{"start":{"line":199,"column":29},"end":{"line":199,"column":35}},{"start":{"line":199,"column":39},"end":{"line":199,"column":41}}],"line":199},"28":{"loc":{"start":{"line":200,"column":35},"end":{"line":200,"column":48}},"type":"binary-expr","locations":[{"start":{"line":200,"column":35},"end":{"line":200,"column":42}},{"start":{"line":200,"column":46},"end":{"line":200,"column":48}}],"line":200},"29":{"loc":{"start":{"line":201,"column":24},"end":{"line":201,"column":37}},"type":"binary-expr","locations":[{"start":{"line":201,"column":24},"end":{"line":201,"column":31}},{"start":{"line":201,"column":35},"end":{"line":201,"column":37}}],"line":201},"30":{"loc":{"start":{"line":202,"column":27},"end":{"line":202,"column":40}},"type":"binary-expr","locations":[{"start":{"line":202,"column":27},"end":{"line":202,"column":34}},{"start":{"line":202,"column":38},"end":{"line":202,"column":40}}],"line":202},"31":{"loc":{"start":{"line":203,"column":26},"end":{"line":203,"column":39}},"type":"binary-expr","locations":[{"start":{"line":203,"column":26},"end":{"line":203,"column":33}},{"start":{"line":203,"column":37},"end":{"line":203,"column":39}}],"line":203},"32":{"loc":{"start":{"line":204,"column":28},"end":{"line":204,"column":41}},"type":"binary-expr","locations":[{"start":{"line":204,"column":28},"end":{"line":204,"column":35}},{"start":{"line":204,"column":39},"end":{"line":204,"column":41}}],"line":204},"33":{"loc":{"start":{"line":205,"column":29},"end":{"line":205,"column":42}},"type":"binary-expr","locations":[{"start":{"line":205,"column":29},"end":{"line":205,"column":36}},{"start":{"line":205,"column":40},"end":{"line":205,"column":42}}],"line":205},"34":{"loc":{"start":{"line":224,"column":11},"end":{"line":224,"column":45}},"type":"binary-expr","locations":[{"start":{"line":224,"column":11},"end":{"line":224,"column":24}},{"start":{"line":224,"column":28},"end":{"line":224,"column":45}}],"line":224},"35":{"loc":{"start":{"line":236,"column":8},"end":{"line":239,"column":9}},"type":"if","locations":[{"start":{"line":236,"column":8},"end":{"line":239,"column":9}},{"start":{},"end":{}}],"line":236},"36":{"loc":{"start":{"line":253,"column":8},"end":{"line":270,"column":9}},"type":"if","locations":[{"start":{"line":253,"column":8},"end":{"line":270,"column":9}},{"start":{"line":268,"column":15},"end":{"line":270,"column":9}}],"line":253},"37":{"loc":{"start":{"line":253,"column":12},"end":{"line":253,"column":62}},"type":"binary-expr","locations":[{"start":{"line":253,"column":12},"end":{"line":253,"column":31}},{"start":{"line":253,"column":35},"end":{"line":253,"column":62}}],"line":253},"38":{"loc":{"start":{"line":258,"column":12},"end":{"line":267,"column":13}},"type":"if","locations":[{"start":{"line":258,"column":12},"end":{"line":267,"column":13}},{"start":{},"end":{}}],"line":258},"39":{"loc":{"start":{"line":258,"column":16},"end":{"line":258,"column":62}},"type":"binary-expr","locations":[{"start":{"line":258,"column":16},"end":{"line":258,"column":33}},{"start":{"line":258,"column":37},"end":{"line":258,"column":62}}],"line":258},"40":{"loc":{"start":{"line":272,"column":8},"end":{"line":276,"column":9}},"type":"if","locations":[{"start":{"line":272,"column":8},"end":{"line":276,"column":9}},{"start":{},"end":{}}],"line":272},"41":{"loc":{"start":{"line":309,"column":23},"end":{"line":309,"column":86}},"type":"cond-expr","locations":[{"start":{"line":309,"column":54},"end":{"line":309,"column":69}},{"start":{"line":309,"column":72},"end":{"line":309,"column":86}}],"line":309},"42":{"loc":{"start":{"line":314,"column":100},"end":{"line":314,"column":179}},"type":"cond-expr","locations":[{"start":{"line":314,"column":131},"end":{"line":314,"column":133}},{"start":{"line":314,"column":136},"end":{"line":314,"column":179}}],"line":314},"43":{"loc":{"start":{"line":340,"column":12},"end":{"line":349,"column":13}},"type":"if","locations":[{"start":{"line":340,"column":12},"end":{"line":349,"column":13}},{"start":{"line":342,"column":19},"end":{"line":349,"column":13}}],"line":340},"44":{"loc":{"start":{"line":342,"column":19},"end":{"line":349,"column":13}},"type":"if","locations":[{"start":{"line":342,"column":19},"end":{"line":349,"column":13}},{"start":{"line":344,"column":19},"end":{"line":349,"column":13}}],"line":342},"45":{"loc":{"start":{"line":344,"column":19},"end":{"line":349,"column":13}},"type":"if","locations":[{"start":{"line":344,"column":19},"end":{"line":349,"column":13}},{"start":{"line":347,"column":19},"end":{"line":349,"column":13}}],"line":344},"46":{"loc":{"start":{"line":403,"column":19},"end":{"line":403,"column":66}},"type":"binary-expr","locations":[{"start":{"line":403,"column":19},"end":{"line":403,"column":38}},{"start":{"line":403,"column":42},"end":{"line":403,"column":66}}],"line":403},"47":{"loc":{"start":{"line":405,"column":4},"end":{"line":407,"column":5}},"type":"if","locations":[{"start":{"line":405,"column":4},"end":{"line":407,"column":5}},{"start":{},"end":{}}],"line":405},"48":{"loc":{"start":{"line":405,"column":8},"end":{"line":405,"column":96}},"type":"binary-expr","locations":[{"start":{"line":405,"column":8},"end":{"line":405,"column":35}},{"start":{"line":405,"column":39},"end":{"line":405,"column":96}}],"line":405},"49":{"loc":{"start":{"line":409,"column":4},"end":{"line":411,"column":5}},"type":"if","locations":[{"start":{"line":409,"column":4},"end":{"line":411,"column":5}},{"start":{},"end":{}}],"line":409},"50":{"loc":{"start":{"line":414,"column":22},"end":{"line":414,"column":66}},"type":"binary-expr","locations":[{"start":{"line":414,"column":22},"end":{"line":414,"column":44}},{"start":{"line":414,"column":48},"end":{"line":414,"column":66}}],"line":414},"51":{"loc":{"start":{"line":423,"column":8},"end":{"line":499,"column":9}},"type":"if","locations":[{"start":{"line":423,"column":8},"end":{"line":499,"column":9}},{"start":{},"end":{}}],"line":423},"52":{"loc":{"start":{"line":424,"column":12},"end":{"line":496,"column":13}},"type":"if","locations":[{"start":{"line":424,"column":12},"end":{"line":496,"column":13}},{"start":{"line":479,"column":19},"end":{"line":496,"column":13}}],"line":424},"53":{"loc":{"start":{"line":433,"column":37},"end":{"line":433,"column":71}},"type":"binary-expr","locations":[{"start":{"line":433,"column":37},"end":{"line":433,"column":65}},{"start":{"line":433,"column":69},"end":{"line":433,"column":71}}],"line":433},"54":{"loc":{"start":{"line":437,"column":16},"end":{"line":476,"column":17}},"type":"if","locations":[{"start":{"line":437,"column":16},"end":{"line":476,"column":17}},{"start":{"line":447,"column":23},"end":{"line":476,"column":17}}],"line":437},"55":{"loc":{"start":{"line":437,"column":20},"end":{"line":439,"column":69}},"type":"binary-expr","locations":[{"start":{"line":437,"column":20},"end":{"line":437,"column":80}},{"start":{"line":438,"column":20},"end":{"line":438,"column":59}},{"start":{"line":439,"column":20},"end":{"line":439,"column":69}}],"line":437},"56":{"loc":{"start":{"line":447,"column":23},"end":{"line":476,"column":17}},"type":"if","locations":[{"start":{"line":447,"column":23},"end":{"line":476,"column":17}},{"start":{"line":455,"column":23},"end":{"line":476,"column":17}}],"line":447},"57":{"loc":{"start":{"line":447,"column":27},"end":{"line":449,"column":69}},"type":"binary-expr","locations":[{"start":{"line":447,"column":27},"end":{"line":447,"column":69}},{"start":{"line":448,"column":27},"end":{"line":448,"column":67}},{"start":{"line":449,"column":27},"end":{"line":449,"column":69}}],"line":447},"58":{"loc":{"start":{"line":455,"column":23},"end":{"line":476,"column":17}},"type":"if","locations":[{"start":{"line":455,"column":23},"end":{"line":476,"column":17}},{"start":{"line":464,"column":23},"end":{"line":476,"column":17}}],"line":455},"59":{"loc":{"start":{"line":455,"column":27},"end":{"line":456,"column":98}},"type":"binary-expr","locations":[{"start":{"line":455,"column":27},"end":{"line":455,"column":87}},{"start":{"line":456,"column":27},"end":{"line":456,"column":98}}],"line":455},"60":{"loc":{"start":{"line":475,"column":53},"end":{"line":475,"column":88}},"type":"binary-expr","locations":[{"start":{"line":475,"column":53},"end":{"line":475,"column":65}},{"start":{"line":475,"column":69},"end":{"line":475,"column":88}}],"line":475},"61":{"loc":{"start":{"line":479,"column":19},"end":{"line":496,"column":13}},"type":"if","locations":[{"start":{"line":479,"column":19},"end":{"line":496,"column":13}},{"start":{"line":486,"column":19},"end":{"line":496,"column":13}}],"line":479},"62":{"loc":{"start":{"line":486,"column":19},"end":{"line":496,"column":13}},"type":"if","locations":[{"start":{"line":486,"column":19},"end":{"line":496,"column":13}},{"start":{},"end":{}}],"line":486},"63":{"loc":{"start":{"line":493,"column":53},"end":{"line":493,"column":114}},"type":"binary-expr","locations":[{"start":{"line":493,"column":53},"end":{"line":493,"column":81}},{"start":{"line":493,"column":85},"end":{"line":493,"column":114}}],"line":493},"64":{"loc":{"start":{"line":503,"column":8},"end":{"line":506,"column":9}},"type":"if","locations":[{"start":{"line":503,"column":8},"end":{"line":506,"column":9}},{"start":{},"end":{}}],"line":503},"65":{"loc":{"start":{"line":503,"column":12},"end":{"line":503,"column":51}},"type":"binary-expr","locations":[{"start":{"line":503,"column":12},"end":{"line":503,"column":24}},{"start":{"line":503,"column":28},"end":{"line":503,"column":51}}],"line":503},"66":{"loc":{"start":{"line":529,"column":47},"end":{"line":529,"column":71}},"type":"binary-expr","locations":[{"start":{"line":529,"column":47},"end":{"line":529,"column":65}},{"start":{"line":529,"column":69},"end":{"line":529,"column":71}}],"line":529},"67":{"loc":{"start":{"line":532,"column":30},"end":{"line":532,"column":51}},"type":"binary-expr","locations":[{"start":{"line":532,"column":30},"end":{"line":532,"column":45}},{"start":{"line":532,"column":49},"end":{"line":532,"column":51}}],"line":532},"68":{"loc":{"start":{"line":537,"column":25},"end":{"line":537,"column":48}},"type":"binary-expr","locations":[{"start":{"line":537,"column":25},"end":{"line":537,"column":42}},{"start":{"line":537,"column":46},"end":{"line":537,"column":48}}],"line":537},"69":{"loc":{"start":{"line":538,"column":29},"end":{"line":538,"column":76}},"type":"binary-expr","locations":[{"start":{"line":538,"column":29},"end":{"line":538,"column":48}},{"start":{"line":538,"column":52},"end":{"line":538,"column":76}}],"line":538},"70":{"loc":{"start":{"line":540,"column":28},"end":{"line":540,"column":54}},"type":"binary-expr","locations":[{"start":{"line":540,"column":28},"end":{"line":540,"column":48}},{"start":{"line":540,"column":52},"end":{"line":540,"column":54}}],"line":540},"71":{"loc":{"start":{"line":541,"column":22},"end":{"line":541,"column":42}},"type":"binary-expr","locations":[{"start":{"line":541,"column":22},"end":{"line":541,"column":36}},{"start":{"line":541,"column":40},"end":{"line":541,"column":42}}],"line":541},"72":{"loc":{"start":{"line":542,"column":23},"end":{"line":542,"column":44}},"type":"binary-expr","locations":[{"start":{"line":542,"column":23},"end":{"line":542,"column":38}},{"start":{"line":542,"column":42},"end":{"line":542,"column":44}}],"line":542},"73":{"loc":{"start":{"line":543,"column":23},"end":{"line":543,"column":44}},"type":"binary-expr","locations":[{"start":{"line":543,"column":23},"end":{"line":543,"column":38}},{"start":{"line":543,"column":42},"end":{"line":543,"column":44}}],"line":543},"74":{"loc":{"start":{"line":544,"column":25},"end":{"line":544,"column":51}},"type":"binary-expr","locations":[{"start":{"line":544,"column":25},"end":{"line":544,"column":42}},{"start":{"line":544,"column":46},"end":{"line":544,"column":51}}],"line":544},"75":{"loc":{"start":{"line":545,"column":29},"end":{"line":545,"column":56}},"type":"binary-expr","locations":[{"start":{"line":545,"column":29},"end":{"line":545,"column":50}},{"start":{"line":545,"column":54},"end":{"line":545,"column":56}}],"line":545},"76":{"loc":{"start":{"line":565,"column":4},"end":{"line":565,"column":53}},"type":"if","locations":[{"start":{"line":565,"column":4},"end":{"line":565,"column":53}},{"start":{},"end":{}}],"line":565},"77":{"loc":{"start":{"line":565,"column":8},"end":{"line":565,"column":41}},"type":"binary-expr","locations":[{"start":{"line":565,"column":8},"end":{"line":565,"column":13}},{"start":{"line":565,"column":17},"end":{"line":565,"column":41}}],"line":565},"78":{"loc":{"start":{"line":572,"column":8},"end":{"line":572,"column":41}},"type":"if","locations":[{"start":{"line":572,"column":8},"end":{"line":572,"column":41}},{"start":{},"end":{}}],"line":572},"79":{"loc":{"start":{"line":581,"column":12},"end":{"line":581,"column":51}},"type":"if","locations":[{"start":{"line":581,"column":12},"end":{"line":581,"column":51}},{"start":{},"end":{}}],"line":581},"80":{"loc":{"start":{"line":581,"column":16},"end":{"line":581,"column":40}},"type":"binary-expr","locations":[{"start":{"line":581,"column":16},"end":{"line":581,"column":26}},{"start":{"line":581,"column":30},"end":{"line":581,"column":40}}],"line":581},"81":{"loc":{"start":{"line":595,"column":16},"end":{"line":600,"column":17}},"type":"if","locations":[{"start":{"line":595,"column":16},"end":{"line":600,"column":17}},{"start":{"line":597,"column":23},"end":{"line":600,"column":17}}],"line":595},"82":{"loc":{"start":{"line":597,"column":23},"end":{"line":600,"column":17}},"type":"if","locations":[{"start":{"line":597,"column":23},"end":{"line":600,"column":17}},{"start":{},"end":{}}],"line":597},"83":{"loc":{"start":{"line":599,"column":20},"end":{"line":599,"column":64}},"type":"if","locations":[{"start":{"line":599,"column":20},"end":{"line":599,"column":64}},{"start":{},"end":{}}],"line":599},"84":{"loc":{"start":{"line":603,"column":12},"end":{"line":605,"column":13}},"type":"if","locations":[{"start":{"line":603,"column":12},"end":{"line":605,"column":13}},{"start":{},"end":{}}],"line":603},"85":{"loc":{"start":{"line":603,"column":16},"end":{"line":603,"column":61}},"type":"binary-expr","locations":[{"start":{"line":603,"column":16},"end":{"line":603,"column":30}},{"start":{"line":603,"column":34},"end":{"line":603,"column":61}}],"line":603},"86":{"loc":{"start":{"line":619,"column":4},"end":{"line":621,"column":5}},"type":"if","locations":[{"start":{"line":619,"column":4},"end":{"line":621,"column":5}},{"start":{},"end":{}}],"line":619},"87":{"loc":{"start":{"line":619,"column":8},"end":{"line":619,"column":62}},"type":"binary-expr","locations":[{"start":{"line":619,"column":8},"end":{"line":619,"column":18}},{"start":{"line":619,"column":22},"end":{"line":619,"column":62}}],"line":619},"88":{"loc":{"start":{"line":626,"column":26},"end":{"line":626,"column":40}},"type":"binary-expr","locations":[{"start":{"line":626,"column":26},"end":{"line":626,"column":34}},{"start":{"line":626,"column":38},"end":{"line":626,"column":40}}],"line":626},"89":{"loc":{"start":{"line":659,"column":8},"end":{"line":661,"column":9}},"type":"if","locations":[{"start":{"line":659,"column":8},"end":{"line":661,"column":9}},{"start":{},"end":{}}],"line":659},"90":{"loc":{"start":{"line":662,"column":8},"end":{"line":664,"column":9}},"type":"if","locations":[{"start":{"line":662,"column":8},"end":{"line":664,"column":9}},{"start":{},"end":{}}],"line":662},"91":{"loc":{"start":{"line":665,"column":8},"end":{"line":667,"column":9}},"type":"if","locations":[{"start":{"line":665,"column":8},"end":{"line":667,"column":9}},{"start":{},"end":{}}],"line":665},"92":{"loc":{"start":{"line":668,"column":8},"end":{"line":670,"column":9}},"type":"if","locations":[{"start":{"line":668,"column":8},"end":{"line":670,"column":9}},{"start":{},"end":{}}],"line":668},"93":{"loc":{"start":{"line":719,"column":27},"end":{"line":720,"column":82}},"type":"cond-expr","locations":[{"start":{"line":720,"column":12},"end":{"line":720,"column":74}},{"start":{"line":720,"column":77},"end":{"line":720,"column":82}}],"line":719},"94":{"loc":{"start":{"line":721,"column":34},"end":{"line":722,"column":123}},"type":"cond-expr","locations":[{"start":{"line":722,"column":12},"end":{"line":722,"column":115}},{"start":{"line":722,"column":118},"end":{"line":722,"column":123}}],"line":721},"95":{"loc":{"start":{"line":721,"column":34},"end":{"line":721,"column":88}},"type":"binary-expr","locations":[{"start":{"line":721,"column":34},"end":{"line":721,"column":49}},{"start":{"line":721,"column":53},"end":{"line":721,"column":88}}],"line":721},"96":{"loc":{"start":{"line":726,"column":28},"end":{"line":728,"column":178}},"type":"cond-expr","locations":[{"start":{"line":727,"column":12},"end":{"line":727,"column":273}},{"start":{"line":728,"column":12},"end":{"line":728,"column":178}}],"line":726},"97":{"loc":{"start":{"line":732,"column":8},"end":{"line":739,"column":9}},"type":"if","locations":[{"start":{"line":732,"column":8},"end":{"line":739,"column":9}},{"start":{},"end":{}}],"line":732},"98":{"loc":{"start":{"line":734,"column":32},"end":{"line":734,"column":138}},"type"
[...]
umn":4},"end":{"line":681,"column":30}},{"start":{},"end":{}}],"line":681},"60":{"loc":{"start":{"line":702,"column":35},"end":{"line":702,"column":72}},"type":"cond-expr","locations":[{"start":{"line":702,"column":53},"end":{"line":702,"column":67}},{"start":{"line":702,"column":70},"end":{"line":702,"column":72}}],"line":702},"61":{"loc":{"start":{"line":713,"column":12},"end":{"line":718,"column":13}},"type":"if","locations":[{"start":{"line":713,"column":12},"end":{"line":718,"column":13}},{"start":{},"end":{}}],"line":713},"62":{"loc":{"start":{"line":713,"column":16},"end":{"line":714,"column":118}},"type":"binary-expr","locations":[{"start":{"line":713,"column":16},"end":{"line":713,"column":19}},{"start":{"line":713,"column":23},"end":{"line":713,"column":35}},{"start":{"line":713,"column":39},"end":{"line":713,"column":57}},{"start":{"line":713,"column":61},"end":{"line":713,"column":99}},{"start":{"line":713,"column":103},"end":{"line":713,"column":125}},{"start":{"line":714,"column":16},"end":{"line":714,"column":28}},{"start":{"line":714,"column":32},"end":{"line":714,"column":50}},{"start":{"line":714,"column":54},"end":{"line":714,"column":92}},{"start":{"line":714,"column":96},"end":{"line":714,"column":118}}],"line":713},"63":{"loc":{"start":{"line":749,"column":8},"end":{"line":751,"column":9}},"type":"if","locations":[{"start":{"line":749,"column":8},"end":{"line":751,"column":9}},{"start":{},"end":{}}],"line":749},"64":{"loc":{"start":{"line":754,"column":8},"end":{"line":768,"column":9}},"type":"if","locations":[{"start":{"line":754,"column":8},"end":{"line":768,"column":9}},{"start":{"line":765,"column":15},"end":{"line":768,"column":9}}],"line":754},"65":{"loc":{"start":{"line":754,"column":12},"end":{"line":754,"column":127}},"type":"binary-expr","locations":[{"start":{"line":754,"column":12},"end":{"line":754,"column":44}},{"start":{"line":754,"column":48},"end":{"line":754,"column":61}},{"start":{"line":754,"column":65},"end":{"line":754,"column":83}},{"start":{"line":754,"column":87},"end":{"line":754,"column":127}}],"line":754},"66":{"loc":{"start":{"line":771,"column":8},"end":{"line":776,"column":9}},"type":"if","locations":[{"start":{"line":771,"column":8},"end":{"line":776,"column":9}},{"start":{},"end":{}}],"line":771},"67":{"loc":{"start":{"line":771,"column":12},"end":{"line":771,"column":70}},"type":"binary-expr","locations":[{"start":{"line":771,"column":12},"end":{"line":771,"column":48}},{"start":{"line":771,"column":52},"end":{"line":771,"column":70}}],"line":771},"68":{"loc":{"start":{"line":773,"column":12},"end":{"line":775,"column":13}},"type":"if","locations":[{"start":{"line":773,"column":12},"end":{"line":775,"column":13}},{"start":{},"end":{}}],"line":773},"69":{"loc":{"start":{"line":784,"column":8},"end":{"line":791,"column":9}},"type":"if","locations":[{"start":{"line":784,"column":8},"end":{"line":791,"column":9}},{"start":{},"end":{}}],"line":784},"70":{"loc":{"start":{"line":784,"column":12},"end":{"line":784,"column":52}},"type":"binary-expr","locations":[{"start":{"line":784,"column":12},"end":{"line":784,"column":26}},{"start":{"line":784,"column":30},"end":{"line":784,"column":52}}],"line":784},"71":{"loc":{"start":{"line":794,"column":8},"end":{"line":801,"column":9}},"type":"if","locations":[{"start":{"line":794,"column":8},"end":{"line":801,"column":9}},{"start":{},"end":{}}],"line":794},"72":{"loc":{"start":{"line":794,"column":12},"end":{"line":794,"column":106}},"type":"binary-expr","locations":[{"start":{"line":794,"column":12},"end":{"line":794,"column":26}},{"start":{"line":794,"column":30},"end":{"line":794,"column":62}},{"start":{"line":794,"column":66},"end":{"line":794,"column":106}}],"line":794},"73":{"loc":{"start":{"line":813,"column":8},"end":{"line":815,"column":9}},"type":"if","locations":[{"start":{"line":813,"column":8},"end":{"line":815,"column":9}},{"start":{},"end":{}}],"line":813},"74":{"loc":{"start":{"line":814,"column":47},"end":{"line":814,"column":129}},"type":"binary-expr","locations":[{"start":{"line":814,"column":47},"end":{"line":814,"column":60}},{"start":{"line":814,"column":64},"end":{"line":814,"column":129}}],"line":814},"75":{"loc":{"start":{"line":852,"column":8},"end":{"line":878,"column":9}},"type":"if","locations":[{"start":{"line":852,"column":8},"end":{"line":878,"column":9}},{"start":{},"end":{}}],"line":852},"76":{"loc":{"start":{"line":852,"column":12},"end":{"line":852,"column":60}},"type":"binary-expr","locations":[{"start":{"line":852,"column":12},"end":{"line":852,"column":21}},{"start":{"line":852,"column":25},"end":{"line":852,"column":34}},{"start":{"line":852,"column":38},"end":{"line":852,"column":45}},{"start":{"line":852,"column":49},"end":{"line":852,"column":60}}],"line":852},"77":{"loc":{"start":{"line":857,"column":29},"end":{"line":857,"column":70}},"type":"cond-expr","locations":[{"start":{"line":857,"column":43},"end":{"line":857,"column":62}},{"start":{"line":857,"column":65},"end":{"line":857,"column":70}}],"line":857},"78":{"loc":{"start":{"line":864,"column":12},"end":{"line":875,"column":13}},"type":"if","locations":[{"start":{"line":864,"column":12},"end":{"line":875,"column":13}},{"start":{},"end":{}}],"line":864},"79":{"loc":{"start":{"line":868,"column":20},"end":{"line":873,"column":21}},"type":"if","locations":[{"start":{"line":868,"column":20},"end":{"line":873,"column":21}},{"start":{},"end":{}}],"line":868},"80":{"loc":{"start":{"line":870,"column":24},"end":{"line":872,"column":25}},"type":"if","locations":[{"start":{"line":870,"column":24},"end":{"line":872,"column":25}},{"start":{},"end":{}}],"line":870},"81":{"loc":{"start":{"line":870,"column":28},"end":{"line":870,"column":91}},"type":"binary-expr","locations":[{"start":{"line":870,"column":28},"end":{"line":870,"column":40}},{"start":{"line":870,"column":44},"end":{"line":870,"column":62}},{"start":{"line":870,"column":66},"end":{"line":870,"column":91}}],"line":870},"82":{"loc":{"start":{"line":886,"column":23},"end":{"line":886,"column":72}},"type":"binary-expr","locations":[{"start":{"line":886,"column":23},"end":{"line":886,"column":63}},{"start":{"line":886,"column":67},"end":{"line":886,"column":72}}],"line":886},"83":{"loc":{"start":{"line":888,"column":21},"end":{"line":888,"column":68}},"type":"binary-expr","locations":[{"start":{"line":888,"column":21},"end":{"line":888,"column":59}},{"start":{"line":888,"column":63},"end":{"line":888,"column":68}}],"line":888},"84":{"loc":{"start":{"line":898,"column":4},"end":{"line":898,"column":48}},"type":"if","locations":[{"start":{"line":898,"column":4},"end":{"line":898,"column":48}},{"start":{},"end":{}}],"line":898},"85":{"loc":{"start":{"line":902,"column":8},"end":{"line":902,"column":70}},"type":"if","locations":[{"start":{"line":902,"column":8},"end":{"line":902,"column":70}},{"start":{},"end":{}}],"line":902},"86":{"loc":{"start":{"line":902,"column":12},"end":{"line":902,"column":55}},"type":"binary-expr","locations":[{"start":{"line":902,"column":12},"end":{"line":902,"column":21}},{"start":{"line":902,"column":25},"end":{"line":902,"column":39}},{"start":{"line":902,"column":43},"end":{"line":902,"column":55}}],"line":902},"87":{"loc":{"start":{"line":903,"column":8},"end":{"line":903,"column":38}},"type":"if","locations":[{"start":{"line":903,"column":8},"end":{"line":903,"column":38}},{"start":{},"end":{}}],"line":903},"88":{"loc":{"start":{"line":904,"column":8},"end":{"line":904,"column":77}},"type":"if","locations":[{"start":{"line":904,"column":8},"end":{"line":904,"column":77}},{"start":{},"end":{}}],"line":904},"89":{"loc":{"start":{"line":904,"column":12},"end":{"line":904,"column":62}},"type":"binary-expr","locations":[{"start":{"line":904,"column":12},"end":{"line":904,"column":32}},{"start":{"line":904,"column":36},"end":{"line":904,"column":62}}],"line":904},"90":{"loc":{"start":{"line":907,"column":4},"end":{"line":907,"column":70}},"type":"if","locations":[{"start":{"line":907,"column":4},"end":{"line":907,"column":70}},{"start":{},"end":{}}],"line":907},"91":{"loc":{"start":{"line":907,"column":8},"end":{"line":907,"column":55}},"type":"binary-expr","locations":[{"start":{"line":907,"column":8},"end":{"line":907,"column":28}},{"start":{"line":907,"column":32},"end":{"line":907,"column":55}}],"line":907},"92":{"loc":{"start":{"line":908,"column":4},"end":{"line":908,"column":37}},"type":"if","locations":[{"start":{"line":908,"column":4},"end":{"line":908,"column":37}},{"start":{},"end":{}}],"line":908},"93":{"loc":{"start":{"line":909,"column":4},"end":{"line":909,"column":38}},"type":"if","locations":[{"start":{"line":909,"column":4},"end":{"line":909,"column":38}},{"start":{},"end":{}}],"line":909},"94":{"loc":{"start":{"line":910,"column":4},"end":{"line":910,"column":38}},"type":"if","locations":[{"start":{"line":910,"column":4},"end":{"line":910,"column":38}},{"start":{},"end":{}}],"line":910},"95":{"loc":{"start":{"line":911,"column":4},"end":{"line":911,"column":44}},"type":"if","locations":[{"start":{"line":911,"column":4},"end":{"line":911,"column":44}},{"start":{},"end":{}}],"line":911},"96":{"loc":{"start":{"line":915,"column":4},"end":{"line":915,"column":55}},"type":"if","locations":[{"start":{"line":915,"column":4},"end":{"line":915,"column":55}},{"start":{},"end":{}}],"line":915},"97":{"loc":{"start":{"line":925,"column":4},"end":{"line":931,"column":5}},"type":"if","locations":[{"start":{"line":925,"column":4},"end":{"line":931,"column":5}},{"start":{},"end":{}}],"line":925},"98":{"loc":{"start":{"line":925,"column":8},"end":{"line":925,"column":101}},"type":"binary-expr","locations":[{"start":{"line":925,"column":8},"end":{"line":925,"column":36}},{"start":{"line":925,"column":40},"end":{"line":925,"column":101}}],"line":925},"99":{"loc":{"start":{"line":936,"column":35},"end":{"line":936,"column":72}},"type":"cond-expr","locations":[{"start":{"line":936,"column":53},"end":{"line":936,"column":67}},{"start":{"line":936,"column":70},"end":{"line":936,"column":72}}],"line":936},"100":{"loc":{"start":{"line":950,"column":4},"end":{"line":952,"column":5}},"type":"if","locations":[{"start":{"line":950,"column":4},"end":{"line":952,"column":5}},{"start":{},"end":{}}],"line":950},"101":{"loc":{"start":{"line":953,"column":4},"end":{"line":955,"column":5}},"type":"if","locations":[{"start":{"line":953,"column":4},"end":{"line":955,"column":5}},{"start":{},"end":{}}],"line":953},"102":{"loc":{"start":{"line":956,"column":4},"end":{"line":958,"column":5}},"type":"if","locations":[{"start":{"line":956,"column":4},"end":{"line":958,"column":5}},{"start":{},"end":{}}],"line":956},"103":{"loc":{"start":{"line":959,"column":4},"end":{"line":961,"column":5}},"type":"if","locations":[{"start":{"line":959,"column":4},"end":{"line":961,"column":5}},{"start":{},"end":{}}],"line":959},"104":{"loc":{"start":{"line":962,"column":4},"end":{"line":964,"column":5}},"type":"if","locations":[{"start":{"line":962,"column":4},"end":{"line":964,"column":5}},{"start":{},"end":{}}],"line":962},"105":{"loc":{"start":{"line":965,"column":4},"end":{"line":967,"column":5}},"type":"if","locations":[{"start":{"line":965,"column":4},"end":{"line":967,"column":5}},{"start":{},"end":{}}],"line":965},"106":{"loc":{"start":{"line":968,"column":4},"end":{"line":970,"column":5}},"type":"if","locations":[{"start":{"line":968,"column":4},"end":{"line":970,"column":5}},{"start":{},"end":{}}],"line":968},"107":{"loc":{"start":{"line":971,"column":4},"end":{"line":973,"column":5}},"type":"if","locations":[{"start":{"line":971,"column":4},"end":{"line":973,"column":5}},{"start":{},"end":{}}],"line":971},"108":{"loc":{"start":{"line":975,"column":31},"end":{"line":977,"column":22}},"type":"cond-expr","locations":[{"start":{"line":976,"column":8},"end":{"line":976,"column":68}},{"start":{"line":977,"column":8},"end":{"line":977,"column":22}}],"line":975},"109":{"loc":{"start":{"line":978,"column":4},"end":{"line":980,"column":5}},"type":"if","locations":[{"start":{"line":978,"column":4},"end":{"line":980,"column":5}},{"start":{},"end":{}}],"line":978},"110":{"loc":{"start":{"line":982,"column":4},"end":{"line":984,"column":5}},"type":"if","locations":[{"start":{"line":982,"column":4},"end":{"line":984,"column":5}},{"start":{},"end":{}}],"line":982},"111":{"loc":{"start":{"line":982,"column":8},"end":{"line":982,"column":64}},"type":"binary-expr","locations":[{"start":{"line":982,"column":8},"end":{"line":982,"column":42}},{"start":{"line":982,"column":46},"end":{"line":982,"column":64}}],"line":982},"112":{"loc":{"start":{"line":1028,"column":4},"end":{"line":1031,"column":5}},"type":"if","locations":[{"start":{"line":1028,"column":4},"end":{"line":1031,"column":5}},{"start":{},"end":{}}],"line":1028},"113":{"loc":{"start":{"line":1038,"column":17},"end":{"line":1038,"column":42}},"type":"binary-expr","locations":[{"start":{"line":1038,"column":17},"end":{"line":1038,"column":33}},{"start":{"line":1038,"column":37},"end":{"line":1038,"column":42}}],"line":1038},"114":{"loc":{"start":{"line":1042,"column":15},"end":{"line":1042,"column":39}},"type":"binary-expr","locations":[{"start":{"line":1042,"column":15},"end":{"line":1042,"column":29}},{"start":{"line":1042,"column":33},"end":{"line":1042,"column":39}}],"line":1042},"115":{"loc":{"start":{"line":1069,"column":4},"end":{"line":1072,"column":5}},"type":"if","locations":[{"start":{"line":1069,"column":4},"end":{"line":1072,"column":5}},{"start":{},"end":{}}],"line":1069},"116":{"loc":{"start":{"line":1075,"column":4},"end":{"line":1078,"column":5}},"type":"if","locations":[{"start":{"line":1075,"column":4},"end":{"line":1078,"column":5}},{"start":{},"end":{}}],"line":1075},"117":{"loc":{"start":{"line":1082,"column":4},"end":{"line":1084,"column":5}},"type":"if","locations":[{"start":{"line":1082,"column":4},"end":{"line":1084,"column":5}},{"start":{},"end":{}}],"line":1082},"118":{"loc":{"start":{"line":1092,"column":17},"end":{"line":1092,"column":42}},"type":"binary-expr","locations":[{"start":{"line":1092,"column":17},"end":{"line":1092,"column":33}},{"start":{"line":1092,"column":37},"end":{"line":1092,"column":42}}],"line":1092},"119":{"loc":{"start":{"line":1096,"column":15},"end":{"line":1096,"column":39}},"type":"binary-expr","locations":[{"start":{"line":1096,"column":15},"end":{"line":1096,"column":29}},{"start":{"line":1096,"column":33},"end":{"line":1096,"column":39}}],"line":1096},"120":{"loc":{"start":{"line":1097,"column":20},"end":{"line":1097,"column":70}},"type":"binary-expr","locations":[{"start":{"line":1097,"column":20},"end":{"line":1097,"column":33}},{"start":{"line":1097,"column":37},"end":{"line":1097,"column":70}}],"line":1097},"121":{"loc":{"start":{"line":1125,"column":30},"end":{"line":1125,"column":83}},"type":"cond-expr","locations":[{"start":{"line":1125,"column":48},"end":{"line":1125,"column":78}},{"start":{"line":1125,"column":81},"end":{"line":1125,"column":83}}],"line":1125}},"s":{"0":0,"1":0,"2":0,"3":0,"4":0,"5":0,"6":0,"7":0,"8":0,"9":0,"10":0,"11":0,"12":0,"13":0,"14":0,"15":0,"16":0,"17":0,"18":0,"19":0,"20":0,"21":0,"22":0,"23":0,"24":0,"25":0,"26":0,"27":0,"28":0,"29":0,"30":0,"31":0,"32":0,"33":0,"34":0,"35":0,"36":0,"37":0,"38":0,"39":0,"40":0,"41":0,"42":0,"43":0,"44":0,"45":0,"46":0,"47":0,"48":0,"49":0,"50":0,"51":0,"52":0,"53":0,"54":0,"55":0,"56":0,"57":0,"58":0,"59":0,"60":0,"61":0,"62":0,"63":0,"64":0,"65":0,"66":0,"67":0,"68":0,"69":0,"70":0,"71":0,"72":0,"73":0,"74":0,"75":0,"76":0,"77":0,"78":0,"79":0,"80":0,"81":0,"82":0,"83":0,"84":0,"85":0,"86":0,"87":0,"88":0,"89":0,"90":0,"91":0,"92":0,"93":0,"94":0,"95":0,"96":0,"97":0,"98":0,"99":0,"100":0,"101":0,"102":0,"103":0,"104":0,"105":0,"106":0,"107":0,"108":0,"109":0,"110":0,"111":0,"112":0,"113":0,"114":0,"115":0,"116":0,"117":0,"118":0,"119":0,"120":0,"121":0,"122":0,"123":0,"124":0,"125":0,"126":0,"127":0,"128":0,"129":0,"130":0,"131":0,"132":0,"133":0,"134":0,"135":0,"136":0,"137":0,"138":0,"139":0,"140":0,"141":0,"142":0,"143":0,"144":0,"145":0,"146":0,"147":0,"148":0,"149":0,"150":0,"151":0,"152":0,"153":0,"154":0,"155":0,"156":0,"157":0,"158":0,"159":0,"160":0,"161":0,"162":0,"163":0,"164":0,"165":0,"166":0,"167":0,"168":0,"169":0,"170":0,"171":0,"172":0,"173":0,"174":0,"175":0,"176":0,"177":0,"178":0,"179":0,"180":0,"181":0,"182":0,"183":0,"184":0,"185":0,"186":0,"187":0,"188":0,"189":0,"190":0,"191":0,"192":0,"193":0,"194":0,"195":0,"196":0,"197":0,"198":0,"199":0,"200":0,"201":0,"202":0,"203":0,"204":0,"205":0,"206":0,"207":0,"208":0,"209":0,"210":0,"211":0,"212":0,"213":0,"214":0,"215":0,"216":0,"217":0,"218":0,"219":0,"220":0,"221":0,"222":0,"223":0,"224":0,"225":0,"226":0,"227":0,"228":0,"229":0,"230":0,"231":0,"232":0,"233":0,"234":0,"235":0,"236":0,"237":0,"238":0,"239":0,"240":0,"241":0,"242":0,"243":0,"244":0,"245":0,"246":0,"247":0,"248":0,"249":0,"250":0,"251":0,"252":0,"253":0,"254":0,"255":0,"256":0,"257":0,"258":0,"259":0,"260":0,"261":0,"262":0,"263":0,"264":0,"265":0,"266":0,"267":0,"268":0,"269":0,"270":0,"271":0,"272":0,"273":0,"274":0,"275":0,"276":0,"277":0,"278":0,"279":0,"280":0,"281":0,"282":0,"283":0,"284":0,"285":0,"286":0,"287":0,"288":0,"289":0,"290":0,"291":0,"292":0,"293":0,"294":0,"295":0,"296":0,"297":0,"298":0,"299":0,"300":0,"301":0,"302":0,"303":0,"304":0,"305":0,"306":0,"307":0,"308":0,"309":0,"310":0,"311":0,"312":0,"313":0,"314":0,"315":0,"316":0,"317":0,"318":0,"319":0,"320":0,"321":0,"322":0,"323":0,"324":0,"325":0,"326":0,"327":0,"328":0,"329":0,"330":0,"331":0,"332":0,"333":0,"334":0,"335":0,"336":0,"337":0,"338":0,"339":0,"340":0,"341":0,"342":0,"343":0,"344":0,"345":0,"346":0,"347":0,"348":0,"349":0,"350":0,"351":0,"352":0,"353":0,"354":0,"355":0,"356":0,"357":0,"358":0,"359":0,"360":0,"361":0,"362":0,"363":0,"364":0,"365":0,"366":0,"367":0,"368":0,"369":0,"370":0,"371":0,"372":0,"373":0,"374":0,"375":0,"376":0,"377":0,"378":0,"379":0,"380":0,"381":0,"382":0,"383":0,"384":0,"385":0,"386":0,"387":0,"388":0,"389":0,"390":0,"391":0,"392":0,"393":0,"394":0,"395":0,"396":0,"397":0,"398":0,"399":0,"400":0,"401":0,"402":0,"403":0,"404":0,"405":0,"406":0,"407":0,"408":0,"409":0,"410":0,"411":0,"412":0,"413":0,"414":0,"415":0,"416":0,"417":0,"418":0,"419":0,"420":0,"421":0},"f":{"0":0,"1":0,"2":0,"3":0,"4":0,"5":0,"6":0,"7":0,"8":0,"9":0,"10":0,"11":0,"12":0,"13":0,"14":0,"15":0,"16":0,"17":0,"18":0,"19":0,"20":0,"21":0,"22":0,"23":0,"24":0,"25":0,"26":0,"27":0,"28":0,"29":0,"30":0,"31":0,"32":0,"33":0,"34":0,"35":0,"36":0,"37":0,"38":0,"39":0,"40":0,"41":0,"42":0,"43":0,"44":0,"45":0,"46":0,"47":0,"48":0},"b":{"0":[0,0],"1":[0,0],"2":[0,0],"3":[0,0],"4":[0,0],"5":[0,0],"6":[0,0],"7":[0,0],"8":[0,0],"9":[0,0],"10":[0,0],"11":[0,0],"12":[0,0],"13":[0,0],"14":[0,0],"15":[0,0],"16":[0,0],"17":[0,0],"18":[0],"19":[0,0],"20":[0,0],"21":[0,0],"22":[0,0,0],"23":[0,0],"24":[0,0],"25":[0,0,0,0,0,0],"26":[0,0],"27":[0,0],"28":[0,0],"29":[0,0],"30":[0,0],"31":[0,0],"32":[0,0],"33":[0,0],"34":[0,0,0,0],"35":[0,0],"36":[0,0],"37":[0,0],"38":[0,0],"39":[0,0],"40":[0,0],"41":[0,0],"42":[0,0],"43":[0,0],"44":[0,0],"45":[0,0],"46":[0,0],"47":[0,0],"48":[0,0],"49":[0,0],"50":[0,0],"51":[0,0],"52":[0,0],"53":[0,0],"54":[0,0],"55":[0,0],"56":[0,0],"57":[0,0],"58":[0,0],"59":[0,0],"60":[0,0],"61":[0,0],"62":[0,0,0,0,0,0,0,0,0],"63":[0,0],"64":[0,0],"65":[0,0,0,0],"66":[0,0],"67":[0,0],"68":[0,0],"69":[0,0],"70":[0,0],"71":[0,0],"72":[0,0,0],"73":[0,0],"74":[0,0],"75":[0,0],"76":[0,0,0,0],"77":[0,0],"78":[0,0],"79":[0,0],"80":[0,0],"81":[0,0,0],"82":[0,0],"83":[0,0],"84":[0,0],"85":[0,0],"86":[0,0,0],"87":[0,0],"88":[0,0],"89":[0,0],"90":[0,0],"91":[0,0],"92":[0,0],"93":[0,0],"94":[0,0],"95":[0,0],"96":[0,0],"97":[0,0],"98":[0,0],"99":[0,0],"100":[0,0],"101":[0,0],"102":[0,0],"103":[0,0],"104":[0,0],"105":[0,0],"106":[0,0],"107":[0,0],"108":[0,0],"109":[0,0],"110":[0,0],"111":[0,0],"112":[0,0],"113":[0,0],"114":[0,0],"115":[0,0],"116":[0,0],"117":[0,0],"118":[0,0],"119":[0,0],"120":[0,0],"121":[0,0]}}
}
