TN:
SF:admin.js
FN:26,(anonymous_0)
FN:34,checkAuth
FN:48,setupLoginForm
FN:58,handleLogin
FN:78,logout
FN:86,showLogin
FN:94,showDashboard
FN:103,updateDataSourceBanner
FN:126,buildSheetsApiUrl
FN:148,loadSavedQuoteResponses
FN:223,getQuoteIdentifier
FN:230,mergeQuotesWithResponses
FN:231,(anonymous_12)
FN:234,(anonymous_13)
FN:248,loadQuotes
FN:279,(anonymous_15)
FN:296,showLoadingState
FN:308,showEmptyState
FN:322,escapeHtml
FN:331,showErrorState
FN:335,(anonymous_20)
FN:401,getQuotesFromGoogleSheets
FN:519,parseGoogleSheetsData
FN:564,parseTripDaysText
FN:568,(anonymous_24)
FN:571,(anonymous_25)
FN:571,(anonymous_26)
FN:618,extractRouteInfoFromNotes
FN:641,parseRouteInfoText
FN:706,displayQuotes
FN:709,(anonymous_30)
FN:784,getStatusColor
FN:797,updateStats
FN:802,(anonymous_33)
FN:809,(anonymous_34)
FN:810,(anonymous_35)
FN:811,(anonymous_36)
FN:812,(anonymous_37)
FN:815,(anonymous_38)
FN:818,(anonymous_39)
FN:826,(anonymous_40)
FN:847,showQuoteDetail
FN:848,(anonymous_42)
FN:869,(anonymous_43)
FN:876,generateQuoteDetailHTML
FN:984,(anonymous_45)
FN:1020,(anonymous_46)
FN:1043,generateNotableInfo
FN:1067,(anonymous_48)
FN:1083,(anonymous_49)
FN:1098,generateQuoteResponseSection
FN:1257,checkMultipleStates
FN:1263,(anonymous_52)
FN:1276,initializeQuoteMaps
FN:1280,(anonymous_54)
FN:1297,(anonymous_55)
FN:1309,(anonymous_56)
FN:1324,showMarkersOnly
FN:1329,(anonymous_58)
FN:1330,(anonymous_59)
FN:1350,formatAppsScriptErrorMessage
FN:1362,handleAppsScriptResponse
FN:1396,saveQuoteToSheets
FN:1439,showTemporaryMessage
FN:1476,(anonymous_64)
FN:1484,closeModal
FN:1491,handleSendQuote
FN:1513,handleAcceptQuote
FN:1535,handleDeclineQuote
FN:1556,sendQuoteEmail
FN:1571,(anonymous_70)
FN:1653,(anonymous_71)
FN:1771,(anonymous_72)
FN:1787,updateQuoteInSheets
FN:1827,(anonymous_74)
FNF:75
FNH:0
FNDA:0,(anonymous_0)
FNDA:0,checkAuth
FNDA:0,setupLoginForm
FNDA:0,handleLogin
FNDA:0,logout
FNDA:0,showLogin
FNDA:0,showDashboard
FNDA:0,updateDataSourceBanner
FNDA:0,buildSheetsApiUrl
FNDA:0,loadSavedQuoteResponses
FNDA:0,getQuoteIdentifier
FNDA:0,mergeQuotesWithResponses
FNDA:0,(anonymous_12)
FNDA:0,(anonymous_13)
FNDA:0,loadQuotes
FNDA:0,(anonymous_15)
FNDA:0,showLoadingState
FNDA:0,showEmptyState
FNDA:0,escapeHtml
FNDA:0,showErrorState
FNDA:0,(anonymous_20)
FNDA:0,getQuotesFromGoogleSheets
FNDA:0,parseGoogleSheetsData
FNDA:0,parseTripDaysText
FNDA:0,(anonymous_24)
FNDA:0,(anonymous_25)
FNDA:0,(anonymous_26)
FNDA:0,extractRouteInfoFromNotes
FNDA:0,parseRouteInfoText
FNDA:0,displayQuotes
FNDA:0,(anonymous_30)
FNDA:0,getStatusColor
FNDA:0,updateStats
FNDA:0,(anonymous_33)
FNDA:0,(anonymous_34)
FNDA:0,(anonymous_35)
FNDA:0,(anonymous_36)
FNDA:0,(anonymous_37)
FNDA:0,(anonymous_38)
FNDA:0,(anonymous_39)
FNDA:0,(anonymous_40)
FNDA:0,showQuoteDetail
FNDA:0,(anonymous_42)
FNDA:0,(anonymous_43)
FNDA:0,generateQuoteDetailHTML
FNDA:0,(anonymous_45)
FNDA:0,(anonymous_46)
FNDA:0,generateNotableInfo
FNDA:0,(anonymous_48)
FNDA:0,(anonymous_49)
FNDA:0,generateQuoteResponseSection
FNDA:0,checkMultipleStates
FNDA:0,(anonymous_52)
FNDA:0,initializeQuoteMaps
FNDA:0,(anonymous_54)
FNDA:0,(anonymous_55)
FNDA:0,(anonymous_56)
FNDA:0,showMarkersOnly
FNDA:0,(anonymous_58)
FNDA:0,(anonymous_59)
FNDA:0,formatAppsScriptErrorMessage
FNDA:0,handleAppsScriptResponse
FNDA:0,saveQuoteToSheets
FNDA:0,showTemporaryMessage
FNDA:0,(anonymous_64)
FNDA:0,closeModal
FNDA:0,handleSendQuote
FNDA:0,handleAcceptQuote
FNDA:0,handleDeclineQuote
FNDA:0,sendQuoteEmail
FNDA:0,(anonymous_70)
FNDA:0,(anonymous_71)
FNDA:0,(anonymous_72)
FNDA:0,updateQuoteInSheets
FNDA:0,(anonymous_74)
DA:5,0
DA:6,0
DA:7,0
DA:10,0
DA:11,0
DA:14,0
DA:17,0
DA:26,0
DA:27,0
DA:28,0
DA:35,0
DA:37,0
DA:38,0
DA:39,0
DA:41,0
DA:49,0
DA:50,0
DA:51,0
DA:59,0
DA:60,0
DA:61,0
DA:64,0
DA:65,0
DA:66,0
DA:67,0
DA:68,0
DA:70,0
DA:71,0
DA:79,0
DA:80,0
DA:87,0
DA:88,0
DA:95,0
DA:96,0
DA:97,0
DA:104,0
DA:105,0
DA:107,0
DA:108,0
DA:109,0
DA:110,0
DA:111,0
DA:113,0
DA:128,0
DA:129,0
DA:131,0
DA:132,0
DA:134,0
DA:135,0
DA:138,0
DA:140,0
DA:142,0
DA:149,0
DA:150,0
DA:152,0
DA:153,0
DA:157,0
DA:159,0
DA:161,0
DA:165,0
DA:167,0
DA:168,0
DA:169,0
DA:171,0
DA:174,0
DA:176,0
DA:178,0
DA:186,0
DA:187,0
DA:188,0
DA:189,0
DA:209,0
DA:211,0
DA:212,0
DA:224,0
DA:231,0
DA:233,0
DA:234,0
DA:236,0
DA:238,0
DA:241,0
DA:249,0
DA:253,0
DA:254,0
DA:255,0
DA:258,0
DA:259,0
DA:260,0
DA:262,0
DA:264,0
DA:269,0
DA:272,0
DA:273,0
DA:274,0
DA:275,0
DA:279,0
DA:282,0
DA:285,0
DA:286,0
DA:288,0
DA:289,0
DA:297,0
DA:309,0
DA:310,0
DA:323,0
DA:324,0
DA:325,0
DA:333,0
DA:337,0
DA:340,0
DA:341,0
DA:342,0
DA:343,0
DA:344,0
DA:346,0
DA:348,0
DA:353,0
DA:402,0
DA:403,0
DA:405,0
DA:406,0
DA:409,0
DA:410,0
DA:414,0
DA:415,0
DA:417,0
DA:419,0
DA:423,0
DA:424,0
DA:426,0
DA:427,0
DA:428,0
DA:433,0
DA:434,0
DA:437,0
DA:440,0
DA:447,0
DA:450,0
DA:455,0
DA:457,0
DA:466,0
DA:475,0
DA:478,0
DA:479,0
DA:480,0
DA:486,0
DA:487,0
DA:488,0
DA:489,0
DA:493,0
DA:497,0
DA:501,0
DA:503,0
DA:505,0
DA:509,0
DA:511,0
DA:512,0
DA:520,0
DA:521,0
DA:524,0
DA:525,0
DA:527,0
DA:529,0
DA:532,0
DA:533,0
DA:535,0
DA:550,0
DA:552,0
DA:557,0
DA:565,0
DA:567,0
DA:568,0
DA:570,0
DA:571,0
DA:572,0
DA:574,0
DA:576,0
DA:577,0
DA:578,0
DA:579,0
DA:581,0
DA:583,0
DA:593,0
DA:594,0
DA:595,0
DA:596,0
DA:597,0
DA:598,0
DA:599,0
DA:603,0
DA:604,0
DA:607,0
DA:611,0
DA:619,0
DA:620,0
DA:623,0
DA:624,0
DA:625,0
DA:626,0
DA:629,0
DA:631,0
DA:633,0
DA:634,0
DA:642,0
DA:652,0
DA:654,0
DA:655,0
DA:656,0
DA:657,0
DA:659,0
DA:660,0
DA:662,0
DA:663,0
DA:665,0
DA:666,0
DA:668,0
DA:669,0
DA:673,0
DA:675,0
DA:676,0
DA:693,0
DA:696,0
DA:699,0
DA:707,0
DA:709,0
DA:710,0
DA:711,0
DA:719,0
DA:721,0
DA:725,0
DA:726,0
DA:731,0
DA:732,0
DA:733,0
DA:734,0
DA:735,0
DA:736,0
DA:737,0
DA:741,0
DA:778,0
DA:785,0
DA:791,0
DA:798,0
DA:801,0
DA:802,0
DA:803,0
DA:804,0
DA:809,0
DA:810,0
DA:811,0
DA:812,0
DA:815,0
DA:818,0
DA:819,0
DA:820,0
DA:822,0
DA:826,0
DA:827,0
DA:828,0
DA:830,0
DA:833,0
DA:834,0
DA:835,0
DA:836,0
DA:837,0
DA:838,0
DA:839,0
DA:840,0
DA:841,0
DA:848,0
DA:850,0
DA:853,0
DA:855,0
DA:856,0
DA:857,0
DA:859,0
DA:862,0
DA:863,0
DA:865,0
DA:868,0
DA:869,0
DA:877,0
DA:878,0
DA:886,0
DA:925,0
DA:934,0
DA:935,0
DA:943,0
DA:946,0
DA:947,0
DA:948,0
DA:949,0
DA:950,0
DA:951,0
DA:953,0
DA:979,0
DA:984,0
DA:985,0
DA:986,0
DA:987,0
DA:988,0
DA:989,0
DA:990,0
DA:991,0
DA:993,0
DA:1021,0
DA:1029,0
DA:1032,0
DA:1035,0
DA:1037,0
DA:1044,0
DA:1047,0
DA:1048,0
DA:1052,0
DA:1053,0
DA:1057,0
DA:1058,0
DA:1062,0
DA:1063,0
DA:1067,0
DA:1068,0
DA:1069,0
DA:1070,0
DA:1073,0
DA:1074,0
DA:1077,0
DA:1083,0
DA:1084,0
DA:1087,0
DA:1092,0
DA:1099,0
DA:1100,0
DA:1101,0
DA:1104,0
DA:1105,0
DA:1107,0
DA:1113,0
DA:1114,0
DA:1115,0
DA:1121,0
DA:1123,0
DA:1151,0
DA:1153,0
DA:1185,0
DA:1187,0
DA:1239,0
DA:1246,0
DA:1250,0
DA:1258,0
DA:1261,0
DA:1263,0
DA:1264,0
DA:1265,0
DA:1266,0
DA:1270,0
DA:1277,0
DA:1280,0
DA:1281,0
DA:1282,0
DA:1285,0
DA:1290,0
DA:1291,0
DA:1297,0
DA:1302,0
DA:1309,0
DA:1310,0
DA:1311,0
DA:1313,0
DA:1315,0
DA:1325,0
DA:1326,0
DA:1327,0
DA:1329,0
DA:1330,0
DA:1331,0
DA:1332,0
DA:1338,0
DA:1339,0
DA:1351,0
DA:1363,0
DA:1366,0
DA:1369,0
DA:1370,0
DA:1371,0
DA:1376,0
DA:1377,0
DA:1379,0
DA:1380,0
DA:1383,0
DA:1385,0
DA:1386,0
DA:1389,0
DA:1390,0
DA:1397,0
DA:1398,0
DA:1399,0
DA:1402,0
DA:1403,0
DA:1404,0
DA:1407,0
DA:1408,0
DA:1412,0
DA:1418,0
DA:1427,0
DA:1428,0
DA:1431,0
DA:1432,0
DA:1441,0
DA:1442,0
DA:1443,0
DA:1444,0
DA:1445,0
DA:1456,0
DA:1460,0
DA:1467,0
DA:1468,0
DA:1469,0
DA:1470,0
DA:1471,0
DA:1472,0
DA:1475,0
DA:1476,0
DA:1477,0
DA:1485,0
DA:1492,0
DA:1494,0
DA:1495,0
DA:1496,0
DA:1499,0
DA:1500,0
DA:1502,0
DA:1503,0
DA:1504,0
DA:1507,0
DA:1514,0
DA:1516,0
DA:1517,0
DA:1518,0
DA:1521,0
DA:1522,0
DA:1524,0
DA:1525,0
DA:1526,0
DA:1529,0
DA:1536,0
DA:1538,0
DA:1539,0
DA:1540,0
DA:1543,0
DA:1544,0
DA:1546,0
DA:1557,0
DA:1559,0
DA:1560,0
DA:1561,0
DA:1564,0
DA:1565,0
DA:1566,0
DA:1567,0
DA:1568,0
DA:1571,0
DA:1572,0
DA:1573,0
DA:1574,0
DA:1576,0
DA:1584,0
DA:1585,0
DA:1586,0
DA:1591,0
DA:1592,0
DA:1593,0
DA:1612,0
DA:1613,0
DA:1614,0
DA:1634,0
DA:1635,0
DA:1636,0
DA:1647,0
DA:1649,0
DA:1650,0
DA:1653,0
DA:1656,0
DA:1657,0
DA:1658,0
DA:1659,0
DA:1662,0
DA:1663,0
DA:1664,0
DA:1665,0
DA:1668,0
DA:1670,0
DA:1672,0
DA:1679,0
DA:1697,0
DA:1701,0
DA:1702,0
DA:1704,0
DA:1705,0
DA:1706,0
DA:1707,0
DA:1708,0
DA:1710,0
DA:1716,0
DA:1717,0
DA:1718,0
DA:1719,0
DA:1722,0
DA:1726,0
DA:1727,0
DA:1728,0
DA:1731,0
DA:1733,0
DA:1736,0
DA:1739,0
DA:1742,0
DA:1743,0
DA:1744,0
DA:1745,0
DA:1746,0
DA:1748,0
DA:1751,0
DA:1754,0
DA:1759,0
DA:1762,0
DA:1763,0
DA:1764,0
DA:1765,0
DA:1767,0
DA:1771,0
DA:1774,0
DA:1775,0
DA:1776,0
DA:1777,0
DA:1778,0
DA:1779,0
DA:1780,0
DA:1788,0
DA:1789,0
DA:1790,0
DA:1793,0
DA:1794,0
DA:1797,0
DA:1798,0
DA:1802,0
DA:1808,0
DA:1817,0
DA:1818,0
DA:1821,0
DA:1822,0
DA:1827,0
DA:1828,0
DA:1829,0
DA:1830,0
DA:1835,0
DA:1836,0
DA:1837,0
LF:556
LH:0
BRDA:37,0,0,0
BRDA:37,0,1,0
BRDA:50,1,0,0
BRDA:50,1,1,0
BRDA:64,2,0,0
BRDA:64,2,1,0
BRDA:105,3,0,0
BRDA:105,3,1,0
BRDA:107,4,0,0
BRDA:107,4,1,0
BRDA:107,5,0,0
BRDA:107,5,1,0
BRDA:128,6,0,0
BRDA:128,6,1,0
BRDA:128,7,0,0
BRDA:128,7,1,0
BRDA:128,7,2,0
BRDA:131,8,0,0
BRDA:131,8,1,0
BRDA:131,9,0,0
BRDA:131,9,1,0
BRDA:131,9,2,0
BRDA:134,10,0,0
BRDA:134,10,1,0
BRDA:134,11,0,0
BRDA:134,11,1,0
BRDA:134,11,2,0
BRDA:150,12,0,0
BRDA:150,12,1,0
BRDA:152,13,0,0
BRDA:152,13,1,0
BRDA:165,14,0,0
BRDA:165,14,1,0
BRDA:167,15,0,0
BRDA:167,15,1,0
BRDA:176,16,0,0
BRDA:176,16,1,0
BRDA:176,17,0,0
BRDA:176,17,1,0
BRDA:190,18,0,0
BRDA:190,18,1,0
BRDA:191,19,0,0
BRDA:191,19,1,0
BRDA:192,20,0,0
BRDA:192,20,1,0
BRDA:193,21,0,0
BRDA:193,21,1,0
BRDA:194,22,0,0
BRDA:194,22,1,0
BRDA:195,23,0,0
BRDA:195,23,1,0
BRDA:196,24,0,0
BRDA:196,24,1,0
BRDA:197,25,0,0
BRDA:197,25,1,0
BRDA:198,26,0,0
BRDA:198,26,1,0
BRDA:199,27,0,0
BRDA:199,27,1,0
BRDA:200,28,0,0
BRDA:200,28,1,0
BRDA:201,29,0,0
BRDA:201,29,1,0
BRDA:202,30,0,0
BRDA:202,30,1,0
BRDA:203,31,0,0
BRDA:203,31,1,0
BRDA:204,32,0,0
BRDA:204,32,1,0
BRDA:205,33,0,0
BRDA:205,33,1,0
BRDA:224,34,0,0
BRDA:224,34,1,0
BRDA:236,35,0,0
BRDA:236,35,1,0
BRDA:253,36,0,0
BRDA:253,36,1,0
BRDA:253,37,0,0
BRDA:253,37,1,0
BRDA:258,38,0,0
BRDA:258,38,1,0
BRDA:258,39,0,0
BRDA:258,39,1,0
BRDA:272,40,0,0
BRDA:272,40,1,0
BRDA:309,41,0,0
BRDA:309,41,1,0
BRDA:314,42,0,0
BRDA:314,42,1,0
BRDA:340,43,0,0
BRDA:340,43,1,0
BRDA:342,44,0,0
BRDA:342,44,1,0
BRDA:344,45,0,0
BRDA:344,45,1,0
BRDA:403,46,0,0
BRDA:403,46,1,0
BRDA:405,47,0,0
BRDA:405,47,1,0
BRDA:405,48,0,0
BRDA:405,48,1,0
BRDA:409,49,0,0
BRDA:409,49,1,0
BRDA:414,50,0,0
BRDA:414,50,1,0
BRDA:423,51,0,0
BRDA:423,51,1,0
BRDA:424,52,0,0
BRDA:424,52,1,0
BRDA:433,53,0,0
BRDA:433,53,1,0
BRDA:437,54,0,0
BRDA:437,54,1,0
BRDA:437,55,0,0
BRDA:437,55,1,0
BRDA:437,55,2,0
BRDA:447,56,0,0
BRDA:447,56,1,0
BRDA:447,57,0,0
BRDA:447,57,1,0
BRDA:447,57,2,0
BRDA:455,58,0,0
BRDA:455,58,1,0
BRDA:455,59,0,0
BRDA:455,59,1,0
BRDA:475,60,0,0
BRDA:475,60,1,0
BRDA:479,61,0,0
BRDA:479,61,1,0
BRDA:486,62,0,0
BRDA:486,62,1,0
BRDA:493,63,0,0
BRDA:493,63,1,0
BRDA:503,64,0,0
BRDA:503,64,1,0
BRDA:503,65,0,0
BRDA:503,65,1,0
BRDA:529,66,0,0
BRDA:529,66,1,0
BRDA:532,67,0,0
BRDA:532,67,1,0
BRDA:537,68,0,0
BRDA:537,68,1,0
BRDA:538,69,0,0
BRDA:538,69,1,0
BRDA:540,70,0,0
BRDA:540,70,1,0
BRDA:541,71,0,0
BRDA:541,71,1,0
BRDA:542,72,0,0
BRDA:542,72,1,0
BRDA:543,73,0,0
BRDA:543,73,1,0
BRDA:544,74,0,0
BRDA:544,74,1,0
BRDA:545,75,0,0
BRDA:545,75,1,0
BRDA:565,76,0,0
BRDA:565,76,1,0
BRDA:565,77,0,0
BRDA:565,77,1,0
BRDA:572,78,0,0
BRDA:572,78,1,0
BRDA:581,79,0,0
BRDA:581,79,1,0
BRDA:581,80,0,0
BRDA:581,80,1,0
BRDA:595,81,0,0
BRDA:595,81,1,0
BRDA:597,82,0,0
BRDA:597,82,1,0
BRDA:599,83,0,0
BRDA:599,83,1,0
BRDA:603,84,0,0
BRDA:603,84,1,0
BRDA:603,85,0,0
BRDA:603,85,1,0
BRDA:619,86,0,0
BRDA:619,86,1,0
BRDA:619,87,0,0
BRDA:619,87,1,0
BRDA:626,88,0,0
BRDA:626,88,1,0
BRDA:659,89,0,0
BRDA:659,89,1,0
BRDA:662,90,0,0
BRDA:662,90,1,0
BRDA:665,91,0,0
BRDA:665,91,1,0
BRDA:668,92,0,0
BRDA:668,92,1,0
BRDA:719,93,0,0
BRDA:719,93,1,0
BRDA:721,94,0,0
BRDA:721,94,1,0
BRDA:721,95,0,0
BRDA:721,95,1,0
BRDA:726,96,0,0
BRDA:726,96,1,0
BRDA:732,97,0,0
BRDA:732,97,1,0
BRDA:734,98,0,0
BRDA:734,98,1,0
BRDA:734,99,0,0
BRDA:734,99,1,0
BRDA:735,100,0,0
BRDA:735,100,1,0
BRDA:735,101,0,0
BRDA:735,101,1,0
BRDA:736,102,0,0
BRDA:736,102,1,0
BRDA:747,103,0,0
BRDA:747,103,1,0
BRDA:791,104,0,0
BRDA:791,104,1,0
BRDA:804,105,0,0
BRDA:804,105,1,0
BRDA:810,106,0,0
BRDA:810,106,1,0
BRDA:811,107,0,0
BRDA:811,107,1,0
BRDA:812,108,0,0
BRDA:812,108,1,0
BRDA:815,109,0,0
BRDA:815,109,1,0
BRDA:819,110,0,0
BRDA:819,110,1,0
BRDA:819,111,0,0
BRDA:819,111,1,0
BRDA:819,111,2,0
BRDA:827,112,0,0
BRDA:827,112,1,0
BRDA:827,113,0,0
BRDA:827,113,1,0
BRDA:827,113,2,0
BRDA:850,114,0,0
BRDA:850,114,1,0
BRDA:868,115,0,0
BRDA:868,115,1,0
BRDA:868,116,0,0
BRDA:868,116,1,0
BRDA:868,116,2,0
BRDA:890,117,0,0
BRDA:890,117,1,0
BRDA:914,118,0,0
BRDA:914,118,1,0
BRDA:934,119,0,0
BRDA:934,119,1,0
BRDA:934,120,0,0
BRDA:934,120,1,0
BRDA:946,121,0,0
BRDA:946,121,1,0
BRDA:986,122,0,0
BRDA:986,122,1,0
BRDA:987,123,0,0
BRDA:987,123,1,0
BRDA:988,124,0,0
BRDA:988,124,1,0
BRDA:989,125,0,0
BRDA:989,125,1,0
BRDA:990,126,0,0
BRDA:990,126,1,0
BRDA:991,127,0,0
BRDA:991,127,1,0
BRDA:1003,128,0,0
BRDA:1003,128,1,0
BRDA:1047,129,0,0
BRDA:1047,129,1,0
BRDA:1052,130,0,0
BRDA:1052,130,1,0
BRDA:1057,131,0,0
BRDA:1057,131,1,0
BRDA:1057,132,0,0
BRDA:1057,132,1,0
BRDA:1062,133,0,0
BRDA:1062,133,1,0
BRDA:1062,134,0,0
BRDA:1062,134,1,0
BRDA:1069,135,0,0
BRDA:1069,135,1,0
BRDA:1073,136,0,0
BRDA:1073,136,1,0
BRDA:1099,137,0,0
BRDA:1099,137,1,0
BRDA:1100,138,0,0
BRDA:1100,138,1,0
BRDA:1101,139,0,0
BRDA:1101,139,1,0
BRDA:1105,140,0,0
BRDA:1105,140,1,0
BRDA:1109,141,0,0
BRDA:1109,141,1,0
BRDA:1113,142,0,0
BRDA:1113,142,1,0
BRDA:1121,143,0,0
BRDA:1121,143,1,0
BRDA:1130,144,0,0
BRDA:1130,144,1,0
BRDA:1130,145,0,0
BRDA:1130,145,1,0
BRDA:1140,146,0,0
BRDA:1140,146,1,0
BRDA:1151,147,0,0
BRDA:1151,147,1,0
BRDA:1179,148,0,0
BRDA:1179,148,1,0
BRDA:1179,149,0,0
BRDA:1179,149,1,0
BRDA:1185,150,0,0
BRDA:1185,150,1,0
BRDA:1200,151,0,0
BRDA:1200,151,1,0
BRDA:1231,152,0,0
BRDA:1231,152,1,0
BRDA:1231,153,0,0
BRDA:1231,153,1,0
BRDA:1241,154,0,0
BRDA:1241,154,1,0
BRDA:1277,155,0,0
BRDA:1277,155,1,0
BRDA:1282,156,0,0
BRDA:1282,156,1,0
BRDA:1310,157,0,0
BRDA:1310,157,1,0
BRDA:1331,158,0,0
BRDA:1331,158,1,0
BRDA:1335,159,0,0
BRDA:1335,159,1,0
BRDA:1362,160,0,0
BRDA:1369,161,0,0
BRDA:1369,161,1,0
BRDA:1385,162,0,0
BRDA:1385,162,1,0
BRDA:1386,163,0,0
BRDA:1386,163,1,0
BRDA:1397,164,0,0
BRDA:1397,164,1,0
BRDA:1397,165,0,0
BRDA:1397,165,1,0
BRDA:1402,166,0,0
BRDA:1402,166,1,0
BRDA:1439,167,0,0
BRDA:1442,168,0,0
BRDA:1442,168,1,0
BRDA:1467,169,0,0
BRDA:1467,169,1,0
BRDA:1475,170,0,0
BRDA:1475,170,1,0
BRDA:1475,171,0,0
BRDA:1475,171,1,0
BRDA:1494,172,0,0
BRDA:1494,172,1,0
BRDA:1499,173,0,0
BRDA:1499,173,1,0
BRDA:1500,174,0,0
BRDA:1500,174,1,0
BRDA:1502,175,0,0
BRDA:1502,175,1,0
BRDA:1516,176,0,0
BRDA:1516,176,1,0
BRDA:1521,177,0,0
BRDA:1521,177,1,0
BRDA:1522,178,0,0
BRDA:1522,178,1,0
BRDA:1524,179,0,0
BRDA:1524,179,1,0
BRDA:1538,180,0,0
BRDA:1538,180,1,0
BRDA:1543,181,0,0
BRDA:1543,181,1,0
BRDA:1544,182,0,0
BRDA:1544,182,1,0
BRDA:1559,183,0,0
BRDA:1559,183,1,0
BRDA:1564,184,0,0
BRDA:1564,184,1,0
BRDA:1565,185,0,0
BRDA:1565,185,1,0
BRDA:1566,186,0,0
BRDA:1566,186,1,0
BRDA:1567,187,0,0
BRDA:1567,187,1,0
BRDA:1568,188,0,0
BRDA:1568,188,1,0
BRDA:1573,189,0,0
BRDA:1573,189,1,0
BRDA:1574,190,0,0
BRDA:1574,190,1,0
BRDA:1577,191,0,0
BRDA:1577,191,1,0
BRDA:1584,192,0,0
BRDA:1584,192,1,0
BRDA:1585,193,0,0
BRDA:1585,193,1,0
BRDA:1586,194,0,0
BRDA:1586,194,1,0
BRDA:1591,195,0,0
BRDA:1591,195,1,0
BRDA:1608,196,0,0
BRDA:1608,196,1,0
BRDA:1612,197,0,0
BRDA:1612,197,1,0
BRDA:1630,198,0,0
BRDA:1630,198,1,0
BRDA:1634,199,0,0
BRDA:1634,199,1,0
BRDA:1640,200,0,0
BRDA:1640,200,1,0
BRDA:1647,201,0,0
BRDA:1647,201,1,0
BRDA:1647,202,0,0
BRDA:1647,202,1,0
BRDA:1656,203,0,0
BRDA:1656,203,1,0
BRDA:1656,204,0,0
BRDA:1656,204,1,0
BRDA:1662,205,0,0
BRDA:1662,205,1,0
BRDA:1662,206,0,0
BRDA:1662,206,1,0
BRDA:1683,207,0,0
BRDA:1683,207,1,0
BRDA:1684,208,0,0
BRDA:1684,208,1,0
BRDA:1685,209,0,0
BRDA:1685,209,1,0
BRDA:1689,210,0,0
BRDA:1689,210,1,0
BRDA:1694,211,0,0
BRDA:1694,211,1,0
BRDA:1694,212,0,0
BRDA:1694,212,1,0
BRDA:1704,213,0,0
BRDA:1704,213,1,0
BRDA:1716,214,0,0
BRDA:1716,214,1,0
BRDA:1731,215,0,0
BRDA:1731,215,1,0
BRDA:1743,216,0,0
BRDA:1743,216,1,0
BRDA:1745,217,0,0
BRDA:1745,217,1,0
BRDA:1765,218,0,0
BRDA:1765,218,1,0
BRDA:1788,219,0,0
BRDA:1788,219,1,0
BRDA:1788,220,0,0
BRDA:1788,220,1,0
BRDA:1793,221,0,0
BRDA:1793,221,1,0
BRDA:1829,222,0,0
BRDA:1829,222,1,0
BRF:452
BRH:0
end_of_record
TN:
SF:script.js
FN:2,(anonymous_0)
FN:30,generateQuoteId
FN:50,initializeForm
FN:59,initializeGoogleMaps
FN:72,(anonymous_4)
FN:81,initAllAutocomplete
FN:84,(anonymous_6)
FN:92,initAutocompleteForInput
FN:102,(anonymous_8)
FN:120,setupEventListeners
FN:128,(anonymous_10)
FN:150,addDateTimeGroup
FN:229,removeDateTimeGroup
FN:241,addDropoffLocation
FN:274,removeDropoffLocation
FN:290,calculateBookingHours
FN:313,computeRouteInformation
FN:388,(anonymous_17)
FN:425,getDistanceAndTime
FN:426,(anonymous_19)
FN:437,(anonymous_20)
FN:482,showRouteSummary
FN:483,(anonymous_22)
FN:530,(anonymous_23)
FN:575,(anonymous_24)
FN:588,(anonymous_25)
FN:605,(anonymous_26)
FN:653,(anonymous_27)
FN:660,(anonymous_28)
FN:668,(anonymous_29)
FN:680,formatRouteInformation
FN:698,(anonymous_31)
FN:711,(anonymous_32)
FN:730,handleFormSubmit
FN:828,collectFormData
FN:844,(anonymous_35)
FN:866,(anonymous_36)
FN:896,validateFormData
FN:904,(anonymous_38)
FN:923,submitToGoogleForms
FN:929,(anonymous_40)
FN:934,(anonymous_41)
FN:935,(anonymous_42)
FN:1014,showStatusMessage
FN:1027,sendConfirmationEmail
FN:1068,sendAdminNotification
FN:1123,formatTripDaysForEmail
FN:1124,(anonymous_47)
FN:1126,(anonymous_48)
FNF:49
FNH:0
FNDA:0,(anonymous_0)
FNDA:0,generateQuoteId
FNDA:0,initializeForm
FNDA:0,initializeGoogleMaps
FNDA:0,(anonymous_4)
FNDA:0,initAllAutocomplete
FNDA:0,(anonymous_6)
FNDA:0,initAutocompleteForInput
FNDA:0,(anonymous_8)
FNDA:0,setupEventListeners
FNDA:0,(anonymous_10)
FNDA:0,addDateTimeGroup
FNDA:0,removeDateTimeGroup
FNDA:0,addDropoffLocation
FNDA:0,removeDropoffLocation
FNDA:0,calculateBookingHours
FNDA:0,computeRouteInformation
FNDA:0,(anonymous_17)
FNDA:0,getDistanceAndTime
FNDA:0,(anonymous_19)
FNDA:0,(anonymous_20)
FNDA:0,showRouteSummary
FNDA:0,(anonymous_22)
FNDA:0,(anonymous_23)
FNDA:0,(anonymous_24)
FNDA:0,(anonymous_25)
FNDA:0,(anonymous_26)
FNDA:0,(anonymous_27)
FNDA:0,(anonymous_28)
FNDA:0,(anonymous_29)
FNDA:0,formatRouteInformation
FNDA:0,(anonymous_31)
FNDA:0,(anonymous_32)
FNDA:0,handleFormSubmit
FNDA:0,collectFormData
FNDA:0,(anonymous_35)
FNDA:0,(anonymous_36)
FNDA:0,validateFormData
FNDA:0,(anonymous_38)
FNDA:0,submitToGoogleForms
FNDA:0,(anonymous_40)
FNDA:0,(anonymous_41)
FNDA:0,(anonymous_42)
FNDA:0,showStatusMessage
FNDA:0,sendConfirmationEmail
FNDA:0,sendAdminNotification
FNDA:0,formatTripDaysForEmail
FNDA:0,(anonymous_47)
FNDA:0,(anonymous_48)
DA:2,0
DA:4,0
DA:5,0
DA:6,0
DA:10,0
DA:11,0
DA:14,0
DA:17,0
DA:31,0
DA:32,0
DA:33,0
DA:34,0
DA:35,0
DA:38,0
DA:39,0
DA:40,0
DA:41,0
DA:44,0
DA:52,0
DA:53,0
DA:61,0
DA:62,0
DA:63,0
DA:67,0
DA:68,0
DA:69,0
DA:70,0
DA:71,0
DA:72,0
DA:73,0
DA:75,0
DA:82,0
DA:84,0
DA:85,0
DA:93,0
DA:95,0
DA:96,0
DA:102,0
DA:103,0
DA:104,0
DA:105,0
DA:113,0
DA:122,0
DA:123,0
DA:124,0
DA:128,0
DA:129,0
DA:130,0
DA:131,0
DA:133,0
DA:134,0
DA:135,0
DA:136,0
DA:141,0
DA:142,0
DA:143,0
DA:151,0
DA:152,0
DA:153,0
DA:156,0
DA:158,0
DA:215,0
DA:218,0
DA:219,0
DA:220,0
DA:221,0
DA:222,0
DA:230,0
DA:231,0
DA:232,0
DA:234,0
DA:242,0
DA:243,0
DA:245,0
DA:247,0
DA:262,0
DA:265,0
DA:266,0
DA:267,0
DA:275,0
DA:276,0
DA:278,0
DA:279,0
DA:280,0
DA:291,0
DA:292,0
DA:294,0
DA:295,0
DA:297,0
DA:300,0
DA:301,0
DA:304,0
DA:305,0
DA:307,0
DA:314,0
DA:315,0
DA:318,0
DA:319,0
DA:320,0
DA:330,0
DA:331,0
DA:332,0
DA:334,0
DA:353,0
DA:354,0
DA:357,0
DA:358,0
DA:359,0
DA:362,0
DA:364,0
DA:365,0
DA:370,0
DA:373,0
DA:374,0
DA:375,0
DA:376,0
DA:382,0
DA:383,0
DA:387,0
DA:388,0
DA:391,0
DA:392,0
DA:401,0
DA:402,0
DA:403,0
DA:404,0
DA:405,0
DA:407,0
DA:408,0
DA:409,0
DA:411,0
DA:412,0
DA:414,0
DA:418,0
DA:419,0
DA:426,0
DA:427,0
DA:428,0
DA:438,0
DA:439,0
DA:440,0
DA:441,0
DA:442,0
DA:448,0
DA:449,0
DA:451,0
DA:453,0
DA:454,0
DA:456,0
DA:457,0
DA:459,0
DA:460,0
DA:462,0
DA:465,0
DA:466,0
DA:467,0
DA:470,0
DA:471,0
DA:472,0
DA:483,0
DA:484,0
DA:485,0
DA:486,0
DA:487,0
DA:491,0
DA:492,0
DA:506,0
DA:507,0
DA:518,0
DA:519,0
DA:520,0
DA:521,0
DA:522,0
DA:525,0
DA:526,0
DA:527,0
DA:530,0
DA:531,0
DA:533,0
DA:546,0
DA:547,0
DA:562,0
DA:563,0
DA:564,0
DA:575,0
DA:576,0
DA:577,0
DA:578,0
DA:579,0
DA:582,0
DA:583,0
DA:584,0
DA:585,0
DA:588,0
DA:589,0
DA:590,0
DA:591,0
DA:594,0
DA:605,0
DA:617,0
DA:648,0
DA:649,0
DA:650,0
DA:653,0
DA:654,0
DA:655,0
DA:657,0
DA:660,0
DA:661,0
DA:662,0
DA:664,0
DA:668,0
DA:669,0
DA:670,0
DA:671,0
DA:681,0
DA:683,0
DA:684,0
DA:685,0
DA:686,0
DA:687,0
DA:689,0
DA:698,0
DA:699,0
DA:700,0
DA:701,0
DA:702,0
DA:704,0
DA:711,0
DA:713,0
DA:715,0
DA:716,0
DA:717,0
DA:721,0
DA:724,0
DA:731,0
DA:733,0
DA:734,0
DA:735,0
DA:736,0
DA:739,0
DA:740,0
DA:741,0
DA:742,0
DA:744,0
DA:746,0
DA:749,0
DA:750,0
DA:754,0
DA:755,0
DA:756,0
DA:757,0
DA:758,0
DA:760,0
DA:762,0
DA:763,0
DA:766,0
DA:767,0
DA:771,0
DA:772,0
DA:773,0
DA:774,0
DA:778,0
DA:781,0
DA:784,0
DA:785,0
DA:786,0
DA:788,0
DA:794,0
DA:795,0
DA:796,0
DA:798,0
DA:804,0
DA:809,0
DA:812,0
DA:813,0
DA:814,0
DA:818,0
DA:819,0
DA:820,0
DA:821,0
DA:829,0
DA:830,0
DA:843,0
DA:844,0
DA:845,0
DA:846,0
DA:847,0
DA:848,0
DA:849,0
DA:850,0
DA:852,0
DA:853,0
DA:863,0
DA:864,0
DA:865,0
DA:866,0
DA:867,0
DA:868,0
DA:869,0
DA:870,0
DA:871,0
DA:877,0
DA:882,0
DA:883,0
DA:884,0
DA:885,0
DA:886,0
DA:887,0
DA:888,0
DA:890,0
DA:898,0
DA:901,0
DA:902,0
DA:903,0
DA:904,0
DA:907,0
DA:908,0
DA:909,0
DA:910,0
DA:911,0
DA:914,0
DA:915,0
DA:917,0
DA:925,0
DA:927,0
DA:928,0
DA:929,0
DA:930,0
DA:934,0
DA:935,0
DA:936,0
DA:937,0
DA:943,0
DA:946,0
DA:950,0
DA:951,0
DA:953,0
DA:954,0
DA:956,0
DA:957,0
DA:959,0
DA:960,0
DA:962,0
DA:963,0
DA:965,0
DA:966,0
DA:968,0
DA:969,0
DA:971,0
DA:972,0
DA:975,0
DA:978,0
DA:979,0
DA:982,0
DA:983,0
DA:989,0
DA:990,0
DA:1000,0
DA:1002,0
DA:1004,0
DA:1005,0
DA:1015,0
DA:1016,0
DA:1017,0
DA:1018,0
DA:1021,0
DA:1028,0
DA:1029,0
DA:1030,0
DA:1033,0
DA:1052,0
DA:1053,0
DA:1058,0
DA:1060,0
DA:1061,0
DA:1069,0
DA:1070,0
DA:1071,0
DA:1075,0
DA:1076,0
DA:1077,0
DA:1081,0
DA:1082,0
DA:1083,0
DA:1086,0
DA:1107,0
DA:1108,0
DA:1113,0
DA:1115,0
DA:1116,0
DA:1124,0
DA:1125,0
DA:1126,0
DA:1128,0
DA:1136,0
LF:396
LH:0
BRDA:61,0,0,0
BRDA:61,0,1,0
BRDA:61,1,0,0
BRDA:61,1,1,0
BRDA:93,2,0,0
BRDA:93,2,1,0
BRDA:93,3,0,0
BRDA:93,3,1,0
BRDA:104,4,0,0
BRDA:104,4,1,0
BRDA:123,5,0,0
BRDA:123,5,1,0
BRDA:129,6,0,0
BRDA:129,6,1,0
BRDA:133,7,0,0
BRDA:133,7,1,0
BRDA:142,8,0,0
BRDA:142,8,1,0
BRDA:218,9,0,0
BRDA:218,9,1,0
BRDA:221,10,0,0
BRDA:221,10,1,0
BRDA:222,11,0,0
BRDA:222,11,1,0
BRDA:231,12,0,0
BRDA:231,12,1,0
BRDA:243,13,0,0
BRDA:243,13,1,0
BRDA:265,14,0,0
BRDA:265,14,1,0
BRDA:267,15,0,0
BRDA:267,15,1,0
BRDA:276,16,0,0
BRDA:276,16,1,0
BRDA:279,17,0,0
BRDA:279,17,1,0
BRDA:290,18,0,0
BRDA:300,19,0,0
BRDA:300,19,1,0
BRDA:300,20,0,0
BRDA:300,20,1,0
BRDA:314,21,0,0
BRDA:314,21,1,0
BRDA:314,22,0,0
BRDA:314,22,1,0
BRDA:314,22,2,0
BRDA:339,23,0,0
BRDA:339,23,1,0
BRDA:362,24,0,0
BRDA:362,24,1,0
BRDA:362,25,0,0
BRDA:362,25,1,0
BRDA:362,25,2,0
BRDA:362,25,3,0
BRDA:362,25,4,0
BRDA:362,25,5,0
BRDA:375,26,0,0
BRDA:375,26,1,0
BRDA:387,27,0,0
BRDA:387,27,1,0
BRDA:387,28,0,0
BRDA:387,28,1,0
BRDA:395,29,0,0
BRDA:395,29,1,0
BRDA:411,30,0,0
BRDA:411,30,1,0
BRDA:438,31,0,0
BRDA:438,31,1,0
BRDA:440,32,0,0
BRDA:440,32,1,0
BRDA:440,33,0,0
BRDA:440,33,1,0
BRDA:451,34,0,0
BRDA:451,34,1,0
BRDA:451,34,2,0
BRDA:451,34,3,0
BRDA:462,35,0,0
BRDA:462,35,1,0
BRDA:485,36,0,0
BRDA:485,36,1,0
BRDA:530,37,0,0
BRDA:530,37,1,0
BRDA:537,38,0,0
BRDA:537,38,1,0
BRDA:538,39,0,0
BRDA:538,39,1,0
BRDA:546,40,0,0
BRDA:546,40,1,0
BRDA:550,41,0,0
BRDA:550,41,1,0
BRDA:562,42,0,0
BRDA:562,42,1,0
BRDA:562,43,0,0
BRDA:562,43,1,0
BRDA:563,44,0,0
BRDA:563,44,1,0
BRDA:579,45,0,0
BRDA:579,45,1,0
BRDA:585,46,0,0
BRDA:585,46,1,0
BRDA:595,47,0,0
BRDA:595,47,1,0
BRDA:595,48,0,0
BRDA:595,48,1,0
BRDA:595,49,0,0
BRDA:595,49,1,0
BRDA:595,50,0,0
BRDA:595,50,1,0
BRDA:598,51,0,0
BRDA:598,51,1,0
BRDA:599,52,0,0
BRDA:599,52,1,0
BRDA:601,53,0,0
BRDA:601,53,1,0
BRDA:602,54,0,0
BRDA:602,54,1,0
BRDA:654,55,0,0
BRDA:654,55,1,0
BRDA:661,56,0,0
BRDA:661,56,1,0
BRDA:669,57,0,0
BRDA:669,57,1,0
BRDA:669,58,0,0
BRDA:669,58,1,0
BRDA:681,59,0,0
BRDA:681,59,1,0
BRDA:702,60,0,0
BRDA:702,60,1,0
BRDA:713,61,0,0
BRDA:713,61,1,0
BRDA:713,62,0,0
BRDA:713,62,1,0
BRDA:713,62,2,0
BRDA:713,62,3,0
BRDA:713,62,4,0
BRDA:713,62,5,0
BRDA:713,62,6,0
BRDA:713,62,7,0
BRDA:713,62,8,0
BRDA:749,63,0,0
BRDA:749,63,1,0
BRDA:754,64,0,0
BRDA:754,64,1,0
BRDA:754,65,0,0
BRDA:754,65,1,0
BRDA:754,65,2,0
BRDA:754,65,3,0
BRDA:771,66,0,0
BRDA:771,66,1,0
BRDA:771,67,0,0
BRDA:771,67,1,0
BRDA:773,68,0,0
BRDA:773,68,1,0
BRDA:784,69,0,0
BRDA:784,69,1,0
BRDA:784,70,0,0
BRDA:784,70,1,0
BRDA:794,71,0,0
BRDA:794,71,1,0
BRDA:794,72,0,0
BRDA:794,72,1,0
BRDA:794,72,2,0
BRDA:813,73,0,0
BRDA:813,73,1,0
BRDA:814,74,0,0
BRDA:814,74,1,0
BRDA:852,75,0,0
BRDA:852,75,1,0
BRDA:852,76,0,0
BRDA:852,76,1,0
BRDA:852,76,2,0
BRDA:852,76,3,0
BRDA:857,77,0,0
BRDA:857,77,1,0
BRDA:864,78,0,0
BRDA:864,78,1,0
BRDA:868,79,0,0
BRDA:868,79,1,0
BRDA:870,80,0,0
BRDA:870,80,1,0
BRDA:870,81,0,0
BRDA:870,81,1,0
BRDA:870,81,2,0
BRDA:886,82,0,0
BRDA:886,82,1,0
BRDA:888,83,0,0
BRDA:888,83,1,0
BRDA:898,84,0,0
BRDA:898,84,1,0
BRDA:902,85,0,0
BRDA:902,85,1,0
BRDA:902,86,0,0
BRDA:902,86,1,0
BRDA:902,86,2,0
BRDA:903,87,0,0
BRDA:903,87,1,0
BRDA:904,88,0,0
BRDA:904,88,1,0
BRDA:904,89,0,0
BRDA:904,89,1,0
BRDA:907,90,0,0
BRDA:907,90,1,0
BRDA:907,91,0,0
BRDA:907,91,1,0
BRDA:908,92,0,0
BRDA:908,92,1,0
BRDA:909,93,0,0
BRDA:909,93,1,0
BRDA:910,94,0,0
BRDA:910,94,1,0
BRDA:911,95,0,0
BRDA:911,95,1,0
BRDA:915,96,0,0
BRDA:915,96,1,0
BRDA:925,97,0,0
BRDA:925,97,1,0
BRDA:925,98,0,0
BRDA:925,98,1,0
BRDA:936,99,0,0
BRDA:936,99,1,0
BRDA:950,100,0,0
BRDA:950,100,1,0
BRDA:953,101,0,0
BRDA:953,101,1,0
BRDA:956,102,0,0
BRDA:956,102,1,0
BRDA:959,103,0,0
BRDA:959,103,1,0
BRDA:962,104,0,0
BRDA:962,104,1,0
BRDA:965,105,0,0
BRDA:965,105,1,0
BRDA:968,106,0,0
BRDA:968,106,1,0
BRDA:971,107,0,0
BRDA:971,107,1,0
BRDA:975,108,0,0
BRDA:975,108,1,0
BRDA:978,109,0,0
BRDA:978,109,1,0
BRDA:982,110,0,0
BRDA:982,110,1,0
BRDA:982,111,0,0
BRDA:982,111,1,0
BRDA:1028,112,0,0
BRDA:1028,112,1,0
BRDA:1038,113,0,0
BRDA:1038,113,1,0
BRDA:1042,114,0,0
BRDA:1042,114,1,0
BRDA:1069,115,0,0
BRDA:1069,115,1,0
BRDA:1075,116,0,0
BRDA:1075,116,1,0
BRDA:1082,117,0,0
BRDA:1082,117,1,0
BRDA:1092,118,0,0
BRDA:1092,118,1,0
BRDA:1096,119,0,0
BRDA:1096,119,1,0
BRDA:1097,120,0,0
BRDA:1097,120,1,0
BRDA:1125,121,0,0
BRDA:1125,121,1,0
BRF:264
BRH:0
end_of_record
